{"meta": {"format": 3, "version": "7.13.5", "timestamp": "2026-04-05T15:50:18.658006", "branch_coverage": false, "show_contexts": false}, "files": {"src/nanasqlite/__init__.py": {"executed_lines": [24, 26, 27, 28, 29, 30, 40, 41, 43, 44, 45], "summary": {"covered_lines": 11, "num_statements": 11, "percent_covered": 100.0, "percent_covered_display": "100", "missing_lines": 0, "excluded_lines": 0, "percent_statements_covered": 100.0, "percent_statements_covered_display": "100"}, "missing_lines": [], "excluded_lines": [], "functions": {"": {"executed_lines": [24, 26, 27, 28, 29, 30, 40, 41, 43, 44, 45], "summary": {"covered_lines": 11, "num_statements": 11, "percent_covered": 100.0, "percent_covered_display": "100", "missing_lines": 0, "excluded_lines": 0, "percent_statements_covered": 100.0, "percent_statements_covered_display": "100"}, "missing_lines": [], "excluded_lines": [], "start_line": 1}}, "classes": {"": {"executed_lines": [24, 26, 27, 28, 29, 30, 40, 41, 43, 44, 45], "summary": {"covered_lines": 11, "num_statements": 11, "percent_covered": 100.0, "percent_covered_display": "100", "missing_lines": 0, "excluded_lines": 0, "percent_statements_covered": 100.0, "percent_statements_covered_display": "100"}, "missing_lines": [], "excluded_lines": [], "start_line": 1}}}, "src/nanasqlite/async_core.py": {"executed_lines": [24, 26, 27, 28, 29, 30, 31, 32, 33, 35, 37, 38, 41, 44, 47, 50, 56, 57, 60, 101, 134, 135, 136, 137, 138, 139, 140, 141, 142, 143, 144, 146, 147, 148, 149, 150, 151, 152, 154, 155, 156, 157, 158, 159, 160, 161, 162, 163, 164, 165, 166, 167, 168, 169, 170, 171, 172, 173, 174, 175, 179, 186, 187, 188, 189, 190, 191, 193, 194, 195, 198, 199, 200, 201, 203, 205, 206, 208, 209, 210, 212, 213, 215, 216, 217, 219, 220, 222, 223, 224, 226, 233, 234, 240, 242, 243, 244, 245, 247, 248, 251, 252, 254, 256, 260, 261, 262, 293, 294, 296, 298, 299, 301, 302, 305, 306, 307, 308, 310, 311, 312, 314, 316, 317, 322, 323, 324, 325, 328, 329, 330, 331, 333, 335, 337, 338, 339, 343, 358, 359, 360, 362, 373, 374, 375, 377, 390, 391, 392, 394, 408, 409, 411, 412, 414, 424, 425, 426, 428, 438, 439, 440, 442, 452, 453, 454, 456, 466, 467, 468, 470, 485, 486, 487, 489, 501, 502, 505, 506, 508, 510, 518, 519, 522, 523, 525, 527, 534, 535, 536, 540, 548, 549, 550, 552, 560, 561, 562, 564, 572, 573, 574, 576, 585, 586, 587, 589, 603, 604, 605, 607, 632, 636, 643, 644, 645, 647, 658, 659, 660, 662, 675, 676, 677, 679, 693, 694, 695, 697, 710, 711, 712, 714, 724, 725, 726, 728, 738, 739, 740, 742, 752, 753, 754, 756, 770, 771, 772, 774, 787, 788, 789, 793, 809, 810, 811, 813, 827, 828, 829, 833, 847, 848, 849, 851, 865, 866, 867, 869, 883, 885, 886, 887, 888, 890, 891, 893, 907, 909, 910, 911, 912, 914, 915, 919, 938, 939, 940, 944, 960, 961, 962, 966, 1007, 1009, 1010, 1027, 1073, 1076, 1077, 1094, 1107, 1108, 1109, 1111, 1121, 1122, 1123, 1125, 1136, 1137, 1138, 1140, 1151, 1152, 1153, 1155, 1173, 1174, 1175, 1177, 1197, 1198, 1199, 1201, 1216, 1217, 1218, 1220, 1262, 1269, 1270, 1271, 1275, 1288, 1289, 1290, 1292, 1299, 1300, 1301, 1303, 1310, 1311, 1312, 1314, 1325, 1326, 1327, 1329, 1339, 1343, 1345, 1346, 1348, 1350, 1351, 1353, 1359, 1361, 1362, 1364, 1368, 1377, 1380, 1381, 1382, 1383, 1385, 1388, 1389, 1390, 1393, 1394, 1395, 1396, 1397, 1398, 1399, 1401, 1416, 1419, 1420, 1421, 1422, 1424, 1426, 1427, 1429, 1431, 1433, 1434, 1435, 1439, 1440, 1452, 1454, 1502, 1503, 1505, 1506, 1512, 1513, 1514, 1515, 1516, 1517, 1518, 1519, 1520, 1521, 1522, 1523, 1524, 1525, 1527, 1528, 1529, 1530, 1532, 1534, 1535, 1537, 1538, 1539, 1540, 1542, 1543, 1545, 1546, 1547, 1548, 1549, 1550, 1552, 1553, 1556, 1557, 1558, 1563, 1564, 1565, 1566, 1567, 1568, 1569, 1570, 1571, 1572, 1573, 1574, 1575, 1576, 1577, 1579, 1590, 1601, 1616, 1630, 1644, 1659, 1673, 1674, 1675, 1677, 1678, 1679, 1680, 1681, 1682, 1683, 1684, 1685, 1686, 1687, 1688, 1689, 1691, 1707, 1710, 1718, 1719, 1720, 1721, 1722, 1723, 1726, 1727, 1729, 1730, 1731, 1732, 1734, 1735, 1738, 1739, 1741, 1744, 1745, 1746, 1747, 1748, 1751, 1752, 1753, 1754, 1755, 1756, 1757, 1758, 1759, 1760, 1761, 1764, 1765, 1766, 1767, 1770, 1771, 1772, 1773, 1775, 1777, 1778, 1779, 1785, 1786, 1787, 1789, 1790, 1791, 1792, 1793, 1794, 1795, 1796, 1797, 1798, 1801, 1804, 1805, 1807, 1808, 1809, 1811, 1812, 1813, 1815, 1816], "summary": {"covered_lines": 549, "num_statements": 596, "percent_covered": 92.11409395973155, "percent_covered_display": "92", "missing_lines": 47, "excluded_lines": 2, "percent_statements_covered": 92.11409395973155, "percent_statements_covered_display": "92"}, "missing_lines": [180, 181, 182, 183, 184, 236, 237, 238, 257, 410, 626, 627, 628, 629, 1074, 1248, 1249, 1250, 1360, 1366, 1378, 1402, 1404, 1409, 1411, 1430, 1586, 1587, 1588, 1597, 1598, 1599, 1612, 1613, 1614, 1626, 1627, 1628, 1640, 1641, 1642, 1653, 1654, 1655, 1740, 1742, 1782], "excluded_lines": [61, 1330], "functions": {"AsyncNanaSQLite.__init__": {"executed_lines": [134, 135, 136, 137, 138, 139, 140, 141, 142, 143, 144, 146, 147, 148, 149, 150, 151, 152, 154, 155, 156, 157, 158, 159, 160, 161, 162, 163, 164, 165, 166, 167, 168, 169, 170, 171, 172, 173, 174, 175, 179, 186, 187, 188, 189, 190, 191, 193, 194, 195, 198, 199, 200, 201, 203], "summary": {"covered_lines": 55, "num_statements": 60, "percent_covered": 91.66666666666667, "percent_covered_display": "92", "missing_lines": 5, "excluded_lines": 0, "percent_statements_covered": 91.66666666666667, "percent_statements_covered_display": "92"}, "missing_lines": [180, 181, 182, 183, 184], "excluded_lines": [], "start_line": 101}, "AsyncNanaSQLite._validator": {"executed_lines": [208, 209, 210], "summary": {"covered_lines": 3, "num_statements": 3, "percent_covered": 100.0, "percent_covered_display": "100", "missing_lines": 0, "excluded_lines": 0, "percent_statements_covered": 100.0, "percent_statements_covered_display": "100"}, "missing_lines": [], "excluded_lines": [], "start_line": 206}, "AsyncNanaSQLite._coerce": {"executed_lines": [215, 216, 217], "summary": {"covered_lines": 3, "num_statements": 3, "percent_covered": 100.0, "percent_covered_display": "100", "missing_lines": 0, "excluded_lines": 0, "percent_statements_covered": 100.0, "percent_statements_covered_display": "100"}, "missing_lines": [], "excluded_lines": [], "start_line": 213}, "AsyncNanaSQLite._hooks": {"executed_lines": [222, 223, 224], "summary": {"covered_lines": 3, "num_statements": 3, "percent_covered": 100.0, "percent_covered_display": "100", "missing_lines": 0, "excluded_lines": 0, "percent_statements_covered": 100.0, "percent_statements_covered_display": "100"}, "missing_lines": [], "excluded_lines": [], "start_line": 220}, "AsyncNanaSQLite.add_hook": {"executed_lines": [233, 234], "summary": {"covered_lines": 2, "num_statements": 5, "percent_covered": 40.0, "percent_covered_display": "40", "missing_lines": 3, "excluded_lines": 0, "percent_statements_covered": 40.0, "percent_statements_covered_display": "40"}, "missing_lines": [236, 237, 238], "excluded_lines": [], "start_line": 226}, "AsyncNanaSQLite._ensure_initialized": {"executed_lines": [242, 243, 244, 245, 247, 248, 251, 252, 254, 256, 260, 261, 262, 293, 294, 296, 314], "summary": {"covered_lines": 17, "num_statements": 18, "percent_covered": 94.44444444444444, "percent_covered_display": "94", "missing_lines": 1, "excluded_lines": 0, "percent_statements_covered": 94.44444444444444, "percent_statements_covered_display": "94"}, "missing_lines": [257], "excluded_lines": [], "start_line": 240}, "AsyncNanaSQLite._ensure_initialized._init_pool_connection": {"executed_lines": [298, 299, 301, 302, 305, 306, 307, 308, 310, 311, 312], "summary": {"covered_lines": 11, "num_statements": 11, "percent_covered": 100.0, "percent_covered_display": "100", "missing_lines": 0, "excluded_lines": 0, "percent_statements_covered": 100.0, "percent_statements_covered_display": "100"}, "missing_lines": [], "excluded_lines": [], "start_line": 296}, "AsyncNanaSQLite._read_connection": {"executed_lines": [322, 323, 324, 325, 328, 329, 330, 331, 333], "summary": {"covered_lines": 9, "num_statements": 9, "percent_covered": 100.0, "percent_covered_display": "100", "missing_lines": 0, "excluded_lines": 0, "percent_statements_covered": 100.0, "percent_statements_covered_display": "100"}, "missing_lines": [], "excluded_lines": [], "start_line": 317}, "AsyncNanaSQLite._run_in_executor": {"executed_lines": [337, 338, 339], "summary": {"covered_lines": 3, "num_statements": 3, "percent_covered": 100.0, "percent_covered_display": "100", "missing_lines": 0, "excluded_lines": 0, "percent_statements_covered": 100.0, "percent_statements_covered_display": "100"}, "missing_lines": [], "excluded_lines": [], "start_line": 335}, "AsyncNanaSQLite.aget": {"executed_lines": [358, 359, 360], "summary": {"covered_lines": 3, "num_statements": 3, "percent_covered": 100.0, "percent_covered_display": "100", "missing_lines": 0, "excluded_lines": 0, "percent_statements_covered": 100.0, "percent_statements_covered_display": "100"}, "missing_lines": [], "excluded_lines": [], "start_line": 343}, "AsyncNanaSQLite.aset": {"executed_lines": [373, 374, 375], "summary": {"covered_lines": 3, "num_statements": 3, "percent_covered": 100.0, "percent_covered_display": "100", "missing_lines": 0, "excluded_lines": 0, "percent_statements_covered": 100.0, "percent_statements_covered_display": "100"}, "missing_lines": [], "excluded_lines": [], "start_line": 362}, "AsyncNanaSQLite.adelete": {"executed_lines": [390, 391, 392], "summary": {"covered_lines": 3, "num_statements": 3, "percent_covered": 100.0, "percent_covered_display": "100", "missing_lines": 0, "excluded_lines": 0, "percent_statements_covered": 100.0, "percent_statements_covered_display": "100"}, "missing_lines": [], "excluded_lines": [], "start_line": 377}, "AsyncNanaSQLite.acontains": {"executed_lines": [408, 409, 411, 412], "summary": {"covered_lines": 4, "num_statements": 5, "percent_covered": 80.0, "percent_covered_display": "80", "missing_lines": 1, "excluded_lines": 0, "percent_statements_covered": 80.0, "percent_statements_covered_display": "80"}, "missing_lines": [410], "excluded_lines": [], "start_line": 394}, "AsyncNanaSQLite.alen": {"executed_lines": [424, 425, 426], "summary": {"covered_lines": 3, "num_statements": 3, "percent_covered": 100.0, "percent_covered_display": "100", "missing_lines": 0, "excluded_lines": 0, "percent_statements_covered": 100.0, "percent_statements_covered_display": "100"}, "missing_lines": [], "excluded_lines": [], "start_line": 414}, "AsyncNanaSQLite.akeys": {"executed_lines": [438, 439, 440], "summary": {"covered_lines": 3, "num_statements": 3, "percent_covered": 100.0, "percent_covered_display": "100", "missing_lines": 0, "excluded_lines": 0, "percent_statements_covered": 100.0, "percent_statements_covered_display": "100"}, "missing_lines": [], "excluded_lines": [], "start_line": 428}, "AsyncNanaSQLite.avalues": {"executed_lines": [452, 453, 454], "summary": {"covered_lines": 3, "num_statements": 3, "percent_covered": 100.0, "percent_covered_display": "100", "missing_lines": 0, "excluded_lines": 0, "percent_statements_covered": 100.0, "percent_statements_covered_display": "100"}, "missing_lines": [], "excluded_lines": [], "start_line": 442}, "AsyncNanaSQLite.aitems": {"executed_lines": [466, 467, 468], "summary": {"covered_lines": 3, "num_statements": 3, "percent_covered": 100.0, "percent_covered_display": "100", "missing_lines": 0, "excluded_lines": 0, "percent_statements_covered": 100.0, "percent_statements_covered_display": "100"}, "missing_lines": [], "excluded_lines": [], "start_line": 456}, "AsyncNanaSQLite.apop": {"executed_lines": [485, 486, 487], "summary": {"covered_lines": 3, "num_statements": 3, "percent_covered": 100.0, "percent_covered_display": "100", "missing_lines": 0, "excluded_lines": 0, "percent_statements_covered": 100.0, "percent_statements_covered_display": "100"}, "missing_lines": [], "excluded_lines": [], "start_line": 470}, "AsyncNanaSQLite.aupdate": {"executed_lines": [501, 502, 505, 508], "summary": {"covered_lines": 4, "num_statements": 4, "percent_covered": 100.0, "percent_covered_display": "100", "missing_lines": 0, "excluded_lines": 0, "percent_statements_covered": 100.0, "percent_statements_covered_display": "100"}, "missing_lines": [], "excluded_lines": [], "start_line": 489}, "AsyncNanaSQLite.aupdate.update_wrapper": {"executed_lines": [506], "summary": {"covered_lines": 1, "num_statements": 1, "percent_covered": 100.0, "percent_covered_display": "100", "missing_lines": 0, "excluded_lines": 0, "percent_statements_covered": 100.0, "percent_statements_covered_display": "100"}, "missing_lines": [], "excluded_lines": [], "start_line": 505}, "AsyncNanaSQLite.aflush": {"executed_lines": [518, 519, 522, 525], "summary": {"covered_lines": 4, "num_statements": 4, "percent_covered": 100.0, "percent_covered_display": "100", "missing_lines": 0, "excluded_lines": 0, "percent_statements_covered": 100.0, "percent_statements_covered_display": "100"}, "missing_lines": [], "excluded_lines": [], "start_line": 510}, "AsyncNanaSQLite.aflush._flush_wrapper": {"executed_lines": [523], "summary": {"covered_lines": 1, "num_statements": 1, "percent_covered": 100.0, "percent_covered_display": "100", "missing_lines": 0, "excluded_lines": 0, "percent_statements_covered": 100.0, "percent_statements_covered_display": "100"}, "missing_lines": [], "excluded_lines": [], "start_line": 522}, "AsyncNanaSQLite.aclear": {"executed_lines": [534, 535, 536], "summary": {"covered_lines": 3, "num_statements": 3, "percent_covered": 100.0, "percent_covered_display": "100", "missing_lines": 0, "excluded_lines": 0, "percent_statements_covered": 100.0, "percent_statements_covered_display": "100"}, "missing_lines": [], "excluded_lines": [], "start_line": 527}, "AsyncNanaSQLite.aget_dlq": {"executed_lines": [548, 549, 550], "summary": {"covered_lines": 3, "num_statements": 3, "percent_covered": 100.0, "percent_covered_display": "100", "missing_lines": 0, "excluded_lines": 0, "percent_statements_covered": 100.0, "percent_statements_covered_display": "100"}, "missing_lines": [], "excluded_lines": [], "start_line": 540}, "AsyncNanaSQLite.aretry_dlq": {"executed_lines": [560, 561, 562], "summary": {"covered_lines": 3, "num_statements": 3, "percent_covered": 100.0, "percent_covered_display": "100", "missing_lines": 0, "excluded_lines": 0, "percent_statements_covered": 100.0, "percent_statements_covered_display": "100"}, "missing_lines": [], "excluded_lines": [], "start_line": 552}, "AsyncNanaSQLite.aclear_dlq": {"executed_lines": [572, 573, 574], "summary": {"covered_lines": 3, "num_statements": 3, "percent_covered": 100.0, "percent_covered_display": "100", "missing_lines": 0, "excluded_lines": 0, "percent_statements_covered": 100.0, "percent_statements_covered_display": "100"}, "missing_lines": [], "excluded_lines": [], "start_line": 564}, "AsyncNanaSQLite.aget_v2_metrics": {"executed_lines": [585, 586, 587], "summary": {"covered_lines": 3, "num_statements": 3, "percent_covered": 100.0, "percent_covered_display": "100", "missing_lines": 0, "excluded_lines": 0, "percent_statements_covered": 100.0, "percent_statements_covered_display": "100"}, "missing_lines": [], "excluded_lines": [], "start_line": 576}, "AsyncNanaSQLite.asetdefault": {"executed_lines": [603, 604, 605], "summary": {"covered_lines": 3, "num_statements": 3, "percent_covered": 100.0, "percent_covered_display": "100", "missing_lines": 0, "excluded_lines": 0, "percent_statements_covered": 100.0, "percent_statements_covered_display": "100"}, "missing_lines": [], "excluded_lines": [], "start_line": 589}, "AsyncNanaSQLite.aupsert": {"executed_lines": [1673, 1674, 1675], "summary": {"covered_lines": 3, "num_statements": 3, "percent_covered": 100.0, "percent_covered_display": "100", "missing_lines": 0, "excluded_lines": 0, "percent_statements_covered": 100.0, "percent_statements_covered_display": "100"}, "missing_lines": [], "excluded_lines": [], "start_line": 1659}, "AsyncNanaSQLite.load_all": {"executed_lines": [643, 644, 645], "summary": {"covered_lines": 3, "num_statements": 3, "percent_covered": 100.0, "percent_covered_display": "100", "missing_lines": 0, "excluded_lines": 0, "percent_statements_covered": 100.0, "percent_statements_covered_display": "100"}, "missing_lines": [], "excluded_lines": [], "start_line": 636}, "AsyncNanaSQLite.refresh": {"executed_lines": [658, 659, 660], "summary": {"covered_lines": 3, "num_statements": 3, "percent_covered": 100.0, "percent_covered_display": "100", "missing_lines": 0, "excluded_lines": 0, "percent_statements_covered": 100.0, "percent_statements_covered_display": "100"}, "missing_lines": [], "excluded_lines": [], "start_line": 647}, "AsyncNanaSQLite.is_cached": {"executed_lines": [675, 676, 677], "summary": {"covered_lines": 3, "num_statements": 3, "percent_covered": 100.0, "percent_covered_display": "100", "missing_lines": 0, "excluded_lines": 0, "percent_statements_covered": 100.0, "percent_statements_covered_display": "100"}, "missing_lines": [], "excluded_lines": [], "start_line": 662}, "AsyncNanaSQLite.batch_update": {"executed_lines": [693, 694, 695], "summary": {"covered_lines": 3, "num_statements": 3, "percent_covered": 100.0, "percent_covered_display": "100", "missing_lines": 0, "excluded_lines": 0, "percent_statements_covered": 100.0, "percent_statements_covered_display": "100"}, "missing_lines": [], "excluded_lines": [], "start_line": 679}, "AsyncNanaSQLite.batch_update_partial": {"executed_lines": [710, 711, 712], "summary": {"covered_lines": 3, "num_statements": 3, "percent_covered": 100.0, "percent_covered_display": "100", "missing_lines": 0, "excluded_lines": 0, "percent_statements_covered": 100.0, "percent_statements_covered_display": "100"}, "missing_lines": [], "excluded_lines": [], "start_line": 697}, "AsyncNanaSQLite.batch_delete": {"executed_lines": [724, 725, 726], "summary": {"covered_lines": 3, "num_statements": 3, "percent_covered": 100.0, "percent_covered_display": "100", "missing_lines": 0, "excluded_lines": 0, "percent_statements_covered": 100.0, "percent_statements_covered_display": "100"}, "missing_lines": [], "excluded_lines": [], "start_line": 714}, "AsyncNanaSQLite.to_dict": {"executed_lines": [738, 739, 740], "summary": {"covered_lines": 3, "num_statements": 3, "percent_covered": 100.0, "percent_covered_display": "100", "missing_lines": 0, "excluded_lines": 0, "percent_statements_covered": 100.0, "percent_statements_covered_display": "100"}, "missing_lines": [], "excluded_lines": [], "start_line": 728}, "AsyncNanaSQLite.copy": {"executed_lines": [752, 753, 754], "summary": {"covered_lines": 3, "num_statements": 3, "percent_covered": 100.0, "percent_covered_display": "100", "missing_lines": 0, "excluded_lines": 0, "percent_statements_covered": 100.0, "percent_statements_covered_display": "100"}, "missing_lines": [], "excluded_lines": [], "start_line": 742}, "AsyncNanaSQLite.get_fresh": {"executed_lines": [770, 771, 772], "summary": {"covered_lines": 3, "num_statements": 3, "percent_covered": 100.0, "percent_covered_display": "100", "missing_lines": 0, "excluded_lines": 0, "percent_statements_covered": 100.0, "percent_statements_covered_display": "100"}, "missing_lines": [], "excluded_lines": [], "start_line": 756}, "AsyncNanaSQLite.abatch_get": {"executed_lines": [787, 788, 789], "summary": {"covered_lines": 3, "num_statements": 3, "percent_covered": 100.0, "percent_covered_display": "100", "missing_lines": 0, "excluded_lines": 0, "percent_statements_covered": 100.0, "percent_statements_covered_display": "100"}, "missing_lines": [], "excluded_lines": [], "start_line": 774}, "AsyncNanaSQLite.set_model": {"executed_lines": [809, 810, 811], "summary": {"covered_lines": 3, "num_statements": 3, "percent_covered": 100.0, "percent_covered_display": "100", "missing_lines": 0, "excluded_lines": 0, "percent_statements_covered": 100.0, "percent_statements_covered_display": "100"}, "missing_lines": [], "excluded_lines": [], "start_line": 793}, "AsyncNanaSQLite.get_model": {"executed_lines": [827, 828, 829], "summary": {"covered_lines": 3, "num_statements": 3, "percent_covered": 100.0, "percent_covered_display": "100", "missing_lines": 0, "excluded_lines": 0, "percent_statements_covered": 100.0, "percent_statements_covered_display": "100"}, "missing_lines": [], "excluded_lines": [], "start_line": 813}, "AsyncNanaSQLite.execute": {"executed_lines": [847, 848, 849], "summary": {"covered_lines": 3, "num_statements": 3, "percent_covered": 100.0, "percent_covered_display": "100", "missing_lines": 0, "excluded_lines": 0, "percent_statements_covered": 100.0, "percent_statements_covered_display": "100"}, "missing_lines": [], "excluded_lines": [], "start_line": 833}, "AsyncNanaSQLite.execute_many": {"executed_lines": [865, 866, 867], "summary": {"covered_lines": 3, "num_statements": 3, "percent_covered": 100.0, "percent_covered_display": "100", "missing_lines": 0, "excluded_lines": 0, "percent_statements_covered": 100.0, "percent_statements_covered_display": "100"}, "missing_lines": [], "excluded_lines": [], "start_line": 851}, "AsyncNanaSQLite.fetch_one": {"executed_lines": [883, 885, 890, 891], "summary": {"covered_lines": 4, "num_statements": 4, "percent_covered": 100.0, "percent_covered_display": "100", "missing_lines": 0, "excluded_lines": 0, "percent_statements_covered": 100.0, "percent_statements_covered_display": "100"}, "missing_lines": [], "excluded_lines": [], "start_line": 869}, "AsyncNanaSQLite.fetch_one._fetch_one_impl": {"executed_lines": [886, 887, 888], "summary": {"covered_lines": 3, "num_statements": 3, "percent_covered": 100.0, "percent_covered_display": "100", "missing_lines": 0, "excluded_lines": 0, "percent_statements_covered": 100.0, "percent_statements_covered_display": "100"}, "missing_lines": [], "excluded_lines": [], "start_line": 885}, "AsyncNanaSQLite.fetch_all": {"executed_lines": [907, 909, 914, 915], "summary": {"covered_lines": 4, "num_statements": 4, "percent_covered": 100.0, "percent_covered_display": "100", "missing_lines": 0, "excluded_lines": 0, "percent_statements_covered": 100.0, "percent_statements_covered_display": "100"}, "missing_lines": [], "excluded_lines": [], "start_line": 893}, "AsyncNanaSQLite.fetch_all._fetch_all_impl": {"executed_lines": [910, 911, 912], "summary": {"covered_lines": 3, "num_statements": 3, "percent_covered": 100.0, "percent_covered_display": "100", "missing_lines": 0, "excluded_lines": 0, "percent_statements_covered": 100.0, "percent_statements_covered_display": "100"}, "missing_lines": [], "excluded_lines": [], "start_line": 909}, "AsyncNanaSQLite.create_table": {"executed_lines": [938, 939, 940], "summary": {"covered_lines": 3, "num_statements": 3, "percent_covered": 100.0, "percent_covered_display": "100", "missing_lines": 0, "excluded_lines": 0, "percent_statements_covered": 100.0, "percent_statements_covered_display": "100"}, "missing_lines": [], "excluded_lines": [], "start_line": 919}, "AsyncNanaSQLite.create_index": {"executed_lines": [960, 961, 962], "summary": {"covered_lines": 3, "num_statements": 3, "percent_covered": 100.0, "percent_covered_display": "100", "missing_lines": 0, "excluded_lines": 0, "percent_statements_covered": 100.0, "percent_statements_covered_display": "100"}, "missing_lines": [], "excluded_lines": [], "start_line": 944}, "AsyncNanaSQLite.query": {"executed_lines": [1007, 1009, 1010], "summary": {"covered_lines": 3, "num_statements": 3, "percent_covered": 100.0, "percent_covered_display": "100", "missing_lines": 0, "excluded_lines": 0, "percent_statements_covered": 100.0, "percent_statements_covered_display": "100"}, "missing_lines": [], "excluded_lines": [], "start_line": 966}, "AsyncNanaSQLite.query_with_pagination": {"executed_lines": [1073, 1076, 1077], "summary": {"covered_lines": 3, "num_statements": 4, "percent_covered": 75.0, "percent_covered_display": "75", "missing_lines": 1, "excluded_lines": 0, "percent_statements_covered": 75.0, "percent_statements_covered_display": "75"}, "missing_lines": [1074], "excluded_lines": [], "start_line": 1027}, "AsyncNanaSQLite.table_exists": {"executed_lines": [1107, 1108, 1109], "summary": {"covered_lines": 3, "num_statements": 3, "percent_covered": 100.0, "percent_covered_display": "100", "missing_lines": 0, "excluded_lines": 0, "percent_statements_covered": 100.0, "percent_statements_covered_display": "100"}, "missing_lines": [], "excluded_lines": [], "start_line": 1094}, "AsyncNanaSQLite.list_tables": {"executed_lines": [1121, 1122, 1123], "summary": {"covered_lines": 3, "num_statements": 3, "percent_covered": 100.0, "percent_covered_display": "100", "missing_lines": 0, "excluded_lines": 0, "percent_statements_covered": 100.0, "percent_statements_covered_display": "100"}, "missing_lines": [], "excluded_lines": [], "start_line": 1111}, "AsyncNanaSQLite.drop_table": {"executed_lines": [1136, 1137, 1138], "summary": {"covered_lines": 3, "num_statements": 3, "percent_covered": 100.0, "percent_covered_display": "100", "missing_lines": 0, "excluded_lines": 0, "percent_statements_covered": 100.0, "percent_statements_covered_display": "100"}, "missing_lines": [], "excluded_lines": [], "start_line": 1125}, "AsyncNanaSQLite.drop_index": {"executed_lines": [1151, 1152, 1153], "summary": {"covered_lines": 3, "num_statements": 3, "percent_covered": 100.0, "percent_covered_display": "100", "missing_lines": 0, "excluded_lines": 0, "percent_statements_covered": 100.0, "percent_statements_covered_display": "100"}, "missing_lines": [], "excluded_lines": [], "start_line": 1140}, "AsyncNanaSQLite.sql_insert": {"executed_lines": [1173, 1174, 1175], "summary": {"covered_lines": 3, "num_statements": 3, "percent_covered": 100.0, "percent_covered_display": "100", "missing_lines": 0, "excluded_lines": 0, "percent_statements_covered": 100.0, "percent_statements_covered_display": "100"}, "missing_lines": [], "excluded_lines": [], "start_line": 1155}, "AsyncNanaSQLite.sql_update": {"executed_lines": [1197, 1198, 1199], "summary": {"covered_lines": 3, "num_statements": 3, "percent_covered": 100.0, "percent_covered_display": "100", "missing_lines": 0, "excluded_lines": 0, "percent_statements_covered": 100.0, "percent_statements_covered_display": "100"}, "missing_lines": [], "excluded_lines": [], "start_line": 1177}, "AsyncNanaSQLite.sql_delete": {"executed_lines": [1216, 1217, 1218], "summary": {"covered_lines": 3, "num_statements": 3, "percent_covered": 100.0, "percent_covered_display": "100", "missing_lines": 0, "excluded_lines": 0, "percent_statements_covered": 100.0, "percent_statements_covered_display": "100"}, "missing_lines": [], "excluded_lines": [], "start_line": 1201}, "AsyncNanaSQLite.count": {"executed_lines": [], "summary": {"covered_lines": 0, "num_statements": 3, "percent_covered": 0.0, "percent_covered_display": "0", "missing_lines": 3, "excluded_lines": 0, "percent_statements_covered": 0.0, "percent_statements_covered_display": "0"}, "missing_lines": [1248, 1249, 1250], "excluded_lines": [], "start_line": 1220}, "AsyncNanaSQLite.vacuum": {"executed_lines": [1269, 1270, 1271], "summary": {"covered_lines": 3, "num_statements": 3, "percent_covered": 100.0, "percent_covered_display": "100", "missing_lines": 0, "excluded_lines": 0, "percent_statements_covered": 100.0, "percent_statements_covered_display": "100"}, "missing_lines": [], "excluded_lines": [], "start_line": 1262}, "AsyncNanaSQLite.begin_transaction": {"executed_lines": [1288, 1289, 1290], "summary": {"covered_lines": 3, "num_statements": 3, "percent_covered": 100.0, "percent_covered_display": "100", "missing_lines": 0, "excluded_lines": 0, "percent_statements_covered": 100.0, "percent_statements_covered_display": "100"}, "missing_lines": [], "excluded_lines": [], "start_line": 1275}, "AsyncNanaSQLite.commit": {"executed_lines": [1299, 1300, 1301], "summary": {"covered_lines": 3, "num_statements": 3, "percent_covered": 100.0, "percent_covered_display": "100", "missing_lines": 0, "excluded_lines": 0, "percent_statements_covered": 100.0, "percent_statements_covered_display": "100"}, "missing_lines": [], "excluded_lines": [], "start_line": 1292}, "AsyncNanaSQLite.rollback": {"executed_lines": [1310, 1311, 1312], "summary": {"covered_lines": 3, "num_statements": 3, "percent_covered": 100.0, "percent_covered_display": "100", "missing_lines": 0, "excluded_lines": 0, "percent_statements_covered": 100.0, "percent_statements_covered_display": "100"}, "missing_lines": [], "excluded_lines": [], "start_line": 1303}, "AsyncNanaSQLite.in_transaction": {"executed_lines": [1325, 1326, 1327], "summary": {"covered_lines": 3, "num_statements": 3, "percent_covered": 100.0, "percent_covered_display": "100", "missing_lines": 0, "excluded_lines": 0, "percent_statements_covered": 100.0, "percent_statements_covered_display": "100"}, "missing_lines": [], "excluded_lines": [], "start_line": 1314}, "AsyncNanaSQLite.transaction": {"executed_lines": [1339], "summary": {"covered_lines": 1, "num_statements": 1, "percent_covered": 100.0, "percent_covered_display": "100", "missing_lines": 0, "excluded_lines": 1, "percent_statements_covered": 100.0, "percent_statements_covered_display": "100"}, "missing_lines": [], "excluded_lines": [1330], "start_line": 1329}, "AsyncNanaSQLite.__aenter__": {"executed_lines": [1345, 1346], "summary": {"covered_lines": 2, "num_statements": 2, "percent_covered": 100.0, "percent_covered_display": "100", "missing_lines": 0, "excluded_lines": 0, "percent_statements_covered": 100.0, "percent_statements_covered_display": "100"}, "missing_lines": [], "excluded_lines": [], "start_line": 1343}, "AsyncNanaSQLite.__aexit__": {"executed_lines": [1350, 1351], "summary": {"covered_lines": 2, "num_statements": 2, "percent_covered": 100.0, "percent_covered_display": "100", "missing_lines": 0, "excluded_lines": 0, "percent_statements_covered": 100.0, "percent_statements_covered_display": "100"}, "missing_lines": [], "excluded_lines": [], "start_line": 1348}, "AsyncNanaSQLite.aclear_cache": {"executed_lines": [1359, 1361, 1362], "summary": {"covered_lines": 3, "num_statements": 4, "percent_covered": 75.0, "percent_covered_display": "75", "missing_lines": 1, "excluded_lines": 0, "percent_statements_covered": 75.0, "percent_statements_covered_display": "75"}, "missing_lines": [1360], "excluded_lines": [], "start_line": 1353}, "AsyncNanaSQLite.clear_cache": {"executed_lines": [], "summary": {"covered_lines": 0, "num_statements": 1, "percent_covered": 0.0, "percent_covered_display": "0", "missing_lines": 1, "excluded_lines": 0, "percent_statements_covered": 0.0, "percent_statements_covered_display": "0"}, "missing_lines": [1366], "excluded_lines": [], "start_line": 1364}, "AsyncNanaSQLite.close": {"executed_lines": [1377, 1380, 1381, 1382, 1383, 1385, 1388, 1389, 1390, 1393, 1394, 1395, 1396, 1397, 1398, 1399, 1401, 1416, 1419, 1420, 1421, 1422], "summary": {"covered_lines": 22, "num_statements": 27, "percent_covered": 81.48148148148148, "percent_covered_display": "81", "missing_lines": 5, "excluded_lines": 0, "percent_statements_covered": 81.48148148148148, "percent_statements_covered_display": "81"}, "missing_lines": [1378, 1402, 1404, 1409, 1411], "excluded_lines": [], "start_line": 1368}, "AsyncNanaSQLite._mark_parent_closed": {"executed_lines": [1426, 1427, 1429, 1431], "summary": {"covered_lines": 4, "num_statements": 5, "percent_covered": 80.0, "percent_covered_display": "80", "missing_lines": 1, "excluded_lines": 0, "percent_statements_covered": 80.0, "percent_statements_covered_display": "80"}, "missing_lines": [1430], "excluded_lines": [], "start_line": 1424}, "AsyncNanaSQLite.__repr__": {"executed_lines": [1434, 1435], "summary": {"covered_lines": 2, "num_statements": 2, "percent_covered": 100.0, "percent_covered_display": "100", "missing_lines": 0, "excluded_lines": 0, "percent_statements_covered": 100.0, "percent_statements_covered_display": "100"}, "missing_lines": [], "excluded_lines": [], "start_line": 1433}, "AsyncNanaSQLite.sync_db": {"executed_lines": [1452], "summary": {"covered_lines": 1, "num_statements": 1, "percent_covered": 100.0, "percent_covered_display": "100", "missing_lines": 0, "excluded_lines": 0, "percent_statements_covered": 100.0, "percent_statements_covered_display": "100"}, "missing_lines": [], "excluded_lines": [], "start_line": 1440}, "AsyncNanaSQLite.table": {"executed_lines": [1502, 1503, 1505, 1506, 1512, 1513, 1514, 1515, 1516, 1517, 1518, 1519, 1520, 1521, 1522, 1523, 1524, 1525, 1527, 1528, 1529, 1530, 1532, 1534, 1535, 1537, 1538, 1539, 1540, 1542, 1543, 1545, 1546, 1547, 1548, 1549, 1550, 1552, 1553, 1556, 1557, 1558], "summary": {"covered_lines": 42, "num_statements": 42, "percent_covered": 100.0, "percent_covered_display": "100", "missing_lines": 0, "excluded_lines": 0, "percent_statements_covered": 100.0, "percent_statements_covered_display": "100"}, "missing_lines": [], "excluded_lines": [], "start_line": 1454}, "AsyncNanaSQLite.abackup": {"executed_lines": [], "summary": {"covered_lines": 0, "num_statements": 3, "percent_covered": 0.0, "percent_covered_display": "0", "missing_lines": 3, "excluded_lines": 0, "percent_statements_covered": 0.0, "percent_statements_covered_display": "0"}, "missing_lines": [1586, 1587, 1588], "excluded_lines": [], "start_line": 1579}, "AsyncNanaSQLite.arestore": {"executed_lines": [], "summary": {"covered_lines": 0, "num_statements": 3, "percent_covered": 0.0, "percent_covered_display": "0", "missing_lines": 3, "excluded_lines": 0, "percent_statements_covered": 0.0, "percent_statements_covered_display": "0"}, "missing_lines": [1597, 1598, 1599], "excluded_lines": [], "start_line": 1590}, "AsyncNanaSQLite.apragma": {"executed_lines": [], "summary": {"covered_lines": 0, "num_statements": 3, "percent_covered": 0.0, "percent_covered_display": "0", "missing_lines": 3, "excluded_lines": 0, "percent_statements_covered": 0.0, "percent_statements_covered_display": "0"}, "missing_lines": [1612, 1613, 1614], "excluded_lines": [], "start_line": 1601}, "AsyncNanaSQLite.aget_table_schema": {"executed_lines": [], "summary": {"covered_lines": 0, "num_statements": 3, "percent_covered": 0.0, "percent_covered_display": "0", "missing_lines": 3, "excluded_lines": 0, "percent_statements_covered": 0.0, "percent_statements_covered_display": "0"}, "missing_lines": [1626, 1627, 1628], "excluded_lines": [], "start_line": 1616}, "AsyncNanaSQLite.alist_indexes": {"executed_lines": [], "summary": {"covered_lines": 0, "num_statements": 3, "percent_covered": 0.0, "percent_covered_display": "0", "missing_lines": 3, "excluded_lines": 0, "percent_statements_covered": 0.0, "percent_statements_covered_display": "0"}, "missing_lines": [1640, 1641, 1642], "excluded_lines": [], "start_line": 1630}, "AsyncNanaSQLite.aalter_table_add_column": {"executed_lines": [], "summary": {"covered_lines": 0, "num_statements": 3, "percent_covered": 0.0, "percent_covered_display": "0", "missing_lines": 3, "excluded_lines": 0, "percent_statements_covered": 0.0, "percent_statements_covered_display": "0"}, "missing_lines": [1653, 1654, 1655], "excluded_lines": [], "start_line": 1644}, "AsyncNanaSQLite._shared_query_impl": {"executed_lines": [1707, 1710, 1718, 1719, 1720, 1721, 1722, 1723, 1726, 1727, 1729, 1730, 1731, 1732, 1734, 1735, 1738, 1739, 1741, 1744, 1745, 1746, 1747, 1748, 1751, 1752, 1753, 1754, 1755, 1756, 1757, 1758, 1759, 1760, 1761, 1764, 1765, 1766, 1767, 1770, 1771, 1772, 1773, 1775, 1777, 1778, 1779, 1785, 1786, 1787], "summary": {"covered_lines": 50, "num_statements": 53, "percent_covered": 94.33962264150944, "percent_covered_display": "94", "missing_lines": 3, "excluded_lines": 0, "percent_statements_covered": 94.33962264150944, "percent_statements_covered_display": "94"}, "missing_lines": [1740, 1742, 1782], "excluded_lines": [], "start_line": 1691}, "_AsyncTransactionContext.__init__": {"executed_lines": [1805], "summary": {"covered_lines": 1, "num_statements": 1, "percent_covered": 100.0, "percent_covered_display": "100", "missing_lines": 0, "excluded_lines": 0, "percent_statements_covered": 100.0, "percent_statements_covered_display": "100"}, "missing_lines": [], "excluded_lines": [], "start_line": 1804}, "_AsyncTransactionContext.__aenter__": {"executed_lines": [1808, 1809], "summary": {"covered_lines": 2, "num_statements": 2, "percent_covered": 100.0, "percent_covered_display": "100", "missing_lines": 0, "excluded_lines": 0, "percent_statements_covered": 100.0, "percent_statements_covered_display": "100"}, "missing_lines": [], "excluded_lines": [], "start_line": 1807}, "_AsyncTransactionContext.__aexit__": {"executed_lines": [1812, 1813, 1815, 1816], "summary": {"covered_lines": 4, "num_statements": 4, "percent_covered": 100.0, "percent_covered_display": "100", "missing_lines": 0, "excluded_lines": 0, "percent_statements_covered": 100.0, "percent_statements_covered_display": "100"}, "missing_lines": [], "excluded_lines": [], "start_line": 1811}, "": {"executed_lines": [24, 26, 27, 28, 29, 30, 31, 32, 33, 35, 37, 38, 41, 44, 47, 50, 56, 57, 60, 101, 205, 206, 212, 213, 219, 220, 226, 240, 316, 317, 335, 343, 362, 377, 394, 414, 428, 442, 456, 470, 489, 510, 527, 540, 552, 564, 576, 589, 607, 632, 636, 647, 662, 679, 697, 714, 728, 742, 756, 774, 793, 813, 833, 851, 869, 893, 919, 944, 966, 1027, 1094, 1111, 1125, 1140, 1155, 1177, 1201, 1220, 1262, 1275, 1292, 1303, 1314, 1329, 1343, 1348, 1353, 1364, 1368, 1424, 1433, 1439, 1440, 1454, 1563, 1564, 1565, 1566, 1567, 1568, 1569, 1570, 1571, 1572, 1573, 1574, 1575, 1576, 1577, 1579, 1590, 1601, 1616, 1630, 1644, 1659, 1677, 1678, 1679, 1680, 1681, 1682, 1683, 1684, 1685, 1686, 1687, 1688, 1689, 1691, 1789, 1790, 1791, 1792, 1793, 1794, 1795, 1796, 1797, 1798, 1801, 1804, 1807, 1811], "summary": {"covered_lines": 144, "num_statements": 144, "percent_covered": 100.0, "percent_covered_display": "100", "missing_lines": 0, "excluded_lines": 1, "percent_statements_covered": 100.0, "percent_statements_covered_display": "100"}, "missing_lines": [], "excluded_lines": [61], "start_line": 1}}, "classes": {"AsyncNanaSQLite": {"executed_lines": [134, 135, 136, 137, 138, 139, 140, 141, 142, 143, 144, 146, 147, 148, 149, 150, 151, 152, 154, 155, 156, 157, 158, 159, 160, 161, 162, 163, 164, 165, 166, 167, 168, 169, 170, 171, 172, 173, 174, 175, 179, 186, 187, 188, 189, 190, 191, 193, 194, 195, 198, 199, 200, 201, 203, 208, 209, 210, 215, 216, 217, 222, 223, 224, 233, 234, 242, 243, 244, 245, 247, 248, 251, 252, 254, 256, 260, 261, 262, 293, 294, 296, 298, 299, 301, 302, 305, 306, 307, 308, 310, 311, 312, 314, 322, 323, 324, 325, 328, 329, 330, 331, 333, 337, 338, 339, 358, 359, 360, 373, 374, 375, 390, 391, 392, 408, 409, 411, 412, 424, 425, 426, 438, 439, 440, 452, 453, 454, 466, 467, 468, 485, 486, 487, 501, 502, 505, 506, 508, 518, 519, 522, 523, 525, 534, 535, 536, 548, 549, 550, 560, 561, 562, 572, 573, 574, 585, 586, 587, 603, 604, 605, 643, 644, 645, 658, 659, 660, 675, 676, 677, 693, 694, 695, 710, 711, 712, 724, 725, 726, 738, 739, 740, 752, 753, 754, 770, 771, 772, 787, 788, 789, 809, 810, 811, 827, 828, 829, 847, 848, 849, 865, 866, 867, 883, 885, 886, 887, 888, 890, 891, 907, 909, 910, 911, 912, 914, 915, 938, 939, 940, 960, 961, 962, 1007, 1009, 1010, 1073, 1076, 1077, 1107, 1108, 1109, 1121, 1122, 1123, 1136, 1137, 1138, 1151, 1152, 1153, 1173, 1174, 1175, 1197, 1198, 1199, 1216, 1217, 1218, 1269, 1270, 1271, 1288, 1289, 1290, 1299, 1300, 1301, 1310, 1311, 1312, 1325, 1326, 1327, 1339, 1345, 1346, 1350, 1351, 1359, 1361, 1362, 1377, 1380, 1381, 1382, 1383, 1385, 1388, 1389, 1390, 1393, 1394, 1395, 1396, 1397, 1398, 1399, 1401, 1416, 1419, 1420, 1421, 1422, 1426, 1427, 1429, 1431, 1434, 1435, 1452, 1502, 1503, 1505, 1506, 1512, 1513, 1514, 1515, 1516, 1517, 1518, 1519, 1520, 1521, 1522, 1523, 1524, 1525, 1527, 1528, 1529, 1530, 1532, 1534, 1535, 1537, 1538, 1539, 1540, 1542, 1543, 1545, 1546, 1547, 1548, 1549, 1550, 1552, 1553, 1556, 1557, 1558, 1673, 1674, 1675, 1707, 1710, 1718, 1719, 1720, 1721, 1722, 1723, 1726, 1727, 1729, 1730, 1731, 1732, 1734, 1735, 1738, 1739, 1741, 1744, 1745, 1746, 1747, 1748, 1751, 1752, 1753, 1754, 1755, 1756, 1757, 1758, 1759, 1760, 1761, 1764, 1765, 1766, 1767, 1770, 1771, 1772, 1773, 1775, 1777, 1778, 1779, 1785, 1786, 1787], "summary": {"covered_lines": 398, "num_statements": 445, "percent_covered": 89.43820224719101, "percent_covered_display": "89", "missing_lines": 47, "excluded_lines": 1, "percent_statements_covered": 89.43820224719101, "percent_statements_covered_display": "89"}, "missing_lines": [180, 181, 182, 183, 184, 236, 237, 238, 257, 410, 626, 627, 628, 629, 1074, 1248, 1249, 1250, 1360, 1366, 1378, 1402, 1404, 1409, 1411, 1430, 1586, 1587, 1588, 1597, 1598, 1599, 1612, 1613, 1614, 1626, 1627, 1628, 1640, 1641, 1642, 1653, 1654, 1655, 1740, 1742, 1782], "excluded_lines": [1330], "start_line": 60}, "_AsyncTransactionContext": {"executed_lines": [1805, 1808, 1809, 1812, 1813, 1815, 1816], "summary": {"covered_lines": 7, "num_statements": 7, "percent_covered": 100.0, "percent_covered_display": "100", "missing_lines": 0, "excluded_lines": 0, "percent_statements_covered": 100.0, "percent_statements_covered_display": "100"}, "missing_lines": [], "excluded_lines": [], "start_line": 1801}, "": {"executed_lines": [24, 26, 27, 28, 29, 30, 31, 32, 33, 35, 37, 38, 41, 44, 47, 50, 56, 57, 60, 101, 205, 206, 212, 213, 219, 220, 226, 240, 316, 317, 335, 343, 362, 377, 394, 414, 428, 442, 456, 470, 489, 510, 527, 540, 552, 564, 576, 589, 607, 632, 636, 647, 662, 679, 697, 714, 728, 742, 756, 774, 793, 813, 833, 851, 869, 893, 919, 944, 966, 1027, 1094, 1111, 1125, 1140, 1155, 1177, 1201, 1220, 1262, 1275, 1292, 1303, 1314, 1329, 1343, 1348, 1353, 1364, 1368, 1424, 1433, 1439, 1440, 1454, 1563, 1564, 1565, 1566, 1567, 1568, 1569, 1570, 1571, 1572, 1573, 1574, 1575, 1576, 1577, 1579, 1590, 1601, 1616, 1630, 1644, 1659, 1677, 1678, 1679, 1680, 1681, 1682, 1683, 1684, 1685, 1686, 1687, 1688, 1689, 1691, 1789, 1790, 1791, 1792, 1793, 1794, 1795, 1796, 1797, 1798, 1801, 1804, 1807, 1811], "summary": {"covered_lines": 144, "num_statements": 144, "percent_covered": 100.0, "percent_covered_display": "100", "missing_lines": 0, "excluded_lines": 1, "percent_statements_covered": 100.0, "percent_statements_covered_display": "100"}, "missing_lines": [], "excluded_lines": [61], "start_line": 1}}}, "src/nanasqlite/cache.py": {"executed_lines": [6, 8, 9, 10, 11, 12, 13, 15, 17, 20, 21, 22, 24, 25, 31, 34, 37, 38, 39, 42, 45, 46, 49, 50, 53, 54, 57, 58, 61, 62, 65, 66, 69, 70, 73, 74, 77, 78, 81, 82, 83, 87, 94, 95, 96, 97, 99, 100, 102, 103, 104, 106, 107, 108, 110, 111, 113, 114, 115, 116, 118, 123, 126, 127, 129, 132, 133, 134, 136, 137, 139, 140, 141, 144, 150, 156, 162, 168, 172, 175, 178, 182, 185, 188, 191, 192, 196, 201, 202, 204, 206, 207, 209, 210, 212, 213, 214, 216, 217, 219, 222, 225, 226, 228, 229, 231, 233, 235, 236, 237, 240, 245, 258, 259, 260, 262, 263, 265, 266, 272, 273, 275, 280, 281, 282, 284, 285, 287, 289, 291, 294, 297, 298, 301, 302, 305, 313, 314, 316, 317, 318, 320, 321, 322, 326, 327, 328, 329, 331], "summary": {"covered_lines": 149, "num_statements": 190, "percent_covered": 78.42105263157895, "percent_covered_display": "78", "missing_lines": 41, "excluded_lines": 0, "percent_statements_covered": 78.42105263157895, "percent_statements_covered_display": "78"}, "missing_lines": [26, 27, 119, 120, 121, 124, 130, 151, 152, 157, 158, 159, 160, 163, 164, 165, 166, 169, 170, 173, 176, 180, 183, 186, 189, 193, 203, 220, 223, 267, 268, 269, 270, 276, 277, 278, 292, 295, 299, 323, 324], "excluded_lines": [], "functions": {"CacheStrategy.get": {"executed_lines": [], "summary": {"covered_lines": 0, "num_statements": 0, "percent_covered": 100.0, "percent_covered_display": "100", "missing_lines": 0, "excluded_lines": 0, "percent_statements_covered": 100.0, "percent_statements_covered_display": "100"}, "missing_lines": [], "excluded_lines": [], "start_line": 46}, "CacheStrategy.set": {"executed_lines": [], "summary": {"covered_lines": 0, "num_statements": 0, "percent_covered": 100.0, "percent_covered_display": "100", "missing_lines": 0, "excluded_lines": 0, "percent_statements_covered": 100.0, "percent_statements_covered_display": "100"}, "missing_lines": [], "excluded_lines": [], "start_line": 50}, "CacheStrategy.delete": {"executed_lines": [], "summary": {"covered_lines": 0, "num_statements": 0, "percent_covered": 100.0, "percent_covered_display": "100", "missing_lines": 0, "excluded_lines": 0, "percent_statements_covered": 100.0, "percent_statements_covered_display": "100"}, "missing_lines": [], "excluded_lines": [], "start_line": 54}, "CacheStrategy.invalidate": {"executed_lines": [], "summary": {"covered_lines": 0, "num_statements": 0, "percent_covered": 100.0, "percent_covered_display": "100", "missing_lines": 0, "excluded_lines": 0, "percent_statements_covered": 100.0, "percent_statements_covered_display": "100"}, "missing_lines": [], "excluded_lines": [], "start_line": 58}, "CacheStrategy.contains": {"executed_lines": [], "summary": {"covered_lines": 0, "num_statements": 0, "percent_covered": 100.0, "percent_covered_display": "100", "missing_lines": 0, "excluded_lines": 0, "percent_statements_covered": 100.0, "percent_statements_covered_display": "100"}, "missing_lines": [], "excluded_lines": [], "start_line": 62}, "CacheStrategy.mark_cached": {"executed_lines": [], "summary": {"covered_lines": 0, "num_statements": 0, "percent_covered": 100.0, "percent_covered_display": "100", "missing_lines": 0, "excluded_lines": 0, "percent_statements_covered": 100.0, "percent_statements_covered_display": "100"}, "missing_lines": [], "excluded_lines": [], "start_line": 66}, "CacheStrategy.is_cached": {"executed_lines": [], "summary": {"covered_lines": 0, "num_statements": 0, "percent_covered": 100.0, "percent_covered_display": "100", "missing_lines": 0, "excluded_lines": 0, "percent_statements_covered": 100.0, "percent_statements_covered_display": "100"}, "missing_lines": [], "excluded_lines": [], "start_line": 70}, "CacheStrategy.clear": {"executed_lines": [], "summary": {"covered_lines": 0, "num_statements": 0, "percent_covered": 100.0, "percent_covered_display": "100", "missing_lines": 0, "excluded_lines": 0, "percent_statements_covered": 100.0, "percent_statements_covered_display": "100"}, "missing_lines": [], "excluded_lines": [], "start_line": 74}, "CacheStrategy.get_data": {"executed_lines": [], "summary": {"covered_lines": 0, "num_statements": 0, "percent_covered": 100.0, "percent_covered_display": "100", "missing_lines": 0, "excluded_lines": 0, "percent_statements_covered": 100.0, "percent_statements_covered_display": "100"}, "missing_lines": [], "excluded_lines": [], "start_line": 78}, "CacheStrategy.size": {"executed_lines": [], "summary": {"covered_lines": 0, "num_statements": 0, "percent_covered": 100.0, "percent_covered_display": "100", "missing_lines": 0, "excluded_lines": 0, "percent_statements_covered": 100.0, "percent_statements_covered_display": "100"}, "missing_lines": [], "excluded_lines": [], "start_line": 83}, "UnboundedCache.__init__": {"executed_lines": [95, 96, 97], "summary": {"covered_lines": 3, "num_statements": 3, "percent_covered": 100.0, "percent_covered_display": "100", "missing_lines": 0, "excluded_lines": 0, "percent_statements_covered": 100.0, "percent_statements_covered_display": "100"}, "missing_lines": [], "excluded_lines": [], "start_line": 94}, "UnboundedCache.get": {"executed_lines": [100], "summary": {"covered_lines": 1, "num_statements": 1, "percent_covered": 100.0, "percent_covered_display": "100", "missing_lines": 0, "excluded_lines": 0, "percent_statements_covered": 100.0, "percent_statements_covered_display": "100"}, "missing_lines": [], "excluded_lines": [], "start_line": 99}, "UnboundedCache.set": {"executed_lines": [103, 104, 106, 107, 108, 110, 111], "summary": {"covered_lines": 7, "num_statements": 7, "percent_covered": 100.0, "percent_covered_display": "100", "missing_lines": 0, "excluded_lines": 0, "percent_statements_covered": 100.0, "percent_statements_covered_display": "100"}, "missing_lines": [], "excluded_lines": [], "start_line": 102}, "UnboundedCache.delete": {"executed_lines": [114, 115, 116], "summary": {"covered_lines": 3, "num_statements": 3, "percent_covered": 100.0, "percent_covered_display": "100", "missing_lines": 0, "excluded_lines": 0, "percent_statements_covered": 100.0, "percent_statements_covered_display": "100"}, "missing_lines": [], "excluded_lines": [], "start_line": 113}, "UnboundedCache.invalidate": {"executed_lines": [], "summary": {"covered_lines": 0, "num_statements": 3, "percent_covered": 0.0, "percent_covered_display": "0", "missing_lines": 3, "excluded_lines": 0, "percent_statements_covered": 0.0, "percent_statements_covered_display": "0"}, "missing_lines": [119, 120, 121], "excluded_lines": [], "start_line": 118}, "UnboundedCache.contains": {"executed_lines": [], "summary": {"covered_lines": 0, "num_statements": 1, "percent_covered": 0.0, "percent_covered_display": "0", "missing_lines": 1, "excluded_lines": 0, "percent_statements_covered": 0.0, "percent_statements_covered_display": "0"}, "missing_lines": [124], "excluded_lines": [], "start_line": 123}, "UnboundedCache.mark_cached": {"executed_lines": [127], "summary": {"covered_lines": 1, "num_statements": 1, "percent_covered": 100.0, "percent_covered_display": "100", "missing_lines": 0, "excluded_lines": 0, "percent_statements_covered": 100.0, "percent_statements_covered_display": "100"}, "missing_lines": [], "excluded_lines": [], "start_line": 126}, "UnboundedCache.is_cached": {"executed_lines": [], "summary": {"covered_lines": 0, "num_statements": 1, "percent_covered": 0.0, "percent_covered_display": "0", "missing_lines": 1, "excluded_lines": 0, "percent_statements_covered": 0.0, "percent_statements_covered_display": "0"}, "missing_lines": [130], "excluded_lines": [], "start_line": 129}, "UnboundedCache.clear": {"executed_lines": [133, 134], "summary": {"covered_lines": 2, "num_statements": 2, "percent_covered": 100.0, "percent_covered_display": "100", "missing_lines": 0, "excluded_lines": 0, "percent_statements_covered": 100.0, "percent_statements_covered_display": "100"}, "missing_lines": [], "excluded_lines": [], "start_line": 132}, "UnboundedCache.get_data": {"executed_lines": [137], "summary": {"covered_lines": 1, "num_statements": 1, "percent_covered": 100.0, "percent_covered_display": "100", "missing_lines": 0, "excluded_lines": 0, "percent_statements_covered": 100.0, "percent_statements_covered_display": "100"}, "missing_lines": [], "excluded_lines": [], "start_line": 136}, "UnboundedCache.size": {"executed_lines": [141], "summary": {"covered_lines": 1, "num_statements": 1, "percent_covered": 100.0, "percent_covered_display": "100", "missing_lines": 0, "excluded_lines": 0, "percent_statements_covered": 100.0, "percent_statements_covered_display": "100"}, "missing_lines": [], "excluded_lines": [], "start_line": 140}, "StdLRUCache.__init__": {"executed_lines": [], "summary": {"covered_lines": 0, "num_statements": 2, "percent_covered": 0.0, "percent_covered_display": "0", "missing_lines": 2, "excluded_lines": 0, "percent_statements_covered": 0.0, "percent_statements_covered_display": "0"}, "missing_lines": [151, 152], "excluded_lines": [], "start_line": 150}, "StdLRUCache.get": {"executed_lines": [], "summary": {"covered_lines": 0, "num_statements": 4, "percent_covered": 0.0, "percent_covered_display": "0", "missing_lines": 4, "excluded_lines": 0, "percent_statements_covered": 0.0, "percent_statements_covered_display": "0"}, "missing_lines": [157, 158, 159, 160], "excluded_lines": [], "start_line": 156}, "StdLRUCache.set": {"executed_lines": [], "summary": {"covered_lines": 0, "num_statements": 4, "percent_covered": 0.0, "percent_covered_display": "0", "missing_lines": 4, "excluded_lines": 0, "percent_statements_covered": 0.0, "percent_statements_covered_display": "0"}, "missing_lines": [163, 164, 165, 166], "excluded_lines": [], "start_line": 162}, "StdLRUCache.delete": {"executed_lines": [], "summary": {"covered_lines": 0, "num_statements": 2, "percent_covered": 0.0, "percent_covered_display": "0", "missing_lines": 2, "excluded_lines": 0, "percent_statements_covered": 0.0, "percent_statements_covered_display": "0"}, "missing_lines": [169, 170], "excluded_lines": [], "start_line": 168}, "StdLRUCache.invalidate": {"executed_lines": [], "summary": {"covered_lines": 0, "num_statements": 1, "percent_covered": 0.0, "percent_covered_display": "0", "missing_lines": 1, "excluded_lines": 0, "percent_statements_covered": 0.0, "percent_statements_covered_display": "0"}, "missing_lines": [173], "excluded_lines": [], "start_line": 172}, "StdLRUCache.contains": {"executed_lines": [], "summary": {"covered_lines": 0, "num_statements": 1, "percent_covered": 0.0, "percent_covered_display": "0", "missing_lines": 1, "excluded_lines": 0, "percent_statements_covered": 0.0, "percent_statements_covered_display": "0"}, "missing_lines": [176], "excluded_lines": [], "start_line": 175}, "StdLRUCache.mark_cached": {"executed_lines": [], "summary": {"covered_lines": 0, "num_statements": 1, "percent_covered": 0.0, "percent_covered_display": "0", "missing_lines": 1, "excluded_lines": 0, "percent_statements_covered": 0.0, "percent_statements_covered_display": "0"}, "missing_lines": [180], "excluded_lines": [], "start_line": 178}, "StdLRUCache.is_cached": {"executed_lines": [], "summary": {"covered_lines": 0, "num_statements": 1, "percent_covered": 0.0, "percent_covered_display": "0", "missing_lines": 1, "excluded_lines": 0, "percent_statements_covered": 0.0, "percent_statements_covered_display": "0"}, "missing_lines": [183], "excluded_lines": [], "start_line": 182}, "StdLRUCache.clear": {"executed_lines": [], "summary": {"covered_lines": 0, "num_statements": 1, "percent_covered": 0.0, "percent_covered_display": "0", "missing_lines": 1, "excluded_lines": 0, "percent_statements_covered": 0.0, "percent_statements_covered_display": "0"}, "missing_lines": [186], "excluded_lines": [], "start_line": 185}, "StdLRUCache.get_data": {"executed_lines": [], "summary": {"covered_lines": 0, "num_statements": 1, "percent_covered": 0.0, "percent_covered_display": "0", "missing_lines": 1, "excluded_lines": 0, "percent_statements_covered": 0.0, "percent_statements_covered_display": "0"}, "missing_lines": [189], "excluded_lines": [], "start_line": 188}, "StdLRUCache.size": {"executed_lines": [], "summary": {"covered_lines": 0, "num_statements": 1, "percent_covered": 0.0, "percent_covered_display": "0", "missing_lines": 1, "excluded_lines": 0, "percent_statements_covered": 0.0, "percent_statements_covered_display": "0"}, "missing_lines": [193], "excluded_lines": [], "start_line": 192}, "FastLRUCache.__init__": {"executed_lines": [202, 204], "summary": {"covered_lines": 2, "num_statements": 3, "percent_covered": 66.66666666666667, "percent_covered_display": "67", "missing_lines": 1, "excluded_lines": 0, "percent_statements_covered": 66.66666666666667, "percent_statements_covered_display": "67"}, "missing_lines": [203], "excluded_lines": [], "start_line": 201}, "FastLRUCache.get": {"executed_lines": [207], "summary": {"covered_lines": 1, "num_statements": 1, "percent_covered": 100.0, "percent_covered_display": "100", "missing_lines": 0, "excluded_lines": 0, "percent_statements_covered": 100.0, "percent_statements_covered_display": "100"}, "missing_lines": [], "excluded_lines": [], "start_line": 206}, "FastLRUCache.set": {"executed_lines": [210], "summary": {"covered_lines": 1, "num_statements": 1, "percent_covered": 100.0, "percent_covered_display": "100", "missing_lines": 0, "excluded_lines": 0, "percent_statements_covered": 100.0, "percent_statements_covered_display": "100"}, "missing_lines": [], "excluded_lines": [], "start_line": 209}, "FastLRUCache.delete": {"executed_lines": [213, 214], "summary": {"covered_lines": 2, "num_statements": 2, "percent_covered": 100.0, "percent_covered_display": "100", "missing_lines": 0, "excluded_lines": 0, "percent_statements_covered": 100.0, "percent_statements_covered_display": "100"}, "missing_lines": [], "excluded_lines": [], "start_line": 212}, "FastLRUCache.invalidate": {"executed_lines": [217], "summary": {"covered_lines": 1, "num_statements": 1, "percent_covered": 100.0, "percent_covered_display": "100", "missing_lines": 0, "excluded_lines": 0, "percent_statements_covered": 100.0, "percent_statements_covered_display": "100"}, "missing_lines": [], "excluded_lines": [], "start_line": 216}, "FastLRUCache.contains": {"executed_lines": [], "summary": {"covered_lines": 0, "num_statements": 1, "percent_covered": 0.0, "percent_covered_display": "0", "missing_lines": 1, "excluded_lines": 0, "percent_statements_covered": 0.0, "percent_statements_covered_display": "0"}, "missing_lines": [220], "excluded_lines": [], "start_line": 219}, "FastLRUCache.mark_cached": {"executed_lines": [], "summary": {"covered_lines": 0, "num_statements": 1, "percent_covered": 0.0, "percent_covered_display": "0", "missing_lines": 1, "excluded_lines": 0, "percent_statements_covered": 0.0, "percent_statements_covered_display": "0"}, "missing_lines": [223], "excluded_lines": [], "start_line": 222}, "FastLRUCache.is_cached": {"executed_lines": [226], "summary": {"covered_lines": 1, "num_statements": 1, "percent_covered": 100.0, "percent_covered_display": "100", "missing_lines": 0, "excluded_lines": 0, "percent_statements_covered": 100.0, "percent_statements_covered_display": "100"}, "missing_lines": [], "excluded_lines": [], "start_line": 225}, "FastLRUCache.clear": {"executed_lines": [229], "summary": {"covered_lines": 1, "num_statements": 1, "percent_covered": 100.0, "percent_covered_display": "100", "missing_lines": 0, "excluded_lines": 0, "percent_statements_covered": 100.0, "percent_statements_covered_display": "100"}, "missing_lines": [], "excluded_lines": [], "start_line": 228}, "FastLRUCache.get_data": {"executed_lines": [233], "summary": {"covered_lines": 1, "num_statements": 1, "percent_covered": 100.0, "percent_covered_display": "100", "missing_lines": 0, "excluded_lines": 0, "percent_statements_covered": 100.0, "percent_statements_covered_display": "100"}, "missing_lines": [], "excluded_lines": [], "start_line": 231}, "FastLRUCache.size": {"executed_lines": [237], "summary": {"covered_lines": 1, "num_statements": 1, "percent_covered": 100.0, "percent_covered_display": "100", "missing_lines": 0, "excluded_lines": 0, "percent_statements_covered": 100.0, "percent_statements_covered_display": "100"}, "missing_lines": [], "excluded_lines": [], "start_line": 236}, "TTLCache.__init__": {"executed_lines": [258, 259, 260], "summary": {"covered_lines": 3, "num_statements": 3, "percent_covered": 100.0, "percent_covered_display": "100", "missing_lines": 0, "excluded_lines": 0, "percent_statements_covered": 100.0, "percent_statements_covered_display": "100"}, "missing_lines": [], "excluded_lines": [], "start_line": 245}, "TTLCache.get": {"executed_lines": [263], "summary": {"covered_lines": 1, "num_statements": 1, "percent_covered": 100.0, "percent_covered_display": "100", "missing_lines": 0, "excluded_lines": 0, "percent_statements_covered": 100.0, "percent_statements_covered_display": "100"}, "missing_lines": [], "excluded_lines": [], "start_line": 262}, "TTLCache.set": {"executed_lines": [266, 272, 273], "summary": {"covered_lines": 3, "num_statements": 7, "percent_covered": 42.857142857142854, "percent_covered_display": "43", "missing_lines": 4, "excluded_lines": 0, "percent_statements_covered": 42.857142857142854, "percent_statements_covered_display": "43"}, "missing_lines": [267, 268, 269, 270], "excluded_lines": [], "start_line": 265}, "TTLCache.delete": {"executed_lines": [], "summary": {"covered_lines": 0, "num_statements": 3, "percent_covered": 0.0, "percent_covered_display": "0", "missing_lines": 3, "excluded_lines": 0, "percent_statements_covered": 0.0, "percent_statements_covered_display": "0"}, "missing_lines": [276, 277, 278], "excluded_lines": [], "start_line": 275}, "TTLCache.clear": {"executed_lines": [281, 282], "summary": {"covered_lines": 2, "num_statements": 2, "percent_covered": 100.0, "percent_covered_display": "100", "missing_lines": 0, "excluded_lines": 0, "percent_statements_covered": 100.0, "percent_statements_covered_display": "100"}, "missing_lines": [], "excluded_lines": [], "start_line": 280}, "TTLCache.mark_cached": {"executed_lines": [285], "summary": {"covered_lines": 1, "num_statements": 1, "percent_covered": 100.0, "percent_covered_display": "100", "missing_lines": 0, "excluded_lines": 0, "percent_statements_covered": 100.0, "percent_statements_covered_display": "100"}, "missing_lines": [], "excluded_lines": [], "start_line": 284}, "TTLCache.is_cached": {"executed_lines": [289], "summary": {"covered_lines": 1, "num_statements": 1, "percent_covered": 100.0, "percent_covered_display": "100", "missing_lines": 0, "excluded_lines": 0, "percent_statements_covered": 100.0, "percent_statements_covered_display": "100"}, "missing_lines": [], "excluded_lines": [], "start_line": 287}, "TTLCache.invalidate": {"executed_lines": [], "summary": {"covered_lines": 0, "num_statements": 1, "percent_covered": 0.0, "percent_covered_display": "0", "missing_lines": 1, "excluded_lines": 0, "percent_statements_covered": 0.0, "percent_statements_covered_display": "0"}, "missing_lines": [292], "excluded_lines": [], "start_line": 291}, "TTLCache.contains": {"executed_lines": [], "summary": {"covered_lines": 0, "num_statements": 1, "percent_covered": 0.0, "percent_covered_display": "0", "missing_lines": 1, "excluded_lines": 0, "percent_statements_covered": 0.0, "percent_statements_covered_display": "0"}, "missing_lines": [295], "excluded_lines": [], "start_line": 294}, "TTLCache.size": {"executed_lines": [], "summary": {"covered_lines": 0, "num_statements": 1, "percent_covered": 0.0, "percent_covered_display": "0", "missing_lines": 1, "excluded_lines": 0, "percent_statements_covered": 0.0, "percent_statements_covered_display": "0"}, "missing_lines": [299], "excluded_lines": [], "start_line": 298}, "TTLCache.get_data": {"executed_lines": [302], "summary": {"covered_lines": 1, "num_statements": 1, "percent_covered": 100.0, "percent_covered_display": "100", "missing_lines": 0, "excluded_lines": 0, "percent_statements_covered": 100.0, "percent_statements_covered_display": "100"}, "missing_lines": [], "excluded_lines": [], "start_line": 301}, "create_cache": {"executed_lines": [313, 314, 316, 317, 318, 320, 321, 322, 326, 327, 328, 329, 331], "summary": {"covered_lines": 13, "num_statements": 15, "percent_covered": 86.66666666666667, "percent_covered_display": "87", "missing_lines": 2, "excluded_lines": 0, "percent_statements_covered": 86.66666666666667, "percent_statements_covered_display": "87"}, "missing_lines": [323, 324], "excluded_lines": [], "start_line": 305}, "": {"executed_lines": [6, 8, 9, 10, 11, 12, 13, 15, 17, 20, 21, 22, 24, 25, 31, 34, 37, 38, 39, 42, 45, 46, 49, 50, 53, 54, 57, 58, 61, 62, 65, 66, 69, 70, 73, 74, 77, 78, 81, 82, 83, 87, 94, 99, 102, 113, 118, 123, 126, 129, 132, 136, 139, 140, 144, 150, 156, 162, 168, 172, 175, 178, 182, 185, 188, 191, 192, 196, 201, 206, 209, 212, 216, 219, 222, 225, 228, 231, 235, 236, 240, 245, 262, 265, 275, 280, 284, 287, 291, 294, 297, 298, 301, 305], "summary": {"covered_lines": 94, "num_statements": 96, "percent_covered": 97.91666666666667, "percent_covered_display": "98", "missing_lines": 2, "excluded_lines": 0, "percent_statements_covered": 97.91666666666667, "percent_statements_covered_display": "98"}, "missing_lines": [26, 27], "excluded_lines": [], "start_line": 1}}, "classes": {"CacheType": {"executed_lines": [], "summary": {"covered_lines": 0, "num_statements": 0, "percent_covered": 100.0, "percent_covered_display": "100", "missing_lines": 0, "excluded_lines": 0, "percent_statements_covered": 100.0, "percent_statements_covered_display": "100"}, "missing_lines": [], "excluded_lines": [], "start_line": 34}, "CacheStrategy": {"executed_lines": [], "summary": {"covered_lines": 0, "num_statements": 0, "percent_covered": 100.0, "percent_covered_display": "100", "missing_lines": 0, "excluded_lines": 0, "percent_statements_covered": 100.0, "percent_statements_covered_display": "100"}, "missing_lines": [], "excluded_lines": [], "start_line": 42}, "UnboundedCache": {"executed_lines": [95, 96, 97, 100, 103, 104, 106, 107, 108, 110, 111, 114, 115, 116, 127, 133, 134, 137, 141], "summary": {"covered_lines": 19, "num_statements": 24, "percent_covered": 79.16666666666667, "percent_covered_display": "79", "missing_lines": 5, "excluded_lines": 0, "percent_statements_covered": 79.16666666666667, "percent_statements_covered_display": "79"}, "missing_lines": [119, 120, 121, 124, 130], "excluded_lines": [], "start_line": 87}, "StdLRUCache": {"executed_lines": [], "summary": {"covered_lines": 0, "num_statements": 19, "percent_covered": 0.0, "percent_covered_display": "0", "missing_lines": 19, "excluded_lines": 0, "percent_statements_covered": 0.0, "percent_statements_covered_display": "0"}, "missing_lines": [151, 152, 157, 158, 159, 160, 163, 164, 165, 166, 169, 170, 173, 176, 180, 183, 186, 189, 193], "excluded_lines": [], "start_line": 144}, "FastLRUCache": {"executed_lines": [202, 204, 207, 210, 213, 214, 217, 226, 229, 233, 237], "summary": {"covered_lines": 11, "num_statements": 14, "percent_covered": 78.57142857142857, "percent_covered_display": "79", "missing_lines": 3, "excluded_lines": 0, "percent_statements_covered": 78.57142857142857, "percent_statements_covered_display": "79"}, "missing_lines": [203, 220, 223], "excluded_lines": [], "start_line": 196}, "TTLCache": {"executed_lines": [258, 259, 260, 263, 266, 272, 273, 281, 282, 285, 289, 302], "summary": {"covered_lines": 12, "num_statements": 22, "percent_covered": 54.54545454545455, "percent_covered_display": "55", "missing_lines": 10, "excluded_lines": 0, "percent_statements_covered": 54.54545454545455, "percent_statements_covered_display": "55"}, "missing_lines": [267, 268, 269, 270, 276, 277, 278, 292, 295, 299], "excluded_lines": [], "start_line": 240}, "": {"executed_lines": [6, 8, 9, 10, 11, 12, 13, 15, 17, 20, 21, 22, 24, 25, 31, 34, 37, 38, 39, 42, 45, 46, 49, 50, 53, 54, 57, 58, 61, 62, 65, 66, 69, 70, 73, 74, 77, 78, 81, 82, 83, 87, 94, 99, 102, 113, 118, 123, 126, 129, 132, 136, 139, 140, 144, 150, 156, 162, 168, 172, 175, 178, 182, 185, 188, 191, 192, 196, 201, 206, 209, 212, 216, 219, 222, 225, 228, 231, 235, 236, 240, 245, 262, 265, 275, 280, 284, 287, 291, 294, 297, 298, 301, 305, 313, 314, 316, 317, 318, 320, 321, 322, 326, 327, 328, 329, 331], "summary": {"covered_lines": 107, "num_statements": 111, "percent_covered": 96.3963963963964, "percent_covered_display": "96", "missing_lines": 4, "excluded_lines": 0, "percent_statements_covered": 96.3963963963964, "percent_statements_covered_display": "96"}, "missing_lines": [26, 27, 323, 324], "excluded_lines": [], "start_line": 1}}}, "src/nanasqlite/compat.py": {"executed_lines": [6, 8, 9, 10, 11, 13, 16, 17, 22, 23, 25, 26, 32, 33, 35, 41, 44], "summary": {"covered_lines": 17, "num_statements": 24, "percent_covered": 70.83333333333333, "percent_covered_display": "71", "missing_lines": 7, "excluded_lines": 0, "percent_statements_covered": 70.83333333333333, "percent_statements_covered_display": "71"}, "missing_lines": [19, 27, 28, 29, 36, 37, 38], "excluded_lines": [], "functions": {"": {"executed_lines": [6, 8, 9, 10, 11, 13, 16, 17, 22, 23, 25, 26, 32, 33, 35, 41, 44], "summary": {"covered_lines": 17, "num_statements": 24, "percent_covered": 70.83333333333333, "percent_covered_display": "71", "missing_lines": 7, "excluded_lines": 0, "percent_statements_covered": 70.83333333333333, "percent_statements_covered_display": "71"}, "missing_lines": [19, 27, 28, 29, 36, 37, 38], "excluded_lines": [], "start_line": 1}}, "classes": {"": {"executed_lines": [6, 8, 9, 10, 11, 13, 16, 17, 22, 23, 25, 26, 32, 33, 35, 41, 44], "summary": {"covered_lines": 17, "num_statements": 24, "percent_covered": 70.83333333333333, "percent_covered_display": "71", "missing_lines": 7, "excluded_lines": 0, "percent_statements_covered": 70.83333333333333, "percent_statements_covered_display": "71"}, "missing_lines": [19, 27, 28, 29, 36, 37, 38], "excluded_lines": [], "start_line": 1}}}, "src/nanasqlite/core.py": {"executed_lines": [10, 12, 13, 14, 15, 16, 17, 18, 19, 20, 21, 22, 23, 24, 25, 26, 28, 30, 31, 36, 39, 42, 45, 48, 56, 57, 59, 60, 61, 62, 64, 73, 76, 79, 82, 83, 95, 96, 97, 98, 99, 102, 123, 160, 162, 163, 164, 165, 166, 167, 168, 169, 170, 171, 172, 173, 174, 175, 176, 177, 178, 179, 180, 183, 185, 187, 189, 191, 192, 198, 199, 202, 203, 204, 205, 208, 209, 210, 211, 213, 214, 220, 222, 223, 224, 225, 226, 227, 229, 232, 233, 234, 236, 237, 239, 241, 243, 247, 254, 255, 256, 257, 258, 259, 260, 262, 264, 266, 267, 268, 269, 273, 281, 293, 294, 296, 297, 300, 304, 307, 308, 309, 310, 311, 312, 313, 315, 318, 321, 323, 326, 327, 328, 329, 332, 354, 355, 358, 359, 360, 363, 365, 366, 367, 370, 371, 374, 375, 378, 379, 382, 383, 393, 394, 395, 396, 398, 411, 412, 414, 424, 427, 430, 433, 436, 437, 440, 443, 445, 446, 465, 466, 469, 472, 475, 476, 482, 484, 491, 493, 497, 498, 505, 506, 513, 514, 516, 518, 519, 524, 525, 528, 529, 530, 531, 533, 534, 536, 537, 539, 540, 541, 542, 543, 544, 545, 547, 549, 550, 552, 560, 562, 578, 580, 581, 584, 585, 587, 588, 589, 590, 592, 593, 595, 596, 597, 598, 600, 607, 608, 609, 610, 616, 618, 623, 630, 634, 658, 659, 665, 667, 673, 677, 678, 680, 682, 690, 694, 695, 696, 697, 699, 700, 702, 703, 704, 707, 708, 709, 710, 711, 715, 716, 724, 725, 726, 727, 729, 730, 733, 740, 741, 743, 744, 747, 748, 749, 750, 755, 756, 760, 761, 762, 764, 768, 770, 773, 775, 776, 781, 782, 784, 786, 787, 789, 792, 794, 797, 799, 805, 806, 807, 810, 811, 818, 819, 820, 821, 827, 828, 829, 830, 831, 832, 840, 841, 844, 854, 856, 857, 858, 862, 863, 864, 865, 867, 869, 870, 871, 876, 878, 879, 880, 883, 885, 887, 888, 890, 891, 893, 899, 900, 901, 903, 905, 908, 926, 928, 929, 930, 931, 934, 935, 936, 938, 939, 940, 944, 946, 948, 949, 951, 952, 953, 954, 955, 956, 958, 960, 962, 963, 964, 967, 968, 975, 978, 979, 980, 984, 986, 988, 989, 990, 992, 997, 998, 1000, 1001, 1002, 1003, 1005, 1006, 1007, 1008, 1009, 1010, 1012, 1020, 1021, 1022, 1024, 1026, 1029, 1030, 1031, 1035, 1038, 1039, 1040, 1042, 1044, 1045, 1046, 1049, 1051, 1053, 1055, 1056, 1060, 1062, 1064, 1066, 1067, 1068, 1070, 1072, 1073, 1074, 1076, 1078, 1079, 1080, 1082, 1083, 1084, 1085, 1086, 1087, 1089, 1111, 1113, 1114, 1115, 1116, 1117, 1118, 1119, 1120, 1121, 1124, 1125, 1126, 1128, 1145, 1146, 1148, 1149, 1155, 1156, 1157, 1158, 1159, 1160, 1162, 1164, 1168, 1169, 1171, 1172, 1173, 1174, 1175, 1176, 1179, 1180, 1181, 1182, 1185, 1191, 1193, 1195, 1196, 1197, 1198, 1203, 1204, 1206, 1209, 1210, 1211, 1212, 1214, 1216, 1217, 1218, 1219, 1220, 1222, 1227, 1228, 1230, 1235, 1236, 1239, 1244, 1245, 1247, 1252, 1253, 1255, 1260, 1261, 1264, 1266, 1269, 1270, 1273, 1274, 1275, 1276, 1278, 1280, 1281, 1282, 1285, 1286, 1287, 1291, 1293, 1294, 1297, 1298, 1300, 1301, 1304, 1306, 1307, 1309, 1311, 1318, 1320, 1321, 1322, 1324, 1325, 1327, 1329, 1332, 1333, 1334, 1336, 1353, 1354, 1356, 1361, 1362, 1363, 1366, 1367, 1368, 1369, 1370, 1371, 1372, 1373, 1377, 1378, 1379, 1380, 1383, 1384, 1385, 1386, 1390, 1391, 1392, 1394, 1395, 1398, 1399, 1400, 1402, 1403, 1404, 1405, 1407, 1408, 1413, 1414, 1417, 1418, 1419, 1424, 1442, 1445, 1447, 1448, 1449, 1451, 1452, 1454, 1455, 1456, 1457, 1458, 1459, 1460, 1462, 1463, 1468, 1469, 1471, 1475, 1476, 1477, 1478, 1479, 1480, 1483, 1484, 1485, 1487, 1488, 1489, 1490, 1491, 1495, 1496, 1499, 1500, 1501, 1506, 1508, 1520, 1521, 1522, 1524, 1525, 1526, 1527, 1528, 1531, 1532, 1533, 1535, 1536, 1537, 1538, 1539, 1540, 1542, 1543, 1544, 1545, 1547, 1548, 1553, 1554, 1555, 1560, 1562, 1563, 1564, 1566, 1568, 1570, 1576, 1577, 1579, 1583, 1584, 1586, 1587, 1591, 1611, 1613, 1614, 1616, 1617, 1618, 1619, 1620, 1621, 1634, 1635, 1636, 1637, 1638, 1639, 1640, 1641, 1645, 1646, 1647, 1651, 1671, 1673, 1674, 1675, 1676, 1683, 1684, 1686, 1688, 1689, 1693, 1694, 1695, 1697, 1698, 1703, 1704, 1708, 1709, 1710, 1711, 1712, 1713, 1715, 1716, 1717, 1725, 1726, 1732, 1733, 1734, 1735, 1736, 1737, 1753, 1754, 1755, 1756, 1757, 1764, 1765, 1766, 1769, 1770, 1782, 1783, 1785, 1800, 1801, 1802, 1803, 1804, 1809, 1810, 1811, 1812, 1813, 1815, 1816, 1823, 1825, 1835, 1836, 1838, 1839, 1844, 1845, 1847, 1850, 1851, 1852, 1856, 1859, 1861, 1862, 1863, 1869, 1871, 1873, 1875, 1876, 1880, 1899, 1901, 1902, 1906, 1908, 1909, 1910, 1912, 1930, 1932, 1933, 1935, 1938, 1939, 1953, 1985, 1991, 1992, 1993, 1998, 1999, 2000, 2002, 2007, 2008, 2010, 2013, 2014, 2019, 2020, 2022, 2023, 2024, 2025, 2026, 2027, 2028, 2030, 2047, 2050, 2051, 2052, 2054, 2059, 2060, 2062, 2065, 2066, 2070, 2072, 2073, 2074, 2075, 2076, 2077, 2078, 2083, 2098, 2099, 2101, 2117, 2118, 2122, 2145, 2146, 2148, 2149, 2150, 2154, 2155, 2156, 2160, 2162, 2163, 2164, 2165, 2167, 2168, 2170, 2172, 2189, 2190, 2191, 2192, 2193, 2194, 2196, 2199, 2201, 2246, 2247, 2249, 2252, 2260, 2268, 2269, 2271, 2281, 2282, 2286, 2287, 2288, 2289, 2291, 2292, 2295, 2296, 2298, 2299, 2302, 2304, 2305, 2307, 2308, 2310, 2311, 2314, 2317, 2319, 2320, 2322, 2325, 2326, 2327, 2329, 2331, 2345, 2346, 2348, 2359, 2360, 2362, 2374, 2375, 2376, 2377, 2379, 2390, 2391, 2392, 2393, 2395, 2409, 2410, 2414, 2415, 2417, 2418, 2420, 2422, 2423, 2424, 2426, 2427, 2428, 2429, 2431, 2446, 2447, 2448, 2449, 2450, 2451, 2461, 2463, 2478, 2479, 2484, 2486, 2487, 2488, 2489, 2490, 2494, 2512, 2513, 2514, 2515, 2516, 2518, 2519, 2521, 2523, 2543, 2544, 2545, 2546, 2548, 2550, 2551, 2553, 2554, 2556, 2571, 2572, 2573, 2574, 2576, 2597, 2598, 2601, 2602, 2603, 2607, 2609, 2610, 2611, 2613, 2614, 2625, 2626, 2627, 2628, 2629, 2631, 2633, 2634, 2636, 2642, 2643, 2646, 2647, 2648, 2651, 2652, 2655, 2656, 2659, 2661, 2662, 2664, 2690, 2691, 2693, 2696, 2700, 2701, 2702, 2704, 2705, 2707, 2723, 2724, 2725, 2726, 2730, 2776, 2777, 2779, 2782, 2790, 2798, 2806, 2807, 2808, 2818, 2819, 2821, 2822, 2824, 2825, 2827, 2828, 2831, 2832, 2835, 2836, 2837, 2838, 2840, 2841, 2844, 2846, 2847, 2849, 2850, 2852, 2853, 2855, 2856, 2858, 2859, 2862, 2865, 2866, 2867, 2869, 2872, 2873, 2874, 2876, 2880, 2889, 2891, 2903, 2905, 2918, 2920, 2938, 2939, 2941, 2944, 2945, 2946, 2947, 2948, 2951, 2952, 2953, 2954, 2956, 2957, 2959, 2970, 2972, 2991, 3014, 3015, 3017, 3018, 3019, 3020, 3023, 3027, 3029, 3030, 3035, 3037, 3038, 3042, 3064, 3066, 3067, 3072, 3073, 3079, 3080, 3081, 3082, 3088, 3097, 3099, 3100, 3104, 3105, 3106, 3107, 3114, 3123, 3125, 3126, 3130, 3131, 3132, 3133, 3142, 3155, 3157, 3173, 3175, 3239, 3242, 3243, 3245, 3246, 3249, 3250, 3251, 3253, 3256, 3257, 3263, 3265, 3271, 3272, 3292, 3293, 3296, 3298, 3301, 3304, 3305, 3307, 3308, 3309, 3311, 3312, 3313, 3315, 3316], "summary": {"covered_lines": 1167, "num_statements": 1346, "percent_covered": 86.70133729569093, "percent_covered_display": "87", "missing_lines": 179, "excluded_lines": 4, "percent_statements_covered": 86.70133729569093, "percent_statements_covered_display": "87"}, "missing_lines": [65, 66, 215, 248, 249, 250, 251, 252, 282, 290, 301, 302, 372, 373, 470, 492, 500, 501, 502, 503, 508, 509, 510, 511, 582, 625, 632, 712, 717, 718, 719, 720, 721, 751, 752, 778, 779, 795, 800, 801, 802, 803, 812, 835, 836, 837, 842, 846, 847, 848, 849, 909, 910, 911, 912, 913, 914, 915, 916, 917, 918, 919, 921, 922, 923, 993, 994, 1122, 1165, 1186, 1187, 1188, 1189, 1199, 1200, 1207, 1208, 1237, 1262, 1283, 1284, 1396, 1415, 1420, 1421, 1422, 1443, 1464, 1465, 1466, 1472, 1481, 1497, 1502, 1503, 1504, 1556, 1557, 1558, 1585, 1588, 1589, 1624, 1642, 1643, 1648, 1649, 1699, 1700, 1718, 1719, 1738, 1740, 1741, 1742, 1743, 1748, 1749, 1758, 1759, 1786, 1787, 1788, 1805, 1806, 1807, 1808, 1814, 1817, 1818, 1819, 1820, 1821, 1822, 1853, 1854, 1864, 1867, 1940, 1941, 1942, 1944, 1945, 1946, 1947, 1949, 2004, 2005, 2015, 2056, 2057, 2067, 2079, 2080, 2081, 2297, 2604, 2605, 2615, 2617, 2618, 2619, 2621, 2623, 2653, 2820, 2826, 3024, 3033, 3083, 3084, 3108, 3110, 3134, 3136, 3137, 3138, 3259, 3260], "excluded_lines": [69, 70, 71, 3158], "functions": {"NanaSQLite.__init__": {"executed_lines": [160, 162, 163, 164, 165, 166, 167, 168, 169, 170, 171, 172, 173, 174, 175, 176, 177, 178, 179, 180, 183, 185, 187, 189, 191, 192, 198, 199, 202, 203, 204, 205, 208, 209, 210, 211, 213, 214, 220, 222, 223, 224, 225, 226, 227, 229, 232, 233, 234, 236, 237, 239, 241, 243, 247, 254, 255, 256, 257, 258, 259, 260, 262, 264, 266, 267, 268, 269, 273, 281, 293, 294, 296, 304, 307, 308, 309, 310, 311, 312, 313, 315, 318, 321, 323, 326, 327, 328, 329, 332, 354, 355, 358, 359, 360, 363, 365, 366, 367, 370, 371, 374, 375, 378, 379, 382, 383, 393, 394, 395, 396, 398, 411, 412], "summary": {"covered_lines": 114, "num_statements": 124, "percent_covered": 91.93548387096774, "percent_covered_display": "92", "missing_lines": 10, "excluded_lines": 0, "percent_statements_covered": 91.93548387096774, "percent_statements_covered_display": "92"}, "missing_lines": [215, 248, 249, 250, 251, 252, 282, 290, 372, 373], "excluded_lines": [], "start_line": 123}, "NanaSQLite.__init__._expire_callback": {"executed_lines": [297, 300], "summary": {"covered_lines": 2, "num_statements": 4, "percent_covered": 50.0, "percent_covered_display": "50", "missing_lines": 2, "excluded_lines": 0, "percent_statements_covered": 50.0, "percent_statements_covered_display": "50"}, "missing_lines": [301, 302], "excluded_lines": [], "start_line": 296}, "NanaSQLite._apply_optimizations": {"executed_lines": [424, 427, 430, 433, 436, 437, 440, 443], "summary": {"covered_lines": 8, "num_statements": 8, "percent_covered": 100.0, "percent_covered_display": "100", "missing_lines": 0, "excluded_lines": 0, "percent_statements_covered": 100.0, "percent_statements_covered_display": "100"}, "missing_lines": [], "excluded_lines": [], "start_line": 414}, "NanaSQLite._sanitize_identifier": {"executed_lines": [465, 466, 469, 472, 475, 476, 482], "summary": {"covered_lines": 7, "num_statements": 8, "percent_covered": 87.5, "percent_covered_display": "88", "missing_lines": 1, "excluded_lines": 0, "percent_statements_covered": 87.5, "percent_statements_covered_display": "88"}, "missing_lines": [470], "excluded_lines": [], "start_line": 446}, "NanaSQLite.add_hook": {"executed_lines": [491, 493], "summary": {"covered_lines": 2, "num_statements": 3, "percent_covered": 66.66666666666667, "percent_covered_display": "67", "missing_lines": 1, "excluded_lines": 0, "percent_statements_covered": 66.66666666666667, "percent_statements_covered_display": "67"}, "missing_lines": [492], "excluded_lines": [], "start_line": 484}, "NanaSQLite._validator": {"executed_lines": [587, 588, 589, 590], "summary": {"covered_lines": 4, "num_statements": 4, "percent_covered": 100.0, "percent_covered_display": "100", "missing_lines": 0, "excluded_lines": 0, "percent_statements_covered": 100.0, "percent_statements_covered_display": "100"}, "missing_lines": [], "excluded_lines": [], "start_line": 585}, "NanaSQLite._coerce": {"executed_lines": [595, 596, 597, 598], "summary": {"covered_lines": 4, "num_statements": 4, "percent_covered": 100.0, "percent_covered_display": "100", "missing_lines": 0, "excluded_lines": 0, "percent_statements_covered": 100.0, "percent_statements_covered_display": "100"}, "missing_lines": [], "excluded_lines": [], "start_line": 593}, "NanaSQLite._is_in_memory_path": {"executed_lines": [516], "summary": {"covered_lines": 1, "num_statements": 1, "percent_covered": 100.0, "percent_covered_display": "100", "missing_lines": 0, "excluded_lines": 0, "percent_statements_covered": 100.0, "percent_statements_covered_display": "100"}, "missing_lines": [], "excluded_lines":
[...]
50, 151, 152, 153], "excluded_lines": [], "start_line": 131}, "ExpiringDict.__setitem__": {"executed_lines": [157, 158, 160, 161, 162, 163, 165, 166, 168, 169], "summary": {"covered_lines": 10, "num_statements": 10, "percent_covered": 100.0, "percent_covered_display": "100", "missing_lines": 0, "excluded_lines": 0, "percent_statements_covered": 100.0, "percent_statements_covered_display": "100"}, "missing_lines": [], "excluded_lines": [], "start_line": 156}, "ExpiringDict._set_timer": {"executed_lines": [174, 175, 176, 177, 178, 179, 180, 181, 182], "summary": {"covered_lines": 9, "num_statements": 9, "percent_covered": 100.0, "percent_covered_display": "100", "missing_lines": 0, "excluded_lines": 0, "percent_statements_covered": 100.0, "percent_statements_covered_display": "100"}, "missing_lines": [], "excluded_lines": [], "start_line": 171}, "ExpiringDict._cancel_timer": {"executed_lines": [186, 187, 188, 189], "summary": {"covered_lines": 4, "num_statements": 6, "percent_covered": 66.66666666666667, "percent_covered_display": "67", "missing_lines": 2, "excluded_lines": 0, "percent_statements_covered": 66.66666666666667, "percent_statements_covered_display": "67"}, "missing_lines": [190, 191], "excluded_lines": [], "start_line": 184}, "ExpiringDict.__getitem__": {"executed_lines": [194, 195, 196], "summary": {"covered_lines": 3, "num_statements": 3, "percent_covered": 100.0, "percent_covered_display": "100", "missing_lines": 0, "excluded_lines": 0, "percent_statements_covered": 100.0, "percent_statements_covered_display": "100"}, "missing_lines": [], "excluded_lines": [], "start_line": 193}, "ExpiringDict.__delitem__": {"executed_lines": [199, 200, 201, 202, 203], "summary": {"covered_lines": 5, "num_statements": 5, "percent_covered": 100.0, "percent_covered_display": "100", "missing_lines": 0, "excluded_lines": 0, "percent_statements_covered": 100.0, "percent_statements_covered_display": "100"}, "missing_lines": [], "excluded_lines": [], "start_line": 198}, "ExpiringDict.__iter__": {"executed_lines": [], "summary": {"covered_lines": 0, "num_statements": 4, "percent_covered": 0.0, "percent_covered_display": "0", "missing_lines": 4, "excluded_lines": 0, "percent_statements_covered": 0.0, "percent_statements_covered_display": "0"}, "missing_lines": [207, 208, 209, 210], "excluded_lines": [], "start_line": 205}, "ExpiringDict.__len__": {"executed_lines": [215], "summary": {"covered_lines": 1, "num_statements": 1, "percent_covered": 100.0, "percent_covered_display": "100", "missing_lines": 0, "excluded_lines": 0, "percent_statements_covered": 100.0, "percent_statements_covered_display": "100"}, "missing_lines": [], "excluded_lines": [], "start_line": 212}, "ExpiringDict.__contains__": {"executed_lines": [218, 220], "summary": {"covered_lines": 2, "num_statements": 3, "percent_covered": 66.66666666666667, "percent_covered_display": "67", "missing_lines": 1, "excluded_lines": 0, "percent_statements_covered": 66.66666666666667, "percent_statements_covered_display": "67"}, "missing_lines": [219], "excluded_lines": [], "start_line": 217}, "ExpiringDict.set_on_expire_callback": {"executed_lines": [], "summary": {"covered_lines": 0, "num_statements": 1, "percent_covered": 0.0, "percent_covered_display": "0", "missing_lines": 1, "excluded_lines": 0, "percent_statements_covered": 0.0, "percent_statements_covered_display": "0"}, "missing_lines": [224], "excluded_lines": [], "start_line": 222}, "ExpiringDict.clear": {"executed_lines": [227, 229, 230, 231, 232, 233, 234, 235, 237, 238, 239, 243], "summary": {"covered_lines": 12, "num_statements": 13, "percent_covered": 92.3076923076923, "percent_covered_display": "92", "missing_lines": 1, "excluded_lines": 0, "percent_statements_covered": 92.3076923076923, "percent_statements_covered_display": "92"}, "missing_lines": [240], "excluded_lines": [], "start_line": 226}, "ExpiringDict.__del__": {"executed_lines": [246, 247, 248, 249, 252], "summary": {"covered_lines": 5, "num_statements": 9, "percent_covered": 55.55555555555556, "percent_covered_display": "56", "missing_lines": 4, "excluded_lines": 0, "percent_statements_covered": 55.55555555555556, "percent_statements_covered_display": "56"}, "missing_lines": [250, 251, 253, 255], "excluded_lines": [], "start_line": 245}, "": {"executed_lines": [6, 8, 9, 10, 11, 12, 13, 14, 15, 17, 20, 26, 27, 28, 31, 38, 67, 77, 108, 131, 156, 171, 184, 193, 198, 205, 212, 217, 222, 226, 245], "summary": {"covered_lines": 31, "num_statements": 31, "percent_covered": 100.0, "percent_covered_display": "100", "missing_lines": 0, "excluded_lines": 0, "percent_statements_covered": 100.0, "percent_statements_covered_display": "100"}, "missing_lines": [], "excluded_lines": [], "start_line": 1}}, "classes": {"ExpirationMode": {"executed_lines": [], "summary": {"covered_lines": 0, "num_statements": 0, "percent_covered": 100.0, "percent_covered_display": "100", "missing_lines": 0, "excluded_lines": 0, "percent_statements_covered": 100.0, "percent_statements_covered_display": "100"}, "missing_lines": [], "excluded_lines": [], "start_line": 20}, "ExpiringDict": {"executed_lines": [50, 51, 52, 53, 54, 57, 58, 59, 60, 61, 62, 64, 65, 69, 70, 72, 73, 74, 75, 79, 80, 81, 83, 88, 89, 91, 92, 93, 95, 96, 97, 99, 100, 102, 103, 105, 106, 115, 116, 117, 118, 119, 120, 121, 122, 125, 126, 127, 133, 134, 135, 136, 137, 138, 139, 140, 141, 142, 144, 149, 154, 157, 158, 160, 161, 162, 163, 165, 166, 168, 169, 174, 175, 176, 177, 178, 179, 180, 181, 182, 186, 187, 188, 189, 194, 195, 196, 199, 200, 201, 202, 203, 215, 218, 220, 227, 229, 230, 231, 232, 233, 234, 235, 237, 238, 239, 243, 246, 247, 248, 249, 252], "summary": {"covered_lines": 112, "num_statements": 134, "percent_covered": 83.58208955223881, "percent_covered_display": "84", "missing_lines": 22, "excluded_lines": 0, "percent_statements_covered": 83.58208955223881, "percent_statements_covered_display": "84"}, "missing_lines": [71, 128, 129, 143, 146, 150, 151, 152, 153, 190, 191, 207, 208, 209, 210, 219, 224, 240, 250, 251, 253, 255], "excluded_lines": [], "start_line": 31}, "": {"executed_lines": [6, 8, 9, 10, 11, 12, 13, 14, 15, 17, 20, 26, 27, 28, 31, 38, 67, 77, 108, 131, 156, 171, 184, 193, 198, 205, 212, 217, 222, 226, 245], "summary": {"covered_lines": 31, "num_statements": 31, "percent_covered": 100.0, "percent_covered_display": "100", "missing_lines": 0, "excluded_lines": 0, "percent_statements_covered": 100.0, "percent_statements_covered_display": "100"}, "missing_lines": [], "excluded_lines": [], "start_line": 1}}}, "src/nanasqlite/v2_engine.py": {"executed_lines": [17, 19, 20, 21, 22, 23, 24, 25, 26, 27, 28, 30, 32, 35, 36, 39, 40, 43, 44, 45, 46, 47, 49, 50, 53, 59, 71, 72, 75, 76, 79, 81, 82, 83, 84, 88, 89, 90, 93, 94, 99, 100, 103, 104, 105, 106, 109, 110, 111, 124, 127, 128, 131, 133, 136, 137, 140, 141, 142, 143, 144, 146, 148, 149, 151, 153, 154, 155, 158, 162, 166, 168, 169, 170, 172, 174, 176, 177, 178, 180, 182, 187, 189, 190, 191, 192, 193, 194, 195, 199, 212, 221, 228, 232, 234, 238, 239, 245, 246, 247, 249, 250, 251, 257, 261, 262, 264, 270, 273, 274, 275, 276, 279, 280, 281, 283, 284, 285, 287, 288, 297, 299, 300, 301, 302, 303, 304, 305, 307, 309, 311, 312, 313, 314, 315, 316, 317, 319, 320, 321, 322, 323, 325, 326, 327, 328, 329, 330, 331, 332, 333, 337, 338, 342, 344, 345, 346, 348, 353, 354, 356, 358, 359, 360, 361, 365, 366, 367, 368, 370, 371, 372, 373, 374, 375, 377, 378, 379, 381, 385, 387, 388, 389, 393, 394, 395, 396, 397, 400, 412, 413, 415, 449, 451, 452, 454, 460, 461, 462, 464, 476, 478, 480, 481, 483, 485, 487, 488, 490, 491, 492, 493, 495, 498, 499, 500, 501, 504, 505, 515, 516, 522, 523, 528], "summary": {"covered_lines": 224, "num_statements": 299, "percent_covered": 74.91638795986623, "percent_covered_display": "75", "missing_lines": 75, "excluded_lines": 2, "percent_statements_covered": 74.91638795986623, "percent_statements_covered_display": "75"}, "missing_lines": [80, 156, 157, 184, 185, 235, 255, 289, 291, 294, 349, 350, 351, 362, 363, 382, 383, 390, 391, 398, 399, 402, 404, 405, 406, 407, 408, 409, 420, 421, 422, 423, 424, 426, 427, 428, 429, 430, 431, 434, 435, 437, 438, 439, 441, 442, 443, 444, 446, 447, 465, 466, 467, 469, 470, 471, 472, 474, 486, 517, 518, 524, 525, 529, 531, 532, 533, 534, 535, 536, 537, 538, 540, 544, 545], "excluded_lines": [509, 510], "functions": {"V2Engine.__init__": {"executed_lines": [71, 72, 75, 76, 79, 81, 82, 83, 84, 88, 89, 90, 93, 94, 99, 100, 103, 104, 105, 106, 109, 110, 111, 124, 127, 128, 131], "summary": {"covered_lines": 27, "num_statements": 28, "percent_covered": 96.42857142857143, "percent_covered_display": "96", "missing_lines": 1, "excluded_lines": 0, "percent_statements_covered": 96.42857142857143, "percent_statements_covered_display": "96"}, "missing_lines": [80], "excluded_lines": [], "start_line": 59}, "V2Engine._start_timer": {"executed_lines": [136, 148, 149], "summary": {"covered_lines": 3, "num_statements": 3, "percent_covered": 100.0, "percent_covered_display": "100", "missing_lines": 0, "excluded_lines": 0, "percent_statements_covered": 100.0, "percent_statements_covered_display": "100"}, "missing_lines": [], "excluded_lines": [], "start_line": 133}, "V2Engine._start_timer._timer_loop": {"executed_lines": [137, 140, 141, 142, 143, 144, 146], "summary": {"covered_lines": 7, "num_statements": 7, "percent_covered": 100.0, "percent_covered_display": "100", "missing_lines": 0, "excluded_lines": 0, "percent_statements_covered": 100.0, "percent_statements_covered_display": "100"}, "missing_lines": [], "excluded_lines": [], "start_line": 136}, "V2Engine._add_to_dlq": {"executed_lines": [153, 154, 155, 158], "summary": {"covered_lines": 4, "num_statements": 6, "percent_covered": 66.66666666666667, "percent_covered_display": "67", "missing_lines": 2, "excluded_lines": 0, "percent_statements_covered": 66.66666666666667, "percent_statements_covered_display": "67"}, "missing_lines": [156, 157], "excluded_lines": [], "start_line": 151}, "V2Engine.kvs_set": {"executed_lines": [166, 168, 169, 170, 172], "summary": {"covered_lines": 5, "num_statements": 5, "percent_covered": 100.0, "percent_covered_display": "100", "missing_lines": 0, "excluded_lines": 0, "percent_statements_covered": 100.0, "percent_statements_covered_display": "100"}, "missing_lines": [], "excluded_lines": [], "start_line": 162}, "V2Engine.kvs_delete": {"executed_lines": [176, 177, 178, 180], "summary": {"covered_lines": 4, "num_statements": 4, "percent_covered": 100.0, "percent_covered_display": "100", "missing_lines": 0, "excluded_lines": 0, "percent_statements_covered": 100.0, "percent_statements_covered_display": "100"}, "missing_lines": [], "excluded_lines": [], "start_line": 174}, "V2Engine.kvs_get_staging": {"executed_lines": [], "summary": {"covered_lines": 0, "num_statements": 2, "percent_covered": 0.0, "percent_covered_display": "0", "missing_lines": 2, "excluded_lines": 0, "percent_statements_covered": 0.0, "percent_statements_covered_display": "0"}, "missing_lines": [184, 185], "excluded_lines": [], "start_line": 182}, "V2Engine._check_auto_flush": {"executed_lines": [189, 190, 191, 192, 193, 194, 195], "summary": {"covered_lines": 7, "num_statements": 7, "percent_covered": 100.0, "percent_covered_display": "100", "missing_lines": 0, "excluded_lines": 0, "percent_statements_covered": 100.0, "percent_statements_covered_display": "100"}, "missing_lines": [], "excluded_lines": [], "start_line": 187}, "V2Engine.enqueue_strict_task": {"executed_lines": [212, 221, 228], "summary": {"covered_lines": 3, "num_statements": 3, "percent_covered": 100.0, "percent_covered_display": "100", "missing_lines": 0, "excluded_lines": 0, "percent_statements_covered": 100.0, "percent_statements_covered_display": "100"}, "missing_lines": [], "excluded_lines": [], "start_line": 199}, "V2Engine.flush": {"executed_lines": [234, 238, 239, 245, 246, 247, 249, 250, 251], "summary": {"covered_lines": 9, "num_statements": 11, "percent_covered": 81.81818181818181, "percent_covered_display": "82", "missing_lines": 2, "excluded_lines": 0, "percent_statements_covered": 81.81818181818181, "percent_statements_covered_display": "82"}, "missing_lines": [235, 255], "excluded_lines": [], "start_line": 232}, "V2Engine._run_flush": {"executed_lines": [261, 262], "summary": {"covered_lines": 2, "num_statements": 2, "percent_covered": 100.0, "percent_covered_display": "100", "missing_lines": 0, "excluded_lines": 0, "percent_statements_covered": 100.0, "percent_statements_covered_display": "100"}, "missing_lines": [], "excluded_lines": [], "start_line": 257}, "V2Engine._perform_flush": {"executed_lines": [270, 273, 274, 275, 276, 279, 280, 281, 283, 284, 285, 287, 288, 297, 299, 300, 301, 302, 303, 304, 305], "summary": {"covered_lines": 21, "num_statements": 24, "percent_covered": 87.5, "percent_covered_display": "88", "missing_lines": 3, "excluded_lines": 0, "percent_statements_covered": 87.5, "percent_statements_covered_display": "88"}, "missing_lines": [289, 291, 294], "excluded_lines": [], "start_line": 264}, "V2Engine._process_kvs_chunk": {"executed_lines": [309, 311, 312, 313, 314, 315, 316, 317, 319, 320, 321, 322, 323, 325, 326, 327, 328, 329, 330, 331, 332, 333, 337, 338, 342, 344, 345, 346, 348, 353, 354], "summary": {"covered_lines": 31, "num_statements": 34, "percent_covered": 91.17647058823529, "percent_covered_display": "91", "missing_lines": 3, "excluded_lines": 0, "percent_statements_covered": 91.17647058823529, "percent_statements_covered_display": "91"}, "missing_lines": [349, 350, 351], "excluded_lines": [], "start_line": 307}, "V2Engine._process_all_strict_tasks": {"executed_lines": [358, 359, 360, 361, 365, 366, 367, 368, 370, 371, 372, 373, 374, 375, 377, 378, 379, 381, 385, 387, 388, 389, 393, 394, 395, 396, 397, 400, 412, 413], "summary": {"covered_lines": 30, "num_statements": 45, "percent_covered": 66.66666666666667, "percent_covered_display": "67", "missing_lines": 15, "excluded_lines": 0, "percent_statements_covered": 66.66666666666667, "percent_statements_covered_display": "67"}, "missing_lines": [362, 363, 382, 383, 390, 391, 398, 399, 402, 404, 405, 406, 407, 408, 409], "excluded_lines": [], "start_line": 356}, "V2Engine._recover_chunk_via_dlq": {"executed_lines": [], "summary": {"covered_lines": 0, "num_statements": 22, "percent_covered": 0.0, "percent_covered_display": "0", "missing_lines": 22, "excluded_lines": 0, "percent_statements_covered": 0.0, "percent_statements_covered_display": "0"}, "missing_lines": [420, 421, 422, 423, 424, 426, 427, 428, 429, 430, 431, 434, 435, 437, 438, 439, 441, 442, 443, 444, 446, 447], "excluded_lines": [], "start_line": 415}, "V2Engine.get_dlq": {"executed_lines": [451, 452], "summary": {"covered_lines": 2, "num_statements": 2, "percent_covered": 100.0, "percent_covered_display": "100", "missing_lines": 0, "excluded_lines": 0, "percent_statements_covered": 100.0, "percent_statements_covered_display": "100"}, "missing_lines": [], "excluded_lines": [], "start_line": 449}, "V2Engine.retry_dlq": {"executed_lines": [460, 461, 462, 464, 476], "summary": {"covered_lines": 5, "num_statements": 13, "percent_covered": 38.46153846153846, "percent_covered_display": "38", "missing_lines": 8, "excluded_lines": 0, "percent_statements_covered": 38.46153846153846, "percent_statements_covered_display": "38"}, "missing_lines": [465, 466, 467, 469, 470, 471, 472, 474], "excluded_lines": [], "start_line": 454}, "V2Engine.clear_dlq": {"executed_lines": [480, 481], "summary": {"covered_lines": 2, "num_statements": 2, "percent_covered": 100.0, "percent_covered_display": "100", "missing_lines": 0, "excluded_lines": 0, "percent_statements_covered": 100.0, "percent_statements_covered_display": "100"}, "missing_lines": [], "excluded_lines": [], "start_line": 478}, "V2Engine.get_metrics": {"executed_lines": [485, 487, 488, 490, 491, 492, 493], "summary": {"covered_lines": 7, "num_statements": 8, "percent_covered": 87.5, "percent_covered_display": "88", "missing_lines": 1, "excluded_lines": 0, "percent_statements_covered": 87.5, "percent_statements_covered_display": "88"}, "missing_lines": [486], "excluded_lines": [], "start_line": 483}, "V2Engine.shutdown": {"executed_lines": [498, 499, 500, 501, 504, 505, 515, 516, 522, 523, 528], "summary": {"covered_lines": 11, "num_statements": 27, "percent_covered": 40.74074074074074, "percent_covered_display": "41", "missing_lines": 16, "excluded_lines": 2, "percent_statements_covered": 40.74074074074074, "percent_statements_covered_display": "41"}, "missing_lines": [517, 518, 524, 525, 529, 531, 532, 533, 534, 535, 536, 537, 538, 540, 544, 545], "excluded_lines": [509, 510], "start_line": 495}, "": {"executed_lines": [17, 19, 20, 21, 22, 23, 24, 25, 26, 27, 28, 30, 32, 35, 36, 39, 40, 43, 44, 45, 46, 47, 49, 50, 53, 59, 133, 151, 162, 174, 182, 187, 199, 232, 257, 264, 307, 356, 415, 449, 454, 478, 483, 495], "summary": {"covered_lines": 44, "num_statements": 44, "percent_covered": 100.0, "percent_covered_display": "100", "missing_lines": 0, "excluded_lines": 0, "percent_statements_covered": 100.0, "percent_statements_covered_display": "100"}, "missing_lines": [], "excluded_lines": [], "start_line": 1}}, "classes": {"StrictTask": {"executed_lines": [], "summary": {"covered_lines": 0, "num_statements": 0, "percent_covered": 100.0, "percent_covered_display": "100", "missing_lines": 0, "excluded_lines": 0, "percent_statements_covered": 100.0, "percent_statements_covered_display": "100"}, "missing_lines": [], "excluded_lines": [], "start_line": 40}, "V2Engine": {"executed_lines": [71, 72, 75, 76, 79, 81, 82, 83, 84, 88, 89, 90, 93, 94, 99, 100, 103, 104, 105, 106, 109, 110, 111, 124, 127, 128, 131, 136, 137, 140, 141, 142, 143, 144, 146, 148, 149, 153, 154, 155, 158, 166, 168, 169, 170, 172, 176, 177, 178, 180, 189, 190, 191, 192, 193, 194, 195, 212, 221, 228, 234, 238, 239, 245, 246, 247, 249, 250, 251, 261, 262, 270, 273, 274, 275, 276, 279, 280, 281, 283, 284, 285, 287, 288, 297, 299, 300, 301, 302, 303, 304, 305, 309, 311, 312, 313, 314, 315, 316, 317, 319, 320, 321, 322, 323, 325, 326, 327, 328, 329, 330, 331, 332, 333, 337, 338, 342, 344, 345, 346, 348, 353, 354, 358, 359, 360, 361, 365, 366, 367, 368, 370, 371, 372, 373, 374, 375, 377, 378, 379, 381, 385, 387, 388, 389, 393, 394, 395, 396, 397, 400, 412, 413, 451, 452, 460, 461, 462, 464, 476, 480, 481, 485, 487, 488, 490, 491, 492, 493, 498, 499, 500, 501, 504, 505, 515, 516, 522, 523, 528], "summary": {"covered_lines": 180, "num_statements": 255, "percent_covered": 70.58823529411765, "percent_covered_display": "71", "missing_lines": 75, "excluded_lines": 2, "percent_statements_covered": 70.58823529411765, "percent_statements_covered_display": "71"}, "missing_lines": [80, 156, 157, 184, 185, 235, 255, 289, 291, 294, 349, 350, 351, 362, 363, 382, 383, 390, 391, 398, 399, 402, 404, 405, 406, 407, 408, 409, 420, 421, 422, 423, 424, 426, 427, 428, 429, 430, 431, 434, 435, 437, 438, 439, 441, 442, 443, 444, 446, 447, 465, 466, 467, 469, 470, 471, 472, 474, 486, 517, 518, 524, 525, 529, 531, 532, 533, 534, 535, 536, 537, 538, 540, 544, 545], "excluded_lines": [509, 510], "start_line": 53}, "": {"executed_lines": [17, 19, 20, 21, 22, 23, 24, 25, 26, 27, 28, 30, 32, 35, 36, 39, 40, 43, 44, 45, 46, 47, 49, 50, 53, 59, 133, 151, 162, 174, 182, 187, 199, 232, 257, 264, 307, 356, 415, 449, 454, 478, 483, 495], "summary": {"covered_lines": 44, "num_statements": 44, "percent_covered": 100.0, "percent_covered_display": "100", "missing_lines": 0, "excluded_lines": 0, "percent_statements_covered": 100.0, "percent_statements_covered_display": "100"}, "missing_lines": [], "excluded_lines": [], "start_line": 1}}}}, "totals": {"covered_lines": 2476, "num_statements": 2879, "percent_covered": 86.00208405696422, "percent_covered_display": "86", "missing_lines": 403, "excluded_lines": 8, "percent_statements_covered": 86.00208405696422, "percent_statements_covered_display": "86"}}