{"meta": {"format": 3, "version": "7.13.5", "timestamp": "2026-04-20T05:37:04.232485", "branch_coverage": false, "show_contexts": false}, "files": {"src/nanasqlite/__init__.py": {"executed_lines": [24, 26, 27, 28, 29, 30, 40, 41, 43, 44, 45], "summary": {"covered_lines": 11, "num_statements": 11, "percent_covered": 100.0, "percent_covered_display": "100", "missing_lines": 0, "excluded_lines": 0, "percent_statements_covered": 100.0, "percent_statements_covered_display": "100"}, "missing_lines": [], "excluded_lines": [], "functions": {"": {"executed_lines": [24, 26, 27, 28, 29, 30, 40, 41, 43, 44, 45], "summary": {"covered_lines": 11, "num_statements": 11, "percent_covered": 100.0, "percent_covered_display": "100", "missing_lines": 0, "excluded_lines": 0, "percent_statements_covered": 100.0, "percent_statements_covered_display": "100"}, "missing_lines": [], "excluded_lines": [], "start_line": 1}}, "classes": {"": {"executed_lines": [24, 26, 27, 28, 29, 30, 40, 41, 43, 44, 45], "summary": {"covered_lines": 11, "num_statements": 11, "percent_covered": 100.0, "percent_covered_display": "100", "missing_lines": 0, "excluded_lines": 0, "percent_statements_covered": 100.0, "percent_statements_covered_display": "100"}, "missing_lines": [], "excluded_lines": [], "start_line": 1}}}, "src/nanasqlite/async_core.py": {"executed_lines": [24, 26, 27, 28, 29, 30, 31, 32, 33, 35, 37, 38, 41, 44, 47, 50, 56, 57, 60, 101, 134, 135, 136, 137, 138, 139, 140, 141, 142, 143, 144, 146, 147, 148, 149, 150, 151, 152, 154, 155, 156, 157, 158, 159, 160, 161, 162, 163, 164, 165, 166, 167, 168, 169, 170, 171, 172, 173, 174, 175, 179, 186, 187, 188, 189, 190, 191, 193, 194, 195, 198, 199, 200, 201, 203, 205, 206, 208, 209, 210, 212, 213, 215, 216, 217, 219, 220, 222, 223, 224, 226, 233, 234, 240, 242, 243, 244, 245, 247, 248, 251, 252, 254, 256, 260, 261, 262, 293, 294, 296, 298, 299, 301, 302, 305, 306, 307, 308, 310, 311, 312, 314, 316, 317, 322, 323, 324, 325, 328, 329, 330, 331, 333, 335, 337, 338, 339, 343, 358, 359, 360, 362, 373, 374, 375, 377, 390, 391, 392, 394, 408, 409, 411, 412, 414, 424, 425, 426, 428, 438, 439, 440, 442, 452, 453, 454, 456, 466, 467, 468, 470, 485, 486, 487, 489, 501, 502, 505, 506, 508, 510, 518, 519, 522, 523, 525, 527, 534, 535, 536, 540, 548, 549, 550, 552, 560, 561, 562, 564, 572, 573, 574, 576, 585, 586, 587, 589, 603, 604, 605, 607, 632, 636, 643, 644, 645, 647, 658, 659, 660, 662, 675, 676, 677, 679, 693, 694, 695, 697, 710, 711, 712, 714, 724, 725, 726, 728, 738, 739, 740, 742, 752, 753, 754, 756, 770, 771, 772, 774, 787, 788, 789, 793, 809, 810, 811, 813, 827, 828, 829, 833, 847, 848, 849, 851, 865, 866, 867, 869, 883, 885, 886, 887, 888, 890, 891, 893, 907, 909, 910, 911, 912, 914, 915, 919, 938, 939, 940, 944, 960, 961, 962, 966, 1007, 1009, 1010, 1027, 1073, 1075, 1076, 1093, 1106, 1107, 1108, 1110, 1120, 1121, 1122, 1124, 1135, 1136, 1137, 1139, 1150, 1151, 1152, 1154, 1172, 1173, 1174, 1176, 1196, 1197, 1198, 1200, 1215, 1216, 1217, 1219, 1261, 1268, 1269, 1270, 1274, 1287, 1288, 1289, 1291, 1298, 1299, 1300, 1302, 1309, 1310, 1311, 1313, 1324, 1325, 1326, 1328, 1338, 1342, 1344, 1345, 1347, 1349, 1350, 1352, 1358, 1360, 1361, 1363, 1367, 1376, 1379, 1380, 1381, 1382, 1384, 1387, 1388, 1389, 1392, 1393, 1394, 1395, 1396, 1397, 1398, 1400, 1415, 1418, 1419, 1420, 1421, 1423, 1425, 1426, 1428, 1430, 1432, 1433, 1434, 1438, 1439, 1451, 1453, 1501, 1503, 1504, 1510, 1511, 1512, 1513, 1514, 1515, 1516, 1517, 1518, 1519, 1520, 1521, 1522, 1523, 1525, 1526, 1527, 1528, 1530, 1532, 1533, 1535, 1536, 1537, 1538, 1540, 1541, 1543, 1544, 1545, 1546, 1547, 1548, 1550, 1551, 1554, 1555, 1556, 1561, 1562, 1563, 1564, 1565, 1566, 1567, 1568, 1569, 1570, 1571, 1572, 1573, 1574, 1575, 1577, 1588, 1599, 1614, 1628, 1642, 1657, 1671, 1672, 1673, 1675, 1676, 1677, 1678, 1679, 1680, 1681, 1682, 1683, 1684, 1685, 1686, 1687, 1689, 1705, 1708, 1716, 1717, 1718, 1719, 1720, 1721, 1724, 1725, 1727, 1728, 1729, 1730, 1732, 1733, 1736, 1737, 1739, 1742, 1743, 1744, 1745, 1746, 1749, 1750, 1751, 1752, 1753, 1754, 1755, 1756, 1757, 1758, 1759, 1762, 1763, 1764, 1765, 1768, 1769, 1770, 1771, 1773, 1775, 1776, 1777, 1783, 1784, 1785, 1787, 1788, 1789, 1790, 1791, 1792, 1793, 1794, 1795, 1796, 1799, 1802, 1803, 1805, 1806, 1807, 1809, 1810, 1811, 1813, 1814], "summary": {"covered_lines": 548, "num_statements": 594, "percent_covered": 92.25589225589225, "percent_covered_display": "92", "missing_lines": 46, "excluded_lines": 2, "percent_statements_covered": 92.25589225589225, "percent_statements_covered_display": "92"}, "missing_lines": [180, 181, 182, 183, 184, 236, 237, 238, 257, 410, 626, 627, 628, 629, 1247, 1248, 1249, 1359, 1365, 1377, 1401, 1403, 1408, 1410, 1429, 1584, 1585, 1586, 1595, 1596, 1597, 1610, 1611, 1612, 1624, 1625, 1626, 1638, 1639, 1640, 1651, 1652, 1653, 1738, 1740, 1780], "excluded_lines": [61, 1329], "functions": {"AsyncNanaSQLite.__init__": {"executed_lines": [134, 135, 136, 137, 138, 139, 140, 141, 142, 143, 144, 146, 147, 148, 149, 150, 151, 152, 154, 155, 156, 157, 158, 159, 160, 161, 162, 163, 164, 165, 166, 167, 168, 169, 170, 171, 172, 173, 174, 175, 179, 186, 187, 188, 189, 190, 191, 193, 194, 195, 198, 199, 200, 201, 203], "summary": {"covered_lines": 55, "num_statements": 60, "percent_covered": 91.66666666666667, "percent_covered_display": "92", "missing_lines": 5, "excluded_lines": 0, "percent_statements_covered": 91.66666666666667, "percent_statements_covered_display": "92"}, "missing_lines": [180, 181, 182, 183, 184], "excluded_lines": [], "start_line": 101}, "AsyncNanaSQLite._validator": {"executed_lines": [208, 209, 210], "summary": {"covered_lines": 3, "num_statements": 3, "percent_covered": 100.0, "percent_covered_display": "100", "missing_lines": 0, "excluded_lines": 0, "percent_statements_covered": 100.0, "percent_statements_covered_display": "100"}, "missing_lines": [], "excluded_lines": [], "start_line": 206}, "AsyncNanaSQLite._coerce": {"executed_lines": [215, 216, 217], "summary": {"covered_lines": 3, "num_statements": 3, "percent_covered": 100.0, "percent_covered_display": "100", "missing_lines": 0, "excluded_lines": 0, "percent_statements_covered": 100.0, "percent_statements_covered_display": "100"}, "missing_lines": [], "excluded_lines": [], "start_line": 213}, "AsyncNanaSQLite._hooks": {"executed_lines": [222, 223, 224], "summary": {"covered_lines": 3, "num_statements": 3, "percent_covered": 100.0, "percent_covered_display": "100", "missing_lines": 0, "excluded_lines": 0, "percent_statements_covered": 100.0, "percent_statements_covered_display": "100"}, "missing_lines": [], "excluded_lines": [], "start_line": 220}, "AsyncNanaSQLite.add_hook": {"executed_lines": [233, 234], "summary": {"covered_lines": 2, "num_statements": 5, "percent_covered": 40.0, "percent_covered_display": "40", "missing_lines": 3, "excluded_lines": 0, "percent_statements_covered": 40.0, "percent_statements_covered_display": "40"}, "missing_lines": [236, 237, 238], "excluded_lines": [], "start_line": 226}, "AsyncNanaSQLite._ensure_initialized": {"executed_lines": [242, 243, 244, 245, 247, 248, 251, 252, 254, 256, 260, 261, 262, 293, 294, 296, 314], "summary": {"covered_lines": 17, "num_statements": 18, "percent_covered": 94.44444444444444, "percent_covered_display": "94", "missing_lines": 1, "excluded_lines": 0, "percent_statements_covered": 94.44444444444444, "percent_statements_covered_display": "94"}, "missing_lines": [257], "excluded_lines": [], "start_line": 240}, "AsyncNanaSQLite._ensure_initialized._init_pool_connection": {"executed_lines": [298, 299, 301, 302, 305, 306, 307, 308, 310, 311, 312], "summary": {"covered_lines": 11, "num_statements": 11, "percent_covered": 100.0, "percent_covered_display": "100", "missing_lines": 0, "excluded_lines": 0, "percent_statements_covered": 100.0, "percent_statements_covered_display": "100"}, "missing_lines": [], "excluded_lines": [], "start_line": 296}, "AsyncNanaSQLite._read_connection": {"executed_lines": [322, 323, 324, 325, 328, 329, 330, 331, 333], "summary": {"covered_lines": 9, "num_statements": 9, "percent_covered": 100.0, "percent_covered_display": "100", "missing_lines": 0, "excluded_lines": 0, "percent_statements_covered": 100.0, "percent_statements_covered_display": "100"}, "missing_lines": [], "excluded_lines": [], "start_line": 317}, "AsyncNanaSQLite._run_in_executor": {"executed_lines": [337, 338, 339], "summary": {"covered_lines": 3, "num_statements": 3, "percent_covered": 100.0, "percent_covered_display": "100", "missing_lines": 0, "excluded_lines": 0, "percent_statements_covered": 100.0, "percent_statements_covered_display": "100"}, "missing_lines": [], "excluded_lines": [], "start_line": 335}, "AsyncNanaSQLite.aget": {"executed_lines": [358, 359, 360], "summary": {"covered_lines": 3, "num_statements": 3, "percent_covered": 100.0, "percent_covered_display": "100", "missing_lines": 0, "excluded_lines": 0, "percent_statements_covered": 100.0, "percent_statements_covered_display": "100"}, "missing_lines": [], "excluded_lines": [], "start_line": 343}, "AsyncNanaSQLite.aset": {"executed_lines": [373, 374, 375], "summary": {"covered_lines": 3, "num_statements": 3, "percent_covered": 100.0, "percent_covered_display": "100", "missing_lines": 0, "excluded_lines": 0, "percent_statements_covered": 100.0, "percent_statements_covered_display": "100"}, "missing_lines": [], "excluded_lines": [], "start_line": 362}, "AsyncNanaSQLite.adelete": {"executed_lines": [390, 391, 392], "summary": {"covered_lines": 3, "num_statements": 3, "percent_covered": 100.0, "percent_covered_display": "100", "missing_lines": 0, "excluded_lines": 0, "percent_statements_covered": 100.0, "percent_statements_covered_display": "100"}, "missing_lines": [], "excluded_lines": [], "start_line": 377}, "AsyncNanaSQLite.acontains": {"executed_lines": [408, 409, 411, 412], "summary": {"covered_lines": 4, "num_statements": 5, "percent_covered": 80.0, "percent_covered_display": "80", "missing_lines": 1, "excluded_lines": 0, "percent_statements_covered": 80.0, "percent_statements_covered_display": "80"}, "missing_lines": [410], "excluded_lines": [], "start_line": 394}, "AsyncNanaSQLite.alen": {"executed_lines": [424, 425, 426], "summary": {"covered_lines": 3, "num_statements": 3, "percent_covered": 100.0, "percent_covered_display": "100", "missing_lines": 0, "excluded_lines": 0, "percent_statements_covered": 100.0, "percent_statements_covered_display": "100"}, "missing_lines": [], "excluded_lines": [], "start_line": 414}, "AsyncNanaSQLite.akeys": {"executed_lines": [438, 439, 440], "summary": {"covered_lines": 3, "num_statements": 3, "percent_covered": 100.0, "percent_covered_display": "100", "missing_lines": 0, "excluded_lines": 0, "percent_statements_covered": 100.0, "percent_statements_covered_display": "100"}, "missing_lines": [], "excluded_lines": [], "start_line": 428}, "AsyncNanaSQLite.avalues": {"executed_lines": [452, 453, 454], "summary": {"covered_lines": 3, "num_statements": 3, "percent_covered": 100.0, "percent_covered_display": "100", "missing_lines": 0, "excluded_lines": 0, "percent_statements_covered": 100.0, "percent_statements_covered_display": "100"}, "missing_lines": [], "excluded_lines": [], "start_line": 442}, "AsyncNanaSQLite.aitems": {"executed_lines": [466, 467, 468], "summary": {"covered_lines": 3, "num_statements": 3, "percent_covered": 100.0, "percent_covered_display": "100", "missing_lines": 0, "excluded_lines": 0, "percent_statements_covered": 100.0, "percent_statements_covered_display": "100"}, "missing_lines": [], "excluded_lines": [], "start_line": 456}, "AsyncNanaSQLite.apop": {"executed_lines": [485, 486, 487], "summary": {"covered_lines": 3, "num_statements": 3, "percent_covered": 100.0, "percent_covered_display": "100", "missing_lines": 0, "excluded_lines": 0, "percent_statements_covered": 100.0, "percent_statements_covered_display": "100"}, "missing_lines": [], "excluded_lines": [], "start_line": 470}, "AsyncNanaSQLite.aupdate": {"executed_lines": [501, 502, 505, 508], "summary": {"covered_lines": 4, "num_statements": 4, "percent_covered": 100.0, "percent_covered_display": "100", "missing_lines": 0, "excluded_lines": 0, "percent_statements_covered": 100.0, "percent_statements_covered_display": "100"}, "missing_lines": [], "excluded_lines": [], "start_line": 489}, "AsyncNanaSQLite.aupdate.update_wrapper": {"executed_lines": [506], "summary": {"covered_lines": 1, "num_statements": 1, "percent_covered": 100.0, "percent_covered_display": "100", "missing_lines": 0, "excluded_lines": 0, "percent_statements_covered": 100.0, "percent_statements_covered_display": "100"}, "missing_lines": [], "excluded_lines": [], "start_line": 505}, "AsyncNanaSQLite.aflush": {"executed_lines": [518, 519, 522, 525], "summary": {"covered_lines": 4, "num_statements": 4, "percent_covered": 100.0, "percent_covered_display": "100", "missing_lines": 0, "excluded_lines": 0, "percent_statements_covered": 100.0, "percent_statements_covered_display": "100"}, "missing_lines": [], "excluded_lines": [], "start_line": 510}, "AsyncNanaSQLite.aflush._flush_wrapper": {"executed_lines": [523], "summary": {"covered_lines": 1, "num_statements": 1, "percent_covered": 100.0, "percent_covered_display": "100", "missing_lines": 0, "excluded_lines": 0, "percent_statements_covered": 100.0, "percent_statements_covered_display": "100"}, "missing_lines": [], "excluded_lines": [], "start_line": 522}, "AsyncNanaSQLite.aclear": {"executed_lines": [534, 535, 536], "summary": {"covered_lines": 3, "num_statements": 3, "percent_covered": 100.0, "percent_covered_display": "100", "missing_lines": 0, "excluded_lines": 0, "percent_statements_covered": 100.0, "percent_statements_covered_display": "100"}, "missing_lines": [], "excluded_lines": [], "start_line": 527}, "AsyncNanaSQLite.aget_dlq": {"executed_lines": [548, 549, 550], "summary": {"covered_lines": 3, "num_statements": 3, "percent_covered": 100.0, "percent_covered_display": "100", "missing_lines": 0, "excluded_lines": 0, "percent_statements_covered": 100.0, "percent_statements_covered_display": "100"}, "missing_lines": [], "excluded_lines": [], "start_line": 540}, "AsyncNanaSQLite.aretry_dlq": {"executed_lines": [560, 561, 562], "summary": {"covered_lines": 3, "num_statements": 3, "percent_covered": 100.0, "percent_covered_display": "100", "missing_lines": 0, "excluded_lines": 0, "percent_statements_covered": 100.0, "percent_statements_covered_display": "100"}, "missing_lines": [], "excluded_lines": [], "start_line": 552}, "AsyncNanaSQLite.aclear_dlq": {"executed_lines": [572, 573, 574], "summary": {"covered_lines": 3, "num_statements": 3, "percent_covered": 100.0, "percent_covered_display": "100", "missing_lines": 0, "excluded_lines": 0, "percent_statements_covered": 100.0, "percent_statements_covered_display": "100"}, "missing_lines": [], "excluded_lines": [], "start_line": 564}, "AsyncNanaSQLite.aget_v2_metrics": {"executed_lines": [585, 586, 587], "summary": {"covered_lines": 3, "num_statements": 3, "percent_covered": 100.0, "percent_covered_display": "100", "missing_lines": 0, "excluded_lines": 0, "percent_statements_covered": 100.0, "percent_statements_covered_display": "100"}, "missing_lines": [], "excluded_lines": [], "start_line": 576}, "AsyncNanaSQLite.asetdefault": {"executed_lines": [603, 604, 605], "summary": {"covered_lines": 3, "num_statements": 3, "percent_covered": 100.0, "percent_covered_display": "100", "missing_lines": 0, "excluded_lines": 0, "percent_statements_covered": 100.0, "percent_statements_covered_display": "100"}, "missing_lines": [], "excluded_lines": [], "start_line": 589}, "AsyncNanaSQLite.aupsert": {"executed_lines": [1671, 1672, 1673], "summary": {"covered_lines": 3, "num_statements": 3, "percent_covered": 100.0, "percent_covered_display": "100", "missing_lines": 0, "excluded_lines": 0, "percent_statements_covered": 100.0, "percent_statements_covered_display": "100"}, "missing_lines": [], "excluded_lines": [], "start_line": 1657}, "AsyncNanaSQLite.load_all": {"executed_lines": [643, 644, 645], "summary": {"covered_lines": 3, "num_statements": 3, "percent_covered": 100.0, "percent_covered_display": "100", "missing_lines": 0, "excluded_lines": 0, "percent_statements_covered": 100.0, "percent_statements_covered_display": "100"}, "missing_lines": [], "excluded_lines": [], "start_line": 636}, "AsyncNanaSQLite.refresh": {"executed_lines": [658, 659, 660], "summary": {"covered_lines": 3, "num_statements": 3, "percent_covered": 100.0, "percent_covered_display": "100", "missing_lines": 0, "excluded_lines": 0, "percent_statements_covered": 100.0, "percent_statements_covered_display": "100"}, "missing_lines": [], "excluded_lines": [], "start_line": 647}, "AsyncNanaSQLite.is_cached": {"executed_lines": [675, 676, 677], "summary": {"covered_lines": 3, "num_statements": 3, "percent_covered": 100.0, "percent_covered_display": "100", "missing_lines": 0, "excluded_lines": 0, "percent_statements_covered": 100.0, "percent_statements_covered_display": "100"}, "missing_lines": [], "excluded_lines": [], "start_line": 662}, "AsyncNanaSQLite.batch_update": {"executed_lines": [693, 694, 695], "summary": {"covered_lines": 3, "num_statements": 3, "percent_covered": 100.0, "percent_covered_display": "100", "missing_lines": 0, "excluded_lines": 0, "percent_statements_covered": 100.0, "percent_statements_covered_display": "100"}, "missing_lines": [], "excluded_lines": [], "start_line": 679}, "AsyncNanaSQLite.batch_update_partial": {"executed_lines": [710, 711, 712], "summary": {"covered_lines": 3, "num_statements": 3, "percent_covered": 100.0, "percent_covered_display": "100", "missing_lines": 0, "excluded_lines": 0, "percent_statements_covered": 100.0, "percent_statements_covered_display": "100"}, "missing_lines": [], "excluded_lines": [], "start_line": 697}, "AsyncNanaSQLite.batch_delete": {"executed_lines": [724, 725, 726], "summary": {"covered_lines": 3, "num_statements": 3, "percent_covered": 100.0, "percent_covered_display": "100", "missing_lines": 0, "excluded_lines": 0, "percent_statements_covered": 100.0, "percent_statements_covered_display": "100"}, "missing_lines": [], "excluded_lines": [], "start_line": 714}, "AsyncNanaSQLite.to_dict": {"executed_lines": [738, 739, 740], "summary": {"covered_lines": 3, "num_statements": 3, "percent_covered": 100.0, "percent_covered_display": "100", "missing_lines": 0, "excluded_lines": 0, "percent_statements_covered": 100.0, "percent_statements_covered_display": "100"}, "missing_lines": [], "excluded_lines": [], "start_line": 728}, "AsyncNanaSQLite.copy": {"executed_lines": [752, 753, 754], "summary": {"covered_lines": 3, "num_statements": 3, "percent_covered": 100.0, "percent_covered_display": "100", "missing_lines": 0, "excluded_lines": 0, "percent_statements_covered": 100.0, "percent_statements_covered_display": "100"}, "missing_lines": [], "excluded_lines": [], "start_line": 742}, "AsyncNanaSQLite.get_fresh": {"executed_lines": [770, 771, 772], "summary": {"covered_lines": 3, "num_statements": 3, "percent_covered": 100.0, "percent_covered_display": "100", "missing_lines": 0, "excluded_lines": 0, "percent_statements_covered": 100.0, "percent_statements_covered_display": "100"}, "missing_lines": [], "excluded_lines": [], "start_line": 756}, "AsyncNanaSQLite.abatch_get": {"executed_lines": [787, 788, 789], "summary": {"covered_lines": 3, "num_statements": 3, "percent_covered": 100.0, "percent_covered_display": "100", "missing_lines": 0, "excluded_lines": 0, "percent_statements_covered": 100.0, "percent_statements_covered_display": "100"}, "missing_lines": [], "excluded_lines": [], "start_line": 774}, "AsyncNanaSQLite.set_model": {"executed_lines": [809, 810, 811], "summary": {"covered_lines": 3, "num_statements": 3, "percent_covered": 100.0, "percent_covered_display": "100", "missing_lines": 0, "excluded_lines": 0, "percent_statements_covered": 100.0, "percent_statements_covered_display": "100"}, "missing_lines": [], "excluded_lines": [], "start_line": 793}, "AsyncNanaSQLite.get_model": {"executed_lines": [827, 828, 829], "summary": {"covered_lines": 3, "num_statements": 3, "percent_covered": 100.0, "percent_covered_display": "100", "missing_lines": 0, "excluded_lines": 0, "percent_statements_covered": 100.0, "percent_statements_covered_display": "100"}, "missing_lines": [], "excluded_lines": [], "start_line": 813}, "AsyncNanaSQLite.execute": {"executed_lines": [847, 848, 849], "summary": {"covered_lines": 3, "num_statements": 3, "percent_covered": 100.0, "percent_covered_display": "100", "missing_lines": 0, "excluded_lines": 0, "percent_statements_covered": 100.0, "percent_statements_covered_display": "100"}, "missing_lines": [], "excluded_lines": [], "start_line": 833}, "AsyncNanaSQLite.execute_many": {"executed_lines": [865, 866, 867], "summary": {"covered_lines": 3, "num_statements": 3, "percent_covered": 100.0, "percent_covered_display": "100", "missing_lines": 0, "excluded_lines": 0, "percent_statements_covered": 100.0, "percent_statements_covered_display": "100"}, "missing_lines": [], "excluded_lines": [], "start_line": 851}, "AsyncNanaSQLite.fetch_one": {"executed_lines": [883, 885, 890, 891], "summary": {"covered_lines": 4, "num_statements": 4, "percent_covered": 100.0, "percent_covered_display": "100", "missing_lines": 0, "excluded_lines": 0, "percent_statements_covered": 100.0, "percent_statements_covered_display": "100"}, "missing_lines": [], "excluded_lines": [], "start_line": 869}, "AsyncNanaSQLite.fetch_one._fetch_one_impl": {"executed_lines": [886, 887, 888], "summary": {"covered_lines": 3, "num_statements": 3, "percent_covered": 100.0, "percent_covered_display": "100", "missing_lines": 0, "excluded_lines": 0, "percent_statements_covered": 100.0, "percent_statements_covered_display": "100"}, "missing_lines": [], "excluded_lines": [], "start_line": 885}, "AsyncNanaSQLite.fetch_all": {"executed_lines": [907, 909, 914, 915], "summary": {"covered_lines": 4, "num_statements": 4, "percent_covered": 100.0, "percent_covered_display": "100", "missing_lines": 0, "excluded_lines": 0, "percent_statements_covered": 100.0, "percent_statements_covered_display": "100"}, "missing_lines": [], "excluded_lines": [], "start_line": 893}, "AsyncNanaSQLite.fetch_all._fetch_all_impl": {"executed_lines": [910, 911, 912], "summary": {"covered_lines": 3, "num_statements": 3, "percent_covered": 100.0, "percent_covered_display": "100", "missing_lines": 0, "excluded_lines": 0, "percent_statements_covered": 100.0, "percent_statements_covered_display": "100"}, "missing_lines": [], "excluded_lines": [], "start_line": 909}, "AsyncNanaSQLite.create_table": {"executed_lines": [938, 939, 940], "summary": {"covered_lines": 3, "num_statements": 3, "percent_covered": 100.0, "percent_covered_display": "100", "missing_lines": 0, "excluded_lines": 0, "percent_statements_covered": 100.0, "percent_statements_covered_display": "100"}, "missing_lines": [], "excluded_lines": [], "start_line": 919}, "AsyncNanaSQLite.create_index": {"executed_lines": [960, 961, 962], "summary": {"covered_lines": 3, "num_statements": 3, "percent_covered": 100.0, "percent_covered_display": "100", "missing_lines": 0, "excluded_lines": 0, "percent_statements_covered": 100.0, "percent_statements_covered_display": "100"}, "missing_lines": [], "excluded_lines": [], "start_line": 944}, "AsyncNanaSQLite.query": {"executed_lines": [1007, 1009, 1010], "summary": {"covered_lines": 3, "num_statements": 3, "percent_covered": 100.0, "percent_covered_display": "100", "missing_lines": 0, "excluded_lines": 0, "percent_statements_covered": 100.0, "percent_statements_covered_display": "100"}, "missing_lines": [], "excluded_lines": [], "start_line": 966}, "AsyncNanaSQLite.query_with_pagination": {"executed_lines": [1073, 1075, 1076], "summary": {"covered_lines": 3, "num_statements": 3, "percent_covered": 100.0, "percent_covered_display": "100", "missing_lines": 0, "excluded_lines": 0, "percent_statements_covered": 100.0, "percent_statements_covered_display": "100"}, "missing_lines": [], "excluded_lines": [], "start_line": 1027}, "AsyncNanaSQLite.table_exists": {"executed_lines": [1106, 1107, 1108], "summary": {"covered_lines": 3, "num_statements": 3, "percent_covered": 100.0, "percent_covered_display": "100", "missing_lines": 0, "excluded_lines": 0, "percent_statements_covered": 100.0, "percent_statements_covered_display": "100"}, "missing_lines": [], "excluded_lines": [], "start_line": 1093}, "AsyncNanaSQLite.list_tables": {"executed_lines": [1120, 1121, 1122], "summary": {"covered_lines": 3, "num_statements": 3, "percent_covered": 100.0, "percent_covered_display": "100", "missing_lines": 0, "excluded_lines": 0, "percent_statements_covered": 100.0, "percent_statements_covered_display": "100"}, "missing_lines": [], "excluded_lines": [], "start_line": 1110}, "AsyncNanaSQLite.drop_table": {"executed_lines": [1135, 1136, 1137], "summary": {"covered_lines": 3, "num_statements": 3, "percent_covered": 100.0, "percent_covered_display": "100", "missing_lines": 0, "excluded_lines": 0, "percent_statements_covered": 100.0, "percent_statements_covered_display": "100"}, "missing_lines": [], "excluded_lines": [], "start_line": 1124}, "AsyncNanaSQLite.drop_index": {"executed_lines": [1150, 1151, 1152], "summary": {"covered_lines": 3, "num_statements": 3, "percent_covered": 100.0, "percent_covered_display": "100", "missing_lines": 0, "excluded_lines": 0, "percent_statements_covered": 100.0, "percent_statements_covered_display": "100"}, "missing_lines": [], "excluded_lines": [], "start_line": 1139}, "AsyncNanaSQLite.sql_insert": {"executed_lines": [1172, 1173, 1174], "summary": {"covered_lines": 3, "num_statements": 3, "percent_covered": 100.0, "percent_covered_display": "100", "missing_lines": 0, "excluded_lines": 0, "percent_statements_covered": 100.0, "percent_statements_covered_display": "100"}, "missing_lines": [], "excluded_lines": [], "start_line": 1154}, "AsyncNanaSQLite.sql_update": {"executed_lines": [1196, 1197, 1198], "summary": {"covered_lines": 3, "num_statements": 3, "percent_covered": 100.0, "percent_covered_display": "100", "missing_lines": 0, "excluded_lines": 0, "percent_statements_covered": 100.0, "percent_statements_covered_display": "100"}, "missing_lines": [], "excluded_lines": [], "start_line": 1176}, "AsyncNanaSQLite.sql_delete": {"executed_lines": [1215, 1216, 1217], "summary": {"covered_lines": 3, "num_statements": 3, "percent_covered": 100.0, "percent_covered_display": "100", "missing_lines": 0, "excluded_lines": 0, "percent_statements_covered": 100.0, "percent_statements_covered_display": "100"}, "missing_lines": [], "excluded_lines": [], "start_line": 1200}, "AsyncNanaSQLite.count": {"executed_lines": [], "summary": {"covered_lines": 0, "num_statements": 3, "percent_covered": 0.0, "percent_covered_display": "0", "missing_lines": 3, "excluded_lines": 0, "percent_statements_covered": 0.0, "percent_statements_covered_display": "0"}, "missing_lines": [1247, 1248, 1249], "excluded_lines": [], "start_line": 1219}, "AsyncNanaSQLite.vacuum": {"executed_lines": [1268, 1269, 1270], "summary": {"covered_lines": 3, "num_statements": 3, "percent_covered": 100.0, "percent_covered_display": "100", "missing_lines": 0, "excluded_lines": 0, "percent_statements_covered": 100.0, "percent_statements_covered_display": "100"}, "missing_lines": [], "excluded_lines": [], "start_line": 1261}, "AsyncNanaSQLite.begin_transaction": {"executed_lines": [1287, 1288, 1289], "summary": {"covered_lines": 3, "num_statements": 3, "percent_covered": 100.0, "percent_covered_display": "100", "missing_lines": 0, "excluded_lines": 0, "percent_statements_covered": 100.0, "percent_statements_covered_display": "100"}, "missing_lines": [], "excluded_lines": [], "start_line": 1274}, "AsyncNanaSQLite.commit": {"executed_lines": [1298, 1299, 1300], "summary": {"covered_lines": 3, "num_statements": 3, "percent_covered": 100.0, "percent_covered_display": "100", "missing_lines": 0, "excluded_lines": 0, "percent_statements_covered": 100.0, "percent_statements_covered_display": "100"}, "missing_lines": [], "excluded_lines": [], "start_line": 1291}, "AsyncNanaSQLite.rollback": {"executed_lines": [1309, 1310, 1311], "summary": {"covered_lines": 3, "num_statements": 3, "percent_covered": 100.0, "percent_covered_display": "100", "missing_lines": 0, "excluded_lines": 0, "percent_statements_covered": 100.0, "percent_statements_covered_display": "100"}, "missing_lines": [], "excluded_lines": [], "start_line": 1302}, "AsyncNanaSQLite.in_transaction": {"executed_lines": [1324, 1325, 1326], "summary": {"covered_lines": 3, "num_statements": 3, "percent_covered": 100.0, "percent_covered_display": "100", "missing_lines": 0, "excluded_lines": 0, "percent_statements_covered": 100.0, "percent_statements_covered_display": "100"}, "missing_lines": [], "excluded_lines": [], "start_line": 1313}, "AsyncNanaSQLite.transaction": {"executed_lines": [1338], "summary": {"covered_lines": 1, "num_statements": 1, "percent_covered": 100.0, "percent_covered_display": "100", "missing_lines": 0, "excluded_lines": 1, "percent_statements_covered": 100.0, "percent_statements_covered_display": "100"}, "missing_lines": [], "excluded_lines": [1329], "start_line": 1328}, "AsyncNanaSQLite.__aenter__": {"executed_lines": [1344, 1345], "summary": {"covered_lines": 2, "num_statements": 2, "percent_covered": 100.0, "percent_covered_display": "100", "missing_lines": 0, "excluded_lines": 0, "percent_statements_covered": 100.0, "percent_statements_covered_display": "100"}, "missing_lines": [], "excluded_lines": [], "start_line": 1342}, "AsyncNanaSQLite.__aexit__": {"executed_lines": [1349, 1350], "summary": {"covered_lines": 2, "num_statements": 2, "percent_covered": 100.0, "percent_covered_display": "100", "missing_lines": 0, "excluded_lines": 0, "percent_statements_covered": 100.0, "percent_statements_covered_display": "100"}, "missing_lines": [], "excluded_lines": [], "start_line": 1347}, "AsyncNanaSQLite.aclear_cache": {"executed_lines": [1358, 1360, 1361], "summary": {"covered_lines": 3, "num_statements": 4, "percent_covered": 75.0, "percent_covered_display": "75", "missing_lines": 1, "excluded_lines": 0, "percent_statements_covered": 75.0, "percent_statements_covered_display": "75"}, "missing_lines": [1359], "excluded_lines": [], "start_line": 1352}, "AsyncNanaSQLite.clear_cache": {"executed_lines": [], "summary": {"covered_lines": 0, "num_statements": 1, "percent_covered": 0.0, "percent_covered_display": "0", "missing_lines": 1, "excluded_lines": 0, "percent_statements_covered": 0.0, "percent_statements_covered_display": "0"}, "missing_lines": [1365], "excluded_lines": [], "start_line": 1363}, "AsyncNanaSQLite.close": {"executed_lines": [1376, 1379, 1380, 1381, 1382, 1384, 1387, 1388, 1389, 1392, 1393, 1394, 1395, 1396, 1397, 1398, 1400, 1415, 1418, 1419, 1420, 1421], "summary": {"covered_lines": 22, "num_statements": 27, "percent_covered": 81.48148148148148, "percent_covered_display": "81", "missing_lines": 5, "excluded_lines": 0, "percent_statements_covered": 81.48148148148148, "percent_statements_covered_display": "81"}, "missing_lines": [1377, 1401, 1403, 1408, 1410], "excluded_lines": [], "start_line": 1367}, "AsyncNanaSQLite._mark_parent_closed": {"executed_lines": [1425, 1426, 1428, 1430], "summary": {"covered_lines": 4, "num_statements": 5, "percent_covered": 80.0, "percent_covered_display": "80", "missing_lines": 1, "excluded_lines": 0, "percent_statements_covered": 80.0, "percent_statements_covered_display": "80"}, "missing_lines": [1429], "excluded_lines": [], "start_line": 1423}, "AsyncNanaSQLite.__repr__": {"executed_lines": [1433, 1434], "summary": {"covered_lines": 2, "num_statements": 2, "percent_covered": 100.0, "percent_covered_display": "100", "missing_lines": 0, "excluded_lines": 0, "percent_statements_covered": 100.0, "percent_statements_covered_display": "100"}, "missing_lines": [], "excluded_lines": [], "start_line": 1432}, "AsyncNanaSQLite.sync_db": {"executed_lines": [1451], "summary": {"covered_lines": 1, "num_statements": 1, "percent_covered": 100.0, "percent_covered_display": "100", "missing_lines": 0, "excluded_lines": 0, "percent_statements_covered": 100.0, "percent_statements_covered_display": "100"}, "missing_lines": [], "excluded_lines": [], "start_line": 1439}, "AsyncNanaSQLite.table": {"executed_lines": [1501, 1503, 1504, 1510, 1511, 1512, 1513, 1514, 1515, 1516, 1517, 1518, 1519, 1520, 1521, 1522, 1523, 1525, 1526, 1527, 1528, 1530, 1532, 1533, 1535, 1536, 1537, 1538, 1540, 1541, 1543, 1544, 1545, 1546, 1547, 1548, 1550, 1551, 1554, 1555, 1556], "summary": {"covered_lines": 41, "num_statements": 41, "percent_covered": 100.0, "percent_covered_display": "100", "missing_lines": 0, "excluded_lines": 0, "percent_statements_covered": 100.0, "percent_statements_covered_display": "100"}, "missing_lines": [], "excluded_lines": [], "start_line": 1453}, "AsyncNanaSQLite.abackup": {"executed_lines": [], "summary": {"covered_lines": 0, "num_statements": 3, "percent_covered": 0.0, "percent_covered_display": "0", "missing_lines": 3, "excluded_lines": 0, "percent_statements_covered": 0.0, "percent_statements_covered_display": "0"}, "missing_lines": [1584, 1585, 1586], "excluded_lines": [], "start_line": 1577}, "AsyncNanaSQLite.arestore": {"executed_lines": [], "summary": {"covered_lines": 0, "num_statements": 3, "percent_covered": 0.0, "percent_covered_display": "0", "missing_lines": 3, "excluded_lines": 0, "percent_statements_covered": 0.0, "percent_statements_covered_display": "0"}, "missing_lines": [1595, 1596, 1597], "excluded_lines": [], "start_line": 1588}, "AsyncNanaSQLite.apragma": {"executed_lines": [], "summary": {"covered_lines": 0, "num_statements": 3, "percent_covered": 0.0, "percent_covered_display": "0", "missing_lines": 3, "excluded_lines": 0, "percent_statements_covered": 0.0, "percent_statements_covered_display": "0"}, "missing_lines": [1610, 1611, 1612], "excluded_lines": [], "start_line": 1599}, "AsyncNanaSQLite.aget_table_schema": {"executed_lines": [], "summary": {"covered_lines": 0, "num_statements": 3, "percent_covered": 0.0, "percent_covered_display": "0", "missing_lines": 3, "excluded_lines": 0, "percent_statements_covered": 0.0, "percent_statements_covered_display": "0"}, "missing_lines": [1624, 1625, 1626], "excluded_lines": [], "start_line": 1614}, "AsyncNanaSQLite.alist_indexes": {"executed_lines": [], "summary": {"covered_lines": 0, "num_statements": 3, "percent_covered": 0.0, "percent_covered_display": "0", "missing_lines": 3, "excluded_lines": 0, "percent_statements_covered": 0.0, "percent_statements_covered_display": "0"}, "missing_lines": [1638, 1639, 1640], "excluded_lines": [], "start_line": 1628}, "AsyncNanaSQLite.aalter_table_add_column": {"executed_lines": [], "summary": {"covered_lines": 0, "num_statements": 3, "percent_covered": 0.0, "percent_covered_display": "0", "missing_lines": 3, "excluded_lines": 0, "percent_statements_covered": 0.0, "percent_statements_covered_display": "0"}, "missing_lines": [1651, 1652, 1653], "excluded_lines": [], "start_line": 1642}, "AsyncNanaSQLite._shared_query_impl": {"executed_lines": [1705, 1708, 1716, 1717, 1718, 1719, 1720, 1721, 1724, 1725, 1727, 1728, 1729, 1730, 1732, 1733, 1736, 1737, 1739, 1742, 1743, 1744, 1745, 1746, 1749, 1750, 1751, 1752, 1753, 1754, 1755, 1756, 1757, 1758, 1759, 1762, 1763, 1764, 1765, 1768, 1769, 1770, 1771, 1773, 1775, 1776, 1777, 1783, 1784, 1785], "summary": {"covered_lines": 50, "num_statements": 53, "percent_covered": 94.33962264150944, "percent_covered_display": "94", "missing_lines": 3, "excluded_lines": 0, "percent_statements_covered": 94.33962264150944, "percent_statements_covered_display": "94"}, "missing_lines": [1738, 1740, 1780], "excluded_lines": [], "start_line": 1689}, "_AsyncTransactionContext.__init__": {"executed_lines": [1803], "summary": {"covered_lines": 1, "num_statements": 1, "percent_covered": 100.0, "percent_covered_display": "100", "missing_lines": 0, "excluded_lines": 0, "percent_statements_covered": 100.0, "percent_statements_covered_display": "100"}, "missing_lines": [], "excluded_lines": [], "start_line": 1802}, "_AsyncTransactionContext.__aenter__": {"executed_lines": [1806, 1807], "summary": {"covered_lines": 2, "num_statements": 2, "percent_covered": 100.0, "percent_covered_display": "100", "missing_lines": 0, "excluded_lines": 0, "percent_statements_covered": 100.0, "percent_statements_covered_display": "100"}, "missing_lines": [], "excluded_lines": [], "start_line": 1805}, "_AsyncTransactionContext.__aexit__": {"executed_lines": [1810, 1811, 1813, 1814], "summary": {"covered_lines": 4, "num_statements": 4, "percent_covered": 100.0, "percent_covered_display": "100", "missing_lines": 0, "excluded_lines": 0, "percent_statements_covered": 100.0, "percent_statements_covered_display": "100"}, "missing_lines": [], "excluded_lines": [], "start_line": 1809}, "": {"executed_lines": [24, 26, 27, 28, 29, 30, 31, 32, 33, 35, 37, 38, 41, 44, 47, 50, 56, 57, 60, 101, 205, 206, 212, 213, 219, 220, 226, 240, 316, 317, 335, 343, 362, 377, 394, 414, 428, 442, 456, 470, 489, 510, 527, 540, 552, 564, 576, 589, 607, 632, 636, 647, 662, 679, 697, 714, 728, 742, 756, 774, 793, 813, 833, 851, 869, 893, 919, 944, 966, 1027, 1093, 1110, 1124, 1139, 1154, 1176, 1200, 1219, 1261, 1274, 1291, 1302, 1313, 1328, 1342, 1347, 1352, 1363, 1367, 1423, 1432, 1438, 1439, 1453, 1561, 1562, 1563, 1564, 1565, 1566, 1567, 1568, 1569, 1570, 1571, 1572, 1573, 1574, 1575, 1577, 1588, 1599, 1614, 1628, 1642, 1657, 1675, 1676, 1677, 1678, 1679, 1680, 1681, 1682, 1683, 1684, 1685, 1686, 1687, 1689, 1787, 1788, 1789, 1790, 1791, 1792, 1793, 1794, 1795, 1796, 1799, 1802, 1805, 1809], "summary": {"covered_lines": 144, "num_statements": 144, "percent_covered": 100.0, "percent_covered_display": "100", "missing_lines": 0, "excluded_lines": 1, "percent_statements_covered": 100.0, "percent_statements_covered_display": "100"}, "missing_lines": [], "excluded_lines": [61], "start_line": 1}}, "classes": {"AsyncNanaSQLite": {"executed_lines": [134, 135, 136, 137, 138, 139, 140, 141, 142, 143, 144, 146, 147, 148, 149, 150, 151, 152, 154, 155, 156, 157, 158, 159, 160, 161, 162, 163, 164, 165, 166, 167, 168, 169, 170, 171, 172, 173, 174, 175, 179, 186, 187, 188, 189, 190, 191, 193, 194, 195, 198, 199, 200, 201, 203, 208, 209, 210, 215, 216, 217, 222, 223, 224, 233, 234, 242, 243, 244, 245, 247, 248, 251, 252, 254, 256, 260, 261, 262, 293, 294, 296, 298, 299, 301, 302, 305, 306, 307, 308, 310, 311, 312, 314, 322, 323, 324, 325, 328, 329, 330, 331, 333, 337, 338, 339, 358, 359, 360, 373, 374, 375, 390, 391, 392, 408, 409, 411, 412, 424, 425, 426, 438, 439, 440, 452, 453, 454, 466, 467, 468, 485, 486, 487, 501, 502, 505, 506, 508, 518, 519, 522, 523, 525, 534, 535, 536, 548, 549, 550, 560, 561, 562, 572, 573, 574, 585, 586, 587, 603, 604, 605, 643, 644, 645, 658, 659, 660, 675, 676, 677, 693, 694, 695, 710, 711, 712, 724, 725, 726, 738, 739, 740, 752, 753, 754, 770, 771, 772, 787, 788, 789, 809, 810, 811, 827, 828, 829, 847, 848, 849, 865, 866, 867, 883, 885, 886, 887, 888, 890, 891, 907, 909, 910, 911, 912, 914, 915, 938, 939, 940, 960, 961, 962, 1007, 1009, 1010, 1073, 1075, 1076, 1106, 1107, 1108, 1120, 1121, 1122, 1135, 1136, 1137, 1150, 1151, 1152, 1172, 1173, 1174, 1196, 1197, 1198, 1215, 1216, 1217, 1268, 1269, 1270, 1287, 1288, 1289, 1298, 1299, 1300, 1309, 1310, 1311, 1324, 1325, 1326, 1338, 1344, 1345, 1349, 1350, 1358, 1360, 1361, 1376, 1379, 1380, 1381, 1382, 1384, 1387, 1388, 1389, 1392, 1393, 1394, 1395, 1396, 1397, 1398, 1400, 1415, 1418, 1419, 1420, 1421, 1425, 1426, 1428, 1430, 1433, 1434, 1451, 1501, 1503, 1504, 1510, 1511, 1512, 1513, 1514, 1515, 1516, 1517, 1518, 1519, 1520, 1521, 1522, 1523, 1525, 1526, 1527, 1528, 1530, 1532, 1533, 1535, 1536, 1537, 1538, 1540, 1541, 1543, 1544, 1545, 1546, 1547, 1548, 1550, 1551, 1554, 1555, 1556, 1671, 1672, 1673, 1705, 1708, 1716, 1717, 1718, 1719, 1720, 1721, 1724, 1725, 1727, 1728, 1729, 1730, 1732, 1733, 1736, 1737, 1739, 1742, 1743, 1744, 1745, 1746, 1749, 1750, 1751, 1752, 1753, 1754, 1755, 1756, 1757, 1758, 1759, 1762, 1763, 1764, 1765, 1768, 1769, 1770, 1771, 1773, 1775, 1776, 1777, 1783, 1784, 1785], "summary": {"covered_lines": 397, "num_statements": 443, "percent_covered": 89.61625282167043, "percent_covered_display": "90", "missing_lines": 46, "excluded_lines": 1, "percent_statements_covered": 89.61625282167043, "percent_statements_covered_display": "90"}, "missing_lines": [180, 181, 182, 183, 184, 236, 237, 238, 257, 410, 626, 627, 628, 629, 1247, 1248, 1249, 1359, 1365, 1377, 1401, 1403, 1408, 1410, 1429, 1584, 1585, 1586, 1595, 1596, 1597, 1610, 1611, 1612, 1624, 1625, 1626, 1638, 1639, 1640, 1651, 1652, 1653, 1738, 1740, 1780], "excluded_lines": [1329], "start_line": 60}, "_AsyncTransactionContext": {"executed_lines": [1803, 1806, 1807, 1810, 1811, 1813, 1814], "summary": {"covered_lines": 7, "num_statements": 7, "percent_covered": 100.0, "percent_covered_display": "100", "missing_lines": 0, "excluded_lines": 0, "percent_statements_covered": 100.0, "percent_statements_covered_display": "100"}, "missing_lines": [], "excluded_lines": [], "start_line": 1799}, "": {"executed_lines": [24, 26, 27, 28, 29, 30, 31, 32, 33, 35, 37, 38, 41, 44, 47, 50, 56, 57, 60, 101, 205, 206, 212, 213, 219, 220, 226, 240, 316, 317, 335, 343, 362, 377, 394, 414, 428, 442, 456, 470, 489, 510, 527, 540, 552, 564, 576, 589, 607, 632, 636, 647, 662, 679, 697, 714, 728, 742, 756, 774, 793, 813, 833, 851, 869, 893, 919, 944, 966, 1027, 1093, 1110, 1124, 1139, 1154, 1176, 1200, 1219, 1261, 1274, 1291, 1302, 1313, 1328, 1342, 1347, 1352, 1363, 1367, 1423, 1432, 1438, 1439, 1453, 1561, 1562, 1563, 1564, 1565, 1566, 1567, 1568, 1569, 1570, 1571, 1572, 1573, 1574, 1575, 1577, 1588, 1599, 1614, 1628, 1642, 1657, 1675, 1676, 1677, 1678, 1679, 1680, 1681, 1682, 1683, 1684, 1685, 1686, 1687, 1689, 1787, 1788, 1789, 1790, 1791, 1792, 1793, 1794, 1795, 1796, 1799, 1802, 1805, 1809], "summary": {"covered_lines": 144, "num_statements": 144, "percent_covered": 100.0, "percent_covered_display": "100", "missing_lines": 0, "excluded_lines": 1, "percent_statements_covered": 100.0, "percent_statements_covered_display": "100"}, "missing_lines": [], "excluded_lines": [61], "start_line": 1}}}, "src/nanasqlite/cache.py": {"executed_lines": [6, 8, 9, 10, 11, 12, 13, 15, 17, 20, 21, 22, 24, 25, 31, 34, 37, 38, 39, 42, 45, 46, 49, 50, 53, 54, 57, 58, 61, 62, 65, 66, 69, 70, 73, 74, 77, 78, 81, 82, 83, 87, 94, 95, 96, 97, 99, 102, 103, 104, 106, 107, 108, 110, 111, 113, 114, 115, 119, 121, 126, 129, 132, 133, 135, 136, 137, 139, 140, 142, 143, 144, 147, 153, 159, 165, 171, 175, 178, 181, 185, 188, 191, 194, 195, 199, 204, 205, 207, 209, 210, 212, 213, 215, 216, 217, 219, 220, 222, 225, 226, 228, 229, 231, 232, 234, 236, 238, 239, 240, 243, 248, 261, 262, 263, 265, 266, 268, 269, 275, 276, 278, 283, 284, 285, 287, 288, 290, 292, 294, 297, 300, 301, 304, 305, 308, 316, 317, 319, 320, 321, 323, 324, 325, 329, 330, 331, 332, 334], "summary": {"covered_lines": 149, "num_statements": 190, "percent_covered": 78.42105263157895, "percent_covered_display": "78", "missing_lines": 41, "excluded_lines": 0, "percent_statements_covered": 78.42105263157895, "percent_statements_covered_display": "78"}, "missing_lines": [26, 27, 100, 122, 123, 124, 127, 130, 154, 155, 160, 161, 162, 163, 166, 167, 168, 169, 172, 173, 176, 179, 183, 186, 189, 192, 196, 206, 223, 270, 271, 272, 273, 279, 280, 281, 295, 298, 302, 326, 327], "excluded_lines": [], "functions": {"CacheStrategy.get": {"executed_lines": [], "summary": {"covered_lines": 0, "num_statements": 0, "percent_covered": 100.0, "percent_covered_display": "100", "missing_lines": 0, "excluded_lines": 0, "percent_statements_covered": 100.0, "percent_statements_covered_display": "100"}, "missing_lines": [], "excluded_lines": [], "start_line": 46}, "CacheStrategy.set": {"executed_lines": [], "summary": {"covered_lines": 0, "num_statements": 0, "percent_covered": 100.0, "percent_covered_display": "100", "missing_lines": 0, "excluded_lines": 0, "percent_statements_covered": 100.0, "percent_statements_covered_display": "100"}, "missing_lines": [], "excluded_lines": [], "start_line": 50}, "CacheStrategy.delete": {"executed_lines": [], "summary": {"covered_lines": 0, "num_statements": 0, "percent_covered": 100.0, "percent_covered_display": "100", "missing_lines": 0, "excluded_lines": 0, "percent_statements_covered": 100.0, "percent_statements_covered_display": "100"}, "missing_lines": [], "excluded_lines": [], "start_line": 54}, "CacheStrategy.invalidate": {"executed_lines": [], "summary": {"covered_lines": 0, "num_statements": 0, "percent_covered": 100.0, "percent_covered_display": "100", "missing_lines": 0, "excluded_lines": 0, "percent_statements_covered": 100.0, "percent_statements_covered_display": "100"}, "missing_lines": [], "excluded_lines": [], "start_line": 58}, "CacheStrategy.contains": {"executed_lines": [], "summary": {"covered_lines": 0, "num_statements": 0, "percent_covered": 100.0, "percent_covered_display": "100", "missing_lines": 0, "excluded_lines": 0, "percent_statements_covered": 100.0, "percent_statements_covered_display": "100"}, "missing_lines": [], "excluded_lines": [], "start_line": 62}, "CacheStrategy.mark_cached": {"executed_lines": [], "summary": {"covered_lines": 0, "num_statements": 0, "percent_covered": 100.0, "percent_covered_display": "100", "missing_lines": 0, "excluded_lines": 0, "percent_statements_covered": 100.0, "percent_statements_covered_display": "100"}, "missing_lines": [], "excluded_lines": [], "start_line": 66}, "CacheStrategy.is_cached": {"executed_lines": [], "summary": {"covered_lines": 0, "num_statements": 0, "percent_covered": 100.0, "percent_covered_display": "100", "missing_lines": 0, "excluded_lines": 0, "percent_statements_covered": 100.0, "percent_statements_covered_display": "100"}, "missing_lines": [], "excluded_lines": [], "start_line": 70}, "CacheStrategy.clear": {"executed_lines": [], "summary": {"covered_lines": 0, "num_statements": 0, "percent_covered": 100.0, "percent_covered_display": "100", "missing_lines": 0, "excluded_lines": 0, "percent_statements_covered": 100.0, "percent_statements_covered_display": "100"}, "missing_lines": [], "excluded_lines": [], "start_line": 74}, "CacheStrategy.get_data": {"executed_lines": [], "summary": {"covered_lines": 0, "num_statements": 0, "percent_covered": 100.0, "percent_covered_display": "100", "missing_lines": 0, "excluded_lines": 0, "percent_statements_covered": 100.0, "percent_statements_covered_display": "100"}, "missing_lines": [], "excluded_lines": [], "start_line": 78}, "CacheStrategy.size": {"executed_lines": [], "summary": {"covered_lines": 0, "num_statements": 0, "percent_covered": 100.0, "percent_covered_display": "100", "missing_lines": 0, "excluded_lines": 0, "percent_statements_covered": 100.0, "percent_statements_covered_display": "100"}, "missing_lines": [], "excluded_lines": [], "start_line": 83}, "UnboundedCache.__init__": {"executed_lines": [95, 96, 97], "summary": {"covered_lines": 3, "num_statements": 3, "percent_covered": 100.0, "percent_covered_display": "100", "missing_lines": 0, "excluded_lines": 0, "percent_statements_covered": 100.0, "percent_statements_covered_display": "100"}, "missing_lines": [], "excluded_lines": [], "start_line": 94}, "UnboundedCache.get": {"executed_lines": [], "summary": {"covered_lines": 0, "num_statements": 1, "percent_covered": 0.0, "percent_covered_display": "0", "missing_lines": 1, "excluded_lines": 0, "percent_statements_covered": 0.0, "percent_statements_covered_display": "0"}, "missing_lines": [100], "excluded_lines": [], "start_line": 99}, "UnboundedCache.set": {"executed_lines": [103, 104, 106, 107, 108, 110, 111], "summary": {"covered_lines": 7, "num_statements": 7, "percent_covered": 100.0, "percent_covered_display": "100", "missing_lines": 0, "excluded_lines": 0, "percent_statements_covered": 100.0, "percent_statements_covered_display": "100"}, "missing_lines": [], "excluded_lines": [], "start_line": 102}, "UnboundedCache.delete": {"executed_lines": [114, 115, 119], "summary": {"covered_lines": 3, "num_statements": 3, "percent_covered": 100.0, "percent_covered_display": "100", "missing_lines": 0, "excluded_lines": 0, "percent_statements_covered": 100.0, "percent_statements_covered_display": "100"}, "missing_lines": [], "excluded_lines": [], "start_line": 113}, "UnboundedCache.invalidate": {"executed_lines": [], "summary": {"covered_lines": 0, "num_statements": 3, "percent_covered": 0.0, "percent_covered_display": "0", "missing_lines": 3, "excluded_lines": 0, "percent_statements_covered": 0.0, "percent_statements_covered_display": "0"}, "missing_lines": [122, 123, 124], "excluded_lines": [], "start_line": 121}, "UnboundedCache.contains": {"executed_lines": [], "summary": {"covered_lines": 0, "num_statements": 1, "percent_covered": 0.0, "percent_covered_display": "0", "missing_lines": 1, "excluded_lines": 0, "percent_statements_covered": 0.0, "percent_statements_covered_display": "0"}, "missing_lines": [127], "excluded_lines": [], "start_line": 126}, "UnboundedCache.mark_cached": {"executed_lines": [], "summary": {"covered_lines": 0, "num_statements": 1, "percent_covered": 0.0, "percent_covered_display": "0", "missing_lines": 1, "excluded_lines": 0, "percent_statements_covered": 0.0, "percent_statements_covered_display": "0"}, "missing_lines": [130], "excluded_lines": [], "start_line": 129}, "UnboundedCache.is_cached": {"executed_lines": [133], "summary": {"covered_lines": 1, "num_statements": 1, "percent_covered": 100.0, "percent_covered_display": "100", "missing_lines": 0, "excluded_lines": 0, "percent_statements_covered": 100.0, "percent_statements_covered_display": "100"}, "missing_lines": [], "excluded_lines": [], "start_line": 132}, "UnboundedCache.clear": {"executed_lines": [136, 137], "summary": {"covered_lines": 2, "num_statements": 2, "percent_covered": 100.0, "percent_covered_display": "100", "missing_lines": 0, "excluded_lines": 0, "percent_statements_covered": 100.0, "percent_statements_covered_display": "100"}, "missing_lines": [], "excluded_lines": [], "start_line": 135}, "UnboundedCache.get_data": {"executed_lines": [140], "summary": {"covered_lines": 1, "num_statements": 1, "percent_covered": 100.0, "percent_covered_display": "100", "missing_lines": 0, "excluded_lines": 0, "percent_statements_covered": 100.0, "percent_statements_covered_display": "100"}, "missing_lines": [], "excluded_lines": [], "start_line": 139}, "UnboundedCache.size": {"executed_lines": [144], "summary": {"covered_lines": 1, "num_statements": 1, "percent_covered": 100.0, "percent_covered_display": "100", "missing_lines": 0, "excluded_lines": 0, "percent_statements_covered": 100.0, "percent_statements_covered_display": "100"}, "missing_lines": [], "excluded_lines": [], "start_line": 143}, "StdLRUCache.__init__": {"executed_lines": [], "summary": {"covered_lines": 0, "num_statements": 2, "percent_covered": 0.0, "percent_covered_display": "0", "missing_lines": 2, "excluded_lines": 0, "percent_statements_covered": 0.0, "percent_statements_covered_display": "0"}, "missing_lines": [154, 155], "excluded_lines": [], "start_line": 153}, "StdLRUCache.get": {"executed_lines": [], "summary": {"covered_lines": 0, "num_statements": 4, "percent_covered": 0.0, "percent_covered_display": "0", "missing_lines": 4, "excluded_lines": 0, "percent_statements_covered": 0.0, "percent_statements_covered_display": "0"}, "missing_lines": [160, 161, 162, 163], "excluded_lines": [], "start_line": 159}, "StdLRUCache.set": {"executed_lines": [], "summary": {"covered_lines": 0, "num_statements": 4, "percent_covered": 0.0, "percent_covered_display": "0", "missing_lines": 4, "excluded_lines": 0, "percent_statements_covered": 0.0, "percent_statements_covered_display": "0"}, "missing_lines": [166, 167, 168, 169], "excluded_lines": [], "start_line": 165}, "StdLRUCache.delete": {"executed_lines": [], "summary": {"covered_lines": 0, "num_statements": 2, "percent_covered": 0.0, "percent_covered_display": "0", "missing_lines": 2, "excluded_lines": 0, "percent_statements_covered": 0.0, "percent_statements_covered_display": "0"}, "missing_lines": [172, 173], "excluded_lines": [], "start_line": 171}, "StdLRUCache.invalidate": {"executed_lines": [], "summary": {"covered_lines": 0, "num_statements": 1, "percent_covered": 0.0, "percent_covered_display": "0", "missing_lines": 1, "excluded_lines": 0, "percent_statements_covered": 0.0, "percent_statements_covered_display": "0"}, "missing_lines": [176], "excluded_lines": [], "start_line": 175}, "StdLRUCache.contains": {"executed_lines": [], "summary": {"covered_lines": 0, "num_statements": 1, "percent_covered": 0.0, "percent_covered_display": "0", "missing_lines": 1, "excluded_lines": 0, "percent_statements_covered": 0.0, "percent_statements_covered_display": "0"}, "missing_lines": [179], "excluded_lines": [], "start_line": 178}, "StdLRUCache.mark_cached": {"executed_lines": [], "summary": {"covered_lines": 0, "num_statements": 1, "percent_covered": 0.0, "percent_covered_display": "0", "missing_lines": 1, "excluded_lines": 0, "percent_statements_covered": 0.0, "percent_statements_covered_display": "0"}, "missing_lines": [183], "excluded_lines": [], "start_line": 181}, "StdLRUCache.is_cached": {"executed_lines": [], "summary": {"covered_lines": 0, "num_statements": 1, "percent_covered": 0.0, "percent_covered_display": "0", "missing_lines": 1, "excluded_lines": 0, "percent_statements_covered": 0.0, "percent_statements_covered_display": "0"}, "missing_lines": [186], "excluded_lines": [], "start_line": 185}, "StdLRUCache.clear": {"executed_lines": [], "summary": {"covered_lines": 0, "num_statements": 1, "percent_covered": 0.0, "percent_covered_display": "0", "missing_lines": 1, "excluded_lines": 0, "percent_statements_covered": 0.0, "percent_statements_covered_display": "0"}, "missing_lines": [189], "excluded_lines": [], "start_line": 188}, "StdLRUCache.get_data": {"executed_lines": [], "summary": {"covered_lines": 0, "num_statements": 1, "percent_covered": 0.0, "percent_covered_display": "0", "missing_lines": 1, "excluded_lines": 0, "percent_statements_covered": 0.0, "percent_statements_covered_display": "0"}, "missing_lines": [192], "excluded_lines": [], "start_line": 191}, "StdLRUCache.size": {"executed_lines": [], "summary": {"covered_lines": 0, "num_statements": 1, "percent_covered": 0.0, "percent_covered_display": "0", "missing_lines": 1, "excluded_lines": 0, "percent_statements_covered": 0.0, "percent_statements_covered_display": "0"}, "missing_lines": [196], "excluded_lines": [], "start_line": 195}, "FastLRUCache.__init__": {"executed_lines": [205, 207], "summary": {"covered_lines": 2, "num_statements": 3, "percent_covered": 66.66666666666667, "percent_covered_display": "67", "missing_lines": 1, "excluded_lines": 0, "percent_statements_covered": 66.66666666666667, "percent_statements_covered_display": "67"}, "missing_lines": [206], "excluded_lines": [], "start_line": 204}, "FastLRUCache.get": {"executed_lines": [210], "summary": {"covered_lines": 1, "num_statements": 1, "percent_covered": 100.0, "percent_covered_display": "100", "missing_lines": 0, "excluded_lines": 0, "percent_statements_covered": 100.0, "percent_statements_covered_display": "100"}, "missing_lines": [], "excluded_lines": [], "start_line": 209}, "FastLRUCache.set": {"executed_lines": [213], "summary": {"covered_lines": 1, "num_statements": 1, "percent_covered": 100.0, "percent_covered_display": "100", "missing_lines": 0, "excluded_lines": 0, "percent_statements_covered": 100.0, "percent_statements_covered_display": "100"}, "missing_lines": [], "excluded_lines": [], "start_line": 212}, "FastLRUCache.delete": {"executed_lines": [216, 217], "summary": {"covered_lines": 2, "num_statements": 2, "percent_covered": 100.0, "percent_covered_display": "100", "missing_lines": 0, "excluded_lines": 0, "percent_statements_covered": 100.0, "percent_statements_covered_display": "100"}, "missing_lines": [], "excluded_lines": [], "start_line": 215}, "FastLRUCache.invalidate": {"executed_lines": [220], "summary": {"covered_lines": 1, "num_statements": 1, "percent_covered": 100.0, "percent_covered_display": "100", "missing_lines": 0, "excluded_lines": 0, "percent_statements_covered": 100.0, "percent_statements_covered_display": "100"}, "missing_lines": [], "excluded_lines": [], "start_line": 219}, "FastLRUCache.contains": {"executed_lines": [], "summary": {"covered_lines": 0, "num_statements": 1, "percent_covered": 0.0, "percent_covered_display": "0", "missing_lines": 1, "excluded_lines": 0, "percent_statements_covered": 0.0, "percent_statements_covered_display": "0"}, "missing_lines": [223], "excluded_lines": [], "start_line": 222}, "FastLRUCache.mark_cached": {"executed_lines": [226], "summary": {"covered_lines": 1, "num_statements": 1, "percent_covered": 100.0, "percent_covered_display": "100", "missing_lines": 0, "excluded_lines": 0, "percent_statements_covered": 100.0, "percent_statements_covered_display": "100"}, "missing_lines": [], "excluded_lines": [], "start_line": 225}, "FastLRUCache.is_cached": {"executed_lines": [229], "summary": {"covered_lines": 1, "num_statements": 1, "percent_covered": 100.0, "percent_covered_display": "100", "missing_lines": 0, "excluded_lines": 0, "percent_statements_covered": 100.0, "percent_statements_covered_display": "100"}, "missing_lines": [], "excluded_lines": [], "start_line": 228}, "FastLRUCache.clear": {"executed_lines": [232], "summary": {"covered_lines": 1, "num_statements": 1, "percent_covered": 100.0, "percent_covered_display": "100", "missing_lines": 0, "excluded_lines": 0, "percent_statements_covered": 100.0, "percent_statements_covered_display": "100"}, "missing_lines": [], "excluded_lines": [], "start_line": 231}, "FastLRUCache.get_data": {"executed_lines": [236], "summary": {"covered_lines": 1, "num_statements": 1, "percent_covered": 100.0, "percent_covered_display": "100", "missing_lines": 0, "excluded_lines": 0, "percent_statements_covered": 100.0, "percent_statements_covered_display": "100"}, "missing_lines": [], "excluded_lines": [], "start_line": 234}, "FastLRUCache.size": {"executed_lines": [240], "summary": {"covered_lines": 1, "num_statements": 1, "percent_covered": 100.0, "percent_covered_display": "100", "missing_lines": 0, "excluded_lines": 0, "percent_statements_covered": 100.0, "percent_statements_covered_display": "100"}, "missing_lines": [], "excluded_lines": [], "start_line": 239}, "TTLCache.__init__": {"executed_lines": [261, 262, 263], "summary": {"covered_lines": 3, "num_statements": 3, "percent_covered": 100.0, "percent_covered_display": "100", "missing_lines": 0, "excluded_lines": 0, "percent_statements_covered": 100.0, "percent_statements_covered_display": "100"}, "missing_lines": [], "excluded_lines": [], "start_line": 248}, "TTLCache.get": {"executed_lines": [266], "summary": {"covered_lines": 1, "num_statements": 1, "percent_covered": 100.0, "percent_covered_display": "100", "missing_lines": 0, "excluded_lines": 0, "percent_statements_covered": 100.0, "percent_statements_covered_display": "100"}, "missing_lines": [], "excluded_lines": [], "start_line": 265}, "TTLCache.set": {"executed_lines": [269, 275, 276], "summary": {"covered_lines": 3, "num_statements": 7, "percent_covered": 42.857142857142854, "percent_covered_display": "43", "missing_lines": 4, "excluded_lines": 0, "percent_statements_covered": 42.857142857142854, "percent_statements_covered_display": "43"}, "missing_lines": [270, 271, 272, 273], "excluded_lines": [], "start_line": 268}, "TTLCache.delete": {"executed_lines": [], "summary": {"covered_lines": 0, "num_statements": 3, "percent_covered": 0.0, "percent_covered_display": "0", "missing_lines": 3, "excluded_lines": 0, "percent_statements_covered": 0.0, "percent_statements_covered_display": "0"}, "missing_lines": [279, 280, 281], "excluded_lines": [], "start_line": 278}, "TTLCache.clear": {"executed_lines": [284, 285], "summary": {"covered_lines": 2, "num_statements": 2, "percent_covered": 100.0, "percent_covered_display": "100", "missing_lines": 0, "excluded_lines": 0, "percent_statements_covered": 100.0, "percent_statements_covered_display": "100"}, "missing_lines": [], "excluded_lines": [], "start_line": 283}, "TTLCache.mark_cached": {"executed_lines": [288], "summary": {"covered_lines": 1, "num_statements": 1, "percent_covered": 100.0, "percent_covered_display": "100", "missing_lines": 0, "excluded_lines": 0, "percent_statements_covered": 100.0, "percent_statements_covered_display": "100"}, "missing_lines": [], "excluded_lines": [], "start_line": 287}, "TTLCache.is_cached": {"executed_lines": [292], "summary": {"covered_lines": 1, "num_statements": 1, "percent_covered": 100.0, "percent_covered_display": "100", "missing_lines": 0, "excluded_lines": 0, "percent_statements_covered": 100.0, "percent_statements_covered_display": "100"}, "missing_lines": [], "excluded_lines": [], "start_line": 290}, "TTLCache.invalidate": {"executed_lines": [], "summary": {"covered_lines": 0, "num_statements": 1, "percent_covered": 0.0, "percent_covered_display": "0", "missing_lines": 1, "excluded_lines": 0, "percent_statements_covered": 0.0, "percent_statements_covered_display": "0"}, "missing_lines": [295], "excluded_lines": [], "start_line": 294}, "TTLCache.contains": {"executed_lines": [], "summary": {"covered_lines": 0, "num_statements": 1, "percent_covered": 0.0, "percent_covered_display": "0", "missing_lines": 1, "excluded_lines": 0, "percent_statements_covered": 0.0, "percent_statements_covered_display": "0"}, "missing_lines": [298], "excluded_lines": [], "start_line": 297}, "TTLCache.size": {"executed_lines": [], "summary": {"covered_lines": 0, "num_statements": 1, "percent_covered": 0.0, "percent_covered_display": "0", "missing_lines": 1, "excluded_lines": 0, "percent_statements_covered": 0.0, "percent_statements_covered_display": "0"}, "missing_lines": [302], "excluded_lines": [], "start_line": 301}, "TTLCache.get_data": {"executed_lines": [305], "summary": {"covered_lines": 1, "num_statements": 1, "percent_covered": 100.0, "percent_covered_display": "100", "missing_lines": 0, "excluded_lines": 0, "percent_statements_covered": 100.0, "percent_statements_covered_display": "100"}, "missing_lines": [], "excluded_lines": [], "start_line": 304}, "create_cache": {"executed_lines": [316, 317, 319, 320, 321, 323, 324, 325, 329, 330, 331, 332, 334], "summary": {"covered_lines": 13, "num_statements": 15, "percent_covered": 86.66666666666667, "percent_covered_display": "87", "missing_lines": 2, "excluded_lines": 0, "percent_statements_covered": 86.66666666666667, "percent_statements_covered_display": "87"}, "missing_lines": [326, 327], "excluded_lines": [], "start_line": 308}, "": {"executed_lines": [6, 8, 9, 10, 11, 12, 13, 15, 17, 20, 21, 22, 24, 25, 31, 34, 37, 38, 39, 42, 45, 46, 49, 50, 53, 54, 57, 58, 61, 62, 65, 66, 69, 70, 73, 74, 77, 78, 81, 82, 83, 87, 94, 99, 102, 113, 121, 126, 129, 132, 135, 139, 142, 143, 147, 153, 159, 165, 171, 175, 178, 181, 185, 188, 191, 194, 195, 199, 204, 209, 212, 215, 219, 222, 225, 228, 231, 234, 238, 239, 243, 248, 265, 268, 278, 283, 287, 290, 294, 297, 300, 301, 304, 308], "summary": {"covered_lines": 94, "num_statements": 96, "percent_covered": 97.91666666666667, "percent_covered_display": "98", "missing_lines": 2, "excluded_lines": 0, "percent_statements_covered": 97.91666666666667, "percent_statements_covered_display": "98"}, "missing_lines": [26, 27], "excluded_lines": [], "start_line": 1}}, "classes": {"CacheType": {"executed_lines": [], "summary": {"covered_lines": 0, "num_statements": 0, "percent_covered": 100.0, "percent_covered_display": "100", "missing_lines": 0, "excluded_lines": 0, "percent_statements_covered": 100.0, "percent_statements_covered_display": "100"}, "missing_lines": [], "excluded_lines": [], "start_line": 34}, "CacheStrategy": {"executed_lines": [], "summary": {"covered_lines": 0, "num_statements": 0, "percent_covered": 100.0, "percent_covered_display": "100", "missing_lines": 0, "excluded_lines": 0, "percent_statements_covered": 100.0, "percent_statements_covered_display": "100"}, "missing_lines": [], "excluded_lines": [], "start_line": 42}, "UnboundedCache": {"executed_lines": [95, 96, 97, 103, 104, 106, 107, 108, 110, 111, 114, 115, 119, 133, 136, 137, 140, 144], "summary": {"covered_lines": 18, "num_statements": 24, "percent_covered": 75.0, "percent_covered_display": "75", "missing_lines": 6, "excluded_lines": 0, "percent_statements_covered": 75.0, "percent_statements_covered_display": "75"}, "missing_lines": [100, 122, 123, 124, 127, 130], "excluded_lines": [], "start_line": 87}, "StdLRUCache": {"executed_lines": [], "summary": {"covered_lines": 0, "num_statements": 19, "percent_covered": 0.0, "percent_covered_display": "0", "missing_lines": 19, "excluded_lines": 0, "percent_statements_covered": 0.0, "percent_statements_covered_display": "0"}, "missing_lines": [154, 155, 160, 161, 162, 163, 166, 167, 168, 169, 172, 173, 176, 179, 183, 186, 189, 192, 196], "excluded_lines": [], "start_line": 147}, "FastLRUCache": {"executed_lines": [205, 207, 210, 213, 216, 217, 220, 226, 229, 232, 236, 240], "summary": {"covered_lines": 12, "num_statements": 14, "percent_covered": 85.71428571428571, "percent_covered_display": "86", "missing_lines": 2, "excluded_lines": 0, "percent_statements_covered": 85.71428571428571, "percent_statements_covered_display": "86"}, "missing_lines": [206, 223], "excluded_lines": [], "start_line": 199}, "TTLCache": {"executed_lines": [261, 262, 263, 266, 269, 275, 276, 284, 285, 288, 292, 305], "summary": {"covered_lines": 12, "num_statements": 22, "percent_covered": 54.54545454545455, "percent_covered_display": "55", "missing_lines": 10, "excluded_lines": 0, "percent_statements_covered": 54.54545454545455, "percent_statements_covered_display": "55"}, "missing_lines": [270, 271, 272, 273, 279, 280, 281, 295, 298, 302], "excluded_lines": [], "start_line": 243}, "": {"executed_lines": [6, 8, 9, 10, 11, 12, 13, 15, 17, 20, 21, 22, 24, 25, 31, 34, 37, 38, 39, 42, 45, 46, 49, 50, 53, 54, 57, 58, 61, 62, 65, 66, 69, 70, 73, 74, 77, 78, 81, 82, 83, 87, 94, 99, 102, 113, 121, 126, 129, 132, 135, 139, 142, 143, 147, 153, 159, 165, 171, 175, 178, 181, 185, 188, 191, 194, 195, 199, 204, 209, 212, 215, 219, 222, 225, 228, 231, 234, 238, 239, 243, 248, 265, 268, 278, 283, 287, 290, 294, 297, 300, 301, 304, 308, 316, 317, 319, 320, 321, 323, 324, 325, 329, 330, 331, 332, 334], "summary": {"covered_lines": 107, "num_statements": 111, "percent_covered": 96.3963963963964, "percent_covered_display": "96", "missing_lines": 4, "excluded_lines": 0, "percent_statements_covered": 96.3963963963964, "percent_statements_covered_display": "96"}, "missing_lines": [26, 27, 326, 327], "excluded_lines": [], "start_line": 1}}}, "src/nanasqlite/compat.py": {"executed_lines": [6, 8, 9, 10, 11, 12, 14, 17, 18, 23, 24, 26, 27, 28, 29, 31, 33, 39, 40, 42, 50, 51, 52, 54, 55, 56, 64, 67], "summary": {"covered_lines": 28, "num_statements": 34, "percent_covered": 82.3529411764706, "percent_covered_display": "82", "missing_lines": 6, "excluded_lines": 0, "percent_statements_covered": 82.3529411764706, "percent_statements_covered_display": "82"}, "missing_lines": [20, 43, 44, 45, 60, 61], "excluded_lines": [], "functions": {"": {"executed_lines": [6, 8, 9, 10, 11, 12, 14, 17, 18, 23, 24, 26, 27, 28, 29, 31, 33, 39, 40, 42, 50, 51, 52, 54, 55, 56, 64, 67], "summary": {"covered_lines": 28, "num_statements": 34, "percent_covered": 82.3529411764706, "percent_covered_display": "82", "missing_lines": 6, "excluded_lines": 0, "percent_statements_covered": 82.3529411764706, "percent_statements_covered_display": "82"}, "missing_lines": [20, 43, 44, 45, 60, 61], "excluded_lines": [], "start_line": 1}}, "classes": {"": {"executed_lines": [6, 8, 9, 10, 11, 12, 14, 17, 18, 23, 24, 26, 27, 28, 29, 31, 33, 39, 40, 42, 50, 51, 52, 54, 55, 56, 64, 67], "summary": {"covered_lines": 28, "num_statements": 34, "percent_covered": 82.3529411764706, "percent_covered_display": "82", "missing_lines": 6, "excluded_lines": 0, "percent_statements_covered": 82.3529411764706, "percent_statements_covered_display": "82"}, "missing_lines": [20, 43, 44, 45, 60, 61], "excluded_lines": [], "start_line": 1}}}, "src/nanasqlite/core.py": {"executed_lines": [10, 12, 13, 14, 15, 16, 17, 18, 19, 20, 21, 22, 23, 24, 25, 26, 28, 30, 31, 36, 39, 42, 45, 48, 56, 57, 59, 60, 61, 62, 64, 73, 76, 79, 84, 90, 91, 103, 104, 105, 106, 107, 110, 117, 119, 120, 121, 123, 124, 125, 126, 128, 129, 132, 153, 190, 192, 193, 194, 195, 196, 197, 198, 199, 200, 201, 202, 203, 204, 205, 206, 207, 208, 209, 210, 213, 215, 217, 219, 225, 228, 229, 230, 233, 234, 236, 238, 239, 245, 246, 249, 250, 251, 252, 255, 256, 257, 258, 260, 261, 267, 269, 270, 271, 272, 273, 274, 276, 283, 286, 287, 288, 290, 291, 293, 295, 297, 303, 307, 314, 315, 316, 317, 318, 319, 320, 322, 324, 326, 327, 328, 329, 333, 341, 353, 354, 356, 357, 360, 364, 367, 368, 369, 370, 371, 372, 373, 376, 380, 383, 385, 388, 389, 390, 391, 394, 416, 417, 420, 421, 422, 425, 427, 428, 429, 432, 433, 436, 437, 440, 441, 444, 445, 455, 456, 457, 458, 459, 460, 464, 469, 470, 471, 472, 474, 487, 488, 490, 500, 503, 506, 509, 512, 513, 516, 519, 521, 522, 523, 546, 547, 550, 553, 556, 557, 563, 565, 572, 574, 576, 580, 581, 583, 585, 586, 591, 592, 595, 596, 597, 598, 600, 601, 603, 614, 615, 616, 618, 626, 628, 644, 646, 647, 650, 651, 653, 654, 655, 656, 658, 659, 661, 662, 663, 664, 666, 673, 674, 675, 676, 682, 684, 689, 691, 696, 700, 724, 725, 731, 733, 739, 743, 744, 746, 749, 753, 754, 755, 756, 761, 762, 763, 764, 767, 768, 769, 770, 771, 775, 776, 784, 785, 786, 787, 789, 790, 793, 804, 805, 807, 808, 810, 811, 814, 815, 816, 817, 822, 823, 827, 828, 829, 831, 835, 837, 840, 842, 845, 846, 854, 855, 857, 859, 860, 862, 869, 871, 877, 878, 879, 882, 883, 890, 891, 892, 893, 899, 900, 901, 902, 903, 904, 912, 913, 916, 918, 919, 920, 922, 924, 925, 926, 927, 928, 929, 931, 936, 938, 941, 942, 944, 946, 947, 951, 952, 954, 956, 957, 959, 965, 969, 970, 971, 972, 973, 974, 977, 982, 983, 984, 985, 990, 991, 992, 993, 997, 1000, 1002, 1003, 1004, 1005, 1008, 1009, 1010, 1012, 1013, 1014, 1018, 1020, 1025, 1026, 1027, 1028, 1029, 1030, 1031, 1032, 1043, 1044, 1045, 1046, 1048, 1049, 1050, 1052, 1053, 1054, 1055, 1057, 1059, 1062, 1065, 1066, 1067, 1068, 1075, 1082, 1084, 1085, 1086, 1088, 1089, 1090, 1092, 1094, 1095, 1096, 1099, 1101, 1104, 1106, 1109, 1110, 1112, 1116, 1117, 1118, 1119, 1120, 1123, 1124, 1126, 1134, 1137, 1138, 1139, 1140, 1141, 1142, 1143, 1145, 1147, 1150, 1151, 1152, 1155, 1156, 1157, 1159, 1161, 1162, 1163, 1165, 1167, 1169, 1170, 1174, 1176, 1178, 1180, 1181, 1184, 1185, 1186, 1188, 1190, 1191, 1193, 1194, 1195, 1197, 1199, 1201, 1202, 1203, 1204, 1205, 1206, 1207, 1208, 1215, 1216, 1217, 1218, 1220, 1221, 1222, 1224, 1225, 1226, 1227, 1229, 1237, 1238, 1239, 1240, 1241, 1242, 1244, 1245, 1256, 1278, 1280, 1281, 1282, 1284, 1285, 1286, 1287, 1288, 1289, 1292, 1293, 1294, 1296, 1313, 1314, 1316, 1317, 1323, 1324, 1325, 1326, 1327, 1328, 1329, 1335, 1337, 1339, 1340, 1343, 1344, 1346, 1347, 1348, 1349, 1350, 1351, 1354, 1355, 1356, 1358, 1361, 1362, 1366, 1367, 1368, 1369, 1370, 1372, 1374, 1376, 1377, 1381, 1382, 1390, 1407, 1408, 1409, 1410, 1411, 1412, 1415, 1416, 1419, 1420, 1421, 1422, 1423, 1424, 1425, 1427, 1429, 1430, 1431, 1432, 1433, 1435, 1440, 1441, 1443, 1448, 1449, 1452, 1457, 1458, 1460, 1465, 1466, 1468, 1473, 1474, 1477, 1479, 1482, 1483, 1486, 1487, 1488, 1489, 1490, 1491, 1493, 1495, 1498, 1499, 1503, 1504, 1505, 1506, 1512, 1513, 1515, 1516, 1519, 1520, 1521, 1522, 1526, 1528, 1529, 1532, 1533, 1535, 1536, 1537, 1539, 1540, 1542, 1543, 1544, 1546, 1553, 1555, 1556, 1557, 1559, 1560, 1562, 1564, 1567, 1568, 1569, 1571, 1588, 1589, 1591, 1599, 1600, 1606, 1607, 1608, 1609, 1610, 1611, 1612, 1613, 1617, 1618, 1619, 1620, 1624, 1625, 1626, 1628, 1629, 1630, 1633, 1635, 1636, 1637, 1642, 1644, 1645, 1646, 1647, 1648, 1650, 1651, 1652, 1655, 1657, 1658, 1659, 1660, 1661, 1662, 1664, 1682, 1683, 1685, 1687, 1688, 1689, 1691, 1692, 1694, 1696, 1697, 1698, 1699, 1700, 1701, 1703, 1704, 1705, 1706, 1707, 1709, 1710, 1712, 1713, 1716, 1717, 1718, 1724, 1725, 1726, 1727, 1730, 1731, 1732, 1733, 1735, 1736, 1737, 1738, 1739, 1740, 1741, 1742, 1745, 1747, 1748, 1749, 1750, 1751, 1752, 1754, 1756, 1768, 1769, 1770, 1773, 1777, 1778, 1779, 1780, 1781, 1782, 1783, 1785, 1786, 1787, 1791, 1792, 1793, 1794, 1799, 1803, 1804, 1805, 1806, 1807, 1808, 1809, 1810, 1812, 1813, 1815, 1816, 1817, 1820, 1821, 1822, 1823, 1824, 1825, 1826, 1828, 1830, 1831, 1841, 1842, 1843, 1845, 1847, 1849, 1855, 1856, 1857, 1858, 1860, 1864, 1865, 1867, 1868, 1872, 1892, 1894, 1895, 1900, 1901, 1902, 1903, 1904, 1905, 1907, 1908, 1909, 1910, 1911, 1912, 1926, 1927, 1928, 1929, 1930, 1931, 1932, 1933, 1937, 1938, 1939, 1943, 1963, 1965, 1966, 1967, 1968, 1975, 1976, 1978, 1980, 1981, 1985, 1986, 1987, 1989, 1990, 1995, 1996, 2000, 2001, 2002, 2003, 2004, 2005, 2007, 2008, 2009, 2017, 2018, 2024, 2025, 2026, 2027, 2028, 2029, 2045, 2046, 2047, 2048, 2049, 2056, 2057, 2058, 2062, 2063, 2064, 2069, 2070, 2082, 2083, 2085, 2100, 2101, 2102, 2103, 2104, 2109, 2110, 2111, 2112, 2113, 2115, 2116, 2123, 2125, 2135, 2136, 2138, 2139, 2144, 2145, 2147, 2150, 2151, 2152, 2156, 2159, 2161, 2162, 2163, 2169, 2171, 2173, 2175, 2176, 2180, 2199, 2201, 2202, 2206, 2208, 2209, 2210, 2212, 2230, 2232, 2233, 2235, 2238, 2239, 2253, 2285, 2291, 2292, 2293, 2298, 2299, 2300, 2302, 2307, 2308, 2310, 2313, 2314, 2319, 2320, 2322, 2323, 2324, 2325, 2326, 2327, 2328, 2330, 2347, 2350, 2351, 2352, 2354, 2359, 2360, 2362, 2365, 2366, 2370, 2372, 2373, 2374, 2375, 2379, 2380, 2381, 2382, 2383, 2385, 2400, 2401, 2403, 2419, 2420, 2424, 2447, 2448, 2450, 2451, 2452, 2459, 2460, 2461, 2465, 2467, 2468, 2469, 2470, 2472, 2473, 2475, 2477, 2494, 2495, 2496, 2497, 2498, 2499, 2501, 2504, 2506, 2551, 2552, 2554, 2557, 2565, 2573, 2574, 2576, 2586, 2587, 2591, 2592, 2593, 2594, 2596, 2597, 2600, 2601, 2603, 2604, 2607, 2609, 2610, 2612, 2613, 2615, 2616, 2619, 2622, 2624, 2625, 2627, 2630, 2631, 2632, 2634, 2636, 2650, 2651, 2653, 2664, 2665, 2667, 2679, 2680, 2681, 2682, 2684, 2695, 2696, 2697, 2698, 2700, 2714, 2715, 2719, 2720, 2722, 2723, 2725, 2727, 2728, 2729, 2731, 2732, 2733, 2734, 2736, 2751, 2752, 2753, 2754, 2755, 2756, 2766, 2768, 2783, 2784, 2789, 2791, 2792, 2793, 2794, 2795, 2799, 2817, 2818, 2819, 2820, 2821, 2823, 2824, 2826, 2828, 2848, 2849, 2850, 2851, 2855, 2856, 2858, 2859, 2861, 2862, 2864, 2879, 2881, 2882, 2883, 2884, 2886, 2907, 2908, 2911, 2912, 2913, 2917, 2919, 2920, 2921, 2923, 2924, 2935, 2936, 2937, 2938, 2939, 2941, 2943, 2944, 2946, 2952, 2953, 2956, 2957, 2958, 2961, 2962, 2965, 2966, 2969, 2971, 2972, 2974, 3000, 3001, 3003, 3006, 3010, 3011, 3012, 3014, 3015, 3017, 3033, 3037, 3038, 3039, 3040, 3044, 3090, 3091, 3093, 3096, 3104, 3112, 3120, 3121, 3122, 3132, 3133, 3135, 3136, 3138, 3139, 3141, 3142, 3145, 3146, 3149, 3150, 3151, 3152, 3154, 3155, 3158, 3160, 3161, 3163, 3164, 3166, 3167, 3169, 3170, 3172, 3173, 3176, 3179, 3180, 3181, 3183, 3186, 3187, 3188, 3190, 3194, 3206, 3207, 3208, 3209, 3213, 3225, 3227, 3240, 3242, 3260, 3261, 3263, 3266, 3267, 3268, 3269, 3270, 3273, 3274, 3275, 3276, 3278, 3279, 3281, 3292, 3294, 3313, 3336, 3337, 3339, 3340, 3341, 3342, 3345, 3349, 3351, 3352, 3357, 3359, 3360, 3364, 3386, 3388, 3389, 3394, 3395, 3401, 3406, 3407, 3408, 3409, 3410, 3411, 3415, 3424, 3426, 3427, 3431, 3434, 3435, 3436, 3437, 3438, 3440, 3444, 3453, 3455, 3456, 3460, 3463, 3464, 3465, 3466, 3467, 3469, 3470, 3471, 3475, 3488, 3490, 3506, 3508, 3572, 3575, 3576, 3578, 3579, 3582, 3583, 3584, 3586, 3589, 3590, 3596, 3598, 3604, 3605, 3625, 3626, 3629, 3631, 3634, 3637, 3638, 3640, 3641, 3642, 3644, 3645, 3646, 3648, 3649], "summary": {"covered_lines": 1329, "num_statements": 1484, "percent_covered": 89.55525606469003, "percent_covered_display": "90", "missing_lines": 155, "excluded_lines": 5, "percent_statements_covered": 89.55525606469003, "percent_statements_covered_display": "90"}, "missing_lines": [65, 66, 262, 308, 309, 310, 311, 312, 342, 350, 361, 362, 434, 435, 551, 573, 648, 698, 772, 777, 778, 779, 780, 781, 818, 819, 848, 850, 851, 852, 865, 866, 867, 872, 873, 874, 875, 884, 907, 908, 909, 914, 933, 934, 975, 979, 986, 987, 988, 989, 995, 996, 1102, 1103, 1107, 1121, 1243, 1246, 1248, 1249, 1250, 1251, 1252, 1253, 1254, 1290, 1359, 1384, 1393, 1394, 1395, 1396, 1397, 1398, 1400, 1401, 1413, 1450, 1475, 1501, 1518, 1866, 1869, 1870, 1913, 1916, 1934, 1935, 1940, 1941, 1991, 1992, 2010, 2011, 2030, 2032, 2033, 2034, 2035, 2040, 2041, 2050, 2051, 2065, 2066, 2086, 2087, 2088, 2105, 2106, 2107, 2108, 2114, 2117, 2118, 2119, 2120, 2121, 2122, 2153, 2154, 2164, 2167, 2240, 2241, 2242, 2244, 2245, 2246, 2247, 2249, 2304, 2305, 2315, 2356, 2357, 2367, 2602, 2914, 2915, 2925, 2927, 2928, 2929, 2931, 2933, 2963, 3134, 3140, 3210, 3211, 3346, 3355, 3592, 3593], "excluded_lines": [69, 70, 71, 864, 3491], "functions": {"_TimedLockContext.__init__": {"executed_lines": [120, 121], "summary": {"covered_lines": 2, "num_statements": 2, "percent_covered": 100.0, "percent_covered_display": "100", "missing_lines": 0, "excluded_lines": 0, "percent_statements_covered": 100.0, "percent_statements_covered_display": "100"}, "missing_lines": [], "excluded_lines": [], "start_line": 119}, "_TimedLockContext.__enter__": {"executed_lines": [124, 125, 126], "summary": {"covered_lines": 3, "num_statements": 3, "percent_covered": 100.0, "percent_covered_display": "100", "missing_lines": 0, "excluded_lines": 0, "percent_statements_covered": 100.0, "percent_statements_covered_display": "100"}, "missing_lines": [], "excluded_lines": [], "start_line": 123}, "_TimedLockContext.__exit__": {"executed_lines": [129], "summary": {"covered_lines": 1, "num_statements": 1, "percent_covered": 100.0, "percent_covered_display": "100", "missing_lines": 0, "excluded_lines": 0, "percent_statements_covered": 100.0, "percent_statements_covered_display": "100"}, "missing_lines": [], "excluded_lines": [], "start_line": 128}, "NanaSQLite.__init__": {"executed_lines": [190, 192, 193, 194, 195, 196, 197, 198, 199, 200, 201, 202, 203, 204, 205, 206, 207, 208, 209, 210, 213, 215, 217, 219, 225, 228, 229, 230, 233, 234, 236, 238, 239, 245, 246, 249, 250, 251, 252, 255, 256, 257, 258, 260, 261, 267, 269, 270, 271, 272, 273, 274, 276, 283, 286, 287, 288, 290, 291, 293, 295, 297, 303, 307, 314, 315, 316, 317, 318, 319, 320, 322, 324, 326, 327, 328, 329, 333, 341, 353, 354, 356, 364, 367, 368, 369, 370, 371, 372, 373, 376, 380, 383, 385, 388, 389, 390, 391, 394, 416, 417, 420, 421, 422, 425, 427, 428, 429, 432, 433, 436, 437, 440, 441, 444, 445, 455, 456, 457, 458, 459, 460, 464, 469, 470, 471, 472, 474, 487, 488], "summary": {"covered_lines": 130, "num_statements": 140, "percent_covered": 92.85714285714286, "percent_covered_display": "93", "missing_lines": 10, "excluded_lines": 0, "percent_statements_covered": 92.85714285714286, "percent_statements_covered_display": "93"}, "missing_lines": [262, 308, 309, 310, 311, 312, 342, 350, 434, 435], "excluded_lines": [], "start_line": 153}, "NanaSQLite.__init__._expire_callback": {"executed_lines": [357, 360], "summary": {"covered_lines": 2, "num_statements": 4, "percent_covered": 50.0, "percent_covered_display": "50", "missing_lines": 2, "excluded_lines": 0, "percent_statements_covered": 50.0, "percent_statements_covered_display": "50"}, "missing_lines": [361, 362], "excluded_lines": [], "start_line": 356}, "NanaSQLite._apply_optimizations": {"executed_lines": [500, 503, 506, 509, 512, 513, 516, 519], "summary": {"covered_lines": 8, "num_statements"
[...]
overed_display": "100", "missing_lines": 0, "excluded_lines": 0, "percent_statements_covered": 100.0, "percent_statements_covered_display": "100"}, "missing_lines": [], "excluded_lines": [], "start_line": 185}, "ExpiringDict._cancel_timer": {"executed_lines": [200, 201, 202, 203], "summary": {"covered_lines": 4, "num_statements": 6, "percent_covered": 66.66666666666667, "percent_covered_display": "67", "missing_lines": 2, "excluded_lines": 0, "percent_statements_covered": 66.66666666666667, "percent_statements_covered_display": "67"}, "missing_lines": [204, 205], "excluded_lines": [], "start_line": 198}, "ExpiringDict.__getitem__": {"executed_lines": [212, 213, 214, 215, 216, 217, 218, 219, 220, 221, 223, 226, 227, 228, 229, 230, 232, 233, 234], "summary": {"covered_lines": 19, "num_statements": 19, "percent_covered": 100.0, "percent_covered_display": "100", "missing_lines": 0, "excluded_lines": 0, "percent_statements_covered": 100.0, "percent_statements_covered_display": "100"}, "missing_lines": [], "excluded_lines": [], "start_line": 207}, "ExpiringDict.__delitem__": {"executed_lines": [237, 238, 239, 240, 241], "summary": {"covered_lines": 5, "num_statements": 5, "percent_covered": 100.0, "percent_covered_display": "100", "missing_lines": 0, "excluded_lines": 0, "percent_statements_covered": 100.0, "percent_statements_covered_display": "100"}, "missing_lines": [], "excluded_lines": [], "start_line": 236}, "ExpiringDict.__iter__": {"executed_lines": [], "summary": {"covered_lines": 0, "num_statements": 4, "percent_covered": 0.0, "percent_covered_display": "0", "missing_lines": 4, "excluded_lines": 0, "percent_statements_covered": 0.0, "percent_statements_covered_display": "0"}, "missing_lines": [245, 246, 247, 248], "excluded_lines": [], "start_line": 243}, "ExpiringDict.__len__": {"executed_lines": [253], "summary": {"covered_lines": 1, "num_statements": 1, "percent_covered": 100.0, "percent_covered_display": "100", "missing_lines": 0, "excluded_lines": 0, "percent_statements_covered": 100.0, "percent_statements_covered_display": "100"}, "missing_lines": [], "excluded_lines": [], "start_line": 250}, "ExpiringDict.__contains__": {"executed_lines": [256, 258], "summary": {"covered_lines": 2, "num_statements": 3, "percent_covered": 66.66666666666667, "percent_covered_display": "67", "missing_lines": 1, "excluded_lines": 0, "percent_statements_covered": 66.66666666666667, "percent_statements_covered_display": "67"}, "missing_lines": [257], "excluded_lines": [], "start_line": 255}, "ExpiringDict.set_on_expire_callback": {"executed_lines": [], "summary": {"covered_lines": 0, "num_statements": 1, "percent_covered": 0.0, "percent_covered_display": "0", "missing_lines": 1, "excluded_lines": 0, "percent_statements_covered": 0.0, "percent_statements_covered_display": "0"}, "missing_lines": [262], "excluded_lines": [], "start_line": 260}, "ExpiringDict.clear": {"executed_lines": [265, 267, 268, 269, 270, 271, 272, 273, 275, 276, 277, 281, 285, 286, 287], "summary": {"covered_lines": 15, "num_statements": 16, "percent_covered": 93.75, "percent_covered_display": "94", "missing_lines": 1, "excluded_lines": 0, "percent_statements_covered": 93.75, "percent_statements_covered_display": "94"}, "missing_lines": [278], "excluded_lines": [], "start_line": 264}, "ExpiringDict.__del__": {"executed_lines": [290, 291, 292, 293, 296], "summary": {"covered_lines": 5, "num_statements": 9, "percent_covered": 55.55555555555556, "percent_covered_display": "56", "missing_lines": 4, "excluded_lines": 0, "percent_statements_covered": 55.55555555555556, "percent_statements_covered_display": "56"}, "missing_lines": [294, 295, 297, 299], "excluded_lines": [], "start_line": 289}, "": {"executed_lines": [6, 8, 9, 10, 11, 12, 13, 14, 15, 17, 20, 26, 27, 28, 31, 38, 67, 77, 108, 131, 167, 185, 198, 207, 236, 243, 250, 255, 260, 264, 289], "summary": {"covered_lines": 31, "num_statements": 31, "percent_covered": 100.0, "percent_covered_display": "100", "missing_lines": 0, "excluded_lines": 0, "percent_statements_covered": 100.0, "percent_statements_covered_display": "100"}, "missing_lines": [], "excluded_lines": [], "start_line": 1}}, "classes": {"ExpirationMode": {"executed_lines": [], "summary": {"covered_lines": 0, "num_statements": 0, "percent_covered": 100.0, "percent_covered_display": "100", "missing_lines": 0, "excluded_lines": 0, "percent_statements_covered": 100.0, "percent_statements_covered_display": "100"}, "missing_lines": [], "excluded_lines": [], "start_line": 20}, "ExpiringDict": {"executed_lines": [50, 51, 52, 53, 54, 57, 58, 59, 60, 61, 62, 64, 65, 69, 70, 72, 73, 74, 75, 79, 80, 81, 83, 88, 89, 91, 92, 93, 95, 96, 97, 99, 100, 102, 103, 105, 106, 115, 116, 117, 118, 119, 120, 121, 122, 125, 126, 127, 137, 138, 139, 140, 141, 142, 145, 146, 147, 148, 149, 150, 151, 152, 153, 154, 155, 160, 161, 162, 165, 168, 169, 171, 174, 175, 176, 177, 179, 180, 182, 183, 188, 189, 190, 191, 192, 193, 194, 195, 196, 200, 201, 202, 203, 212, 213, 214, 215, 216, 217, 218, 219, 220, 221, 223, 226, 227, 228, 229, 230, 232, 233, 234, 237, 238, 239, 240, 241, 253, 256, 258, 265, 267, 268, 269, 270, 271, 272, 273, 275, 276, 277, 281, 285, 286, 287, 290, 291, 292, 293, 296], "summary": {"covered_lines": 140, "num_statements": 159, "percent_covered": 88.0503144654088, "percent_covered_display": "88", "missing_lines": 19, "excluded_lines": 0, "percent_statements_covered": 88.0503144654088, "percent_statements_covered_display": "88"}, "missing_lines": [71, 128, 129, 157, 163, 164, 204, 205, 245, 246, 247, 248, 257, 262, 278, 294, 295, 297, 299], "excluded_lines": [], "start_line": 31}, "": {"executed_lines": [6, 8, 9, 10, 11, 12, 13, 14, 15, 17, 20, 26, 27, 28, 31, 38, 67, 77, 108, 131, 167, 185, 198, 207, 236, 243, 250, 255, 260, 264, 289], "summary": {"covered_lines": 31, "num_statements": 31, "percent_covered": 100.0, "percent_covered_display": "100", "missing_lines": 0, "excluded_lines": 0, "percent_statements_covered": 100.0, "percent_statements_covered_display": "100"}, "missing_lines": [], "excluded_lines": [], "start_line": 1}}}, "src/nanasqlite/v2_engine.py": {"executed_lines": [17, 19, 20, 21, 22, 23, 24, 25, 26, 27, 28, 30, 32, 35, 36, 39, 40, 43, 44, 45, 46, 47, 49, 50, 53, 54, 77, 78, 79, 82, 88, 100, 101, 104, 105, 108, 110, 111, 112, 113, 117, 118, 119, 122, 123, 128, 129, 132, 133, 134, 135, 138, 139, 140, 153, 156, 157, 160, 162, 165, 166, 169, 170, 171, 172, 173, 175, 177, 178, 180, 189, 190, 191, 194, 198, 202, 204, 205, 206, 208, 210, 212, 213, 214, 216, 218, 220, 221, 223, 225, 226, 227, 228, 229, 230, 231, 235, 248, 257, 264, 268, 270, 274, 275, 281, 282, 283, 285, 286, 287, 293, 297, 298, 300, 306, 309, 310, 311, 312, 315, 316, 317, 319, 320, 321, 323, 324, 333, 335, 336, 337, 338, 339, 340, 341, 343, 345, 347, 348, 349, 350, 351, 352, 353, 355, 356, 357, 358, 359, 361, 362, 363, 364, 365, 366, 367, 368, 369, 373, 374, 378, 380, 381, 382, 384, 389, 390, 392, 394, 395, 396, 397, 401, 402, 403, 404, 406, 407, 408, 409, 410, 411, 413, 414, 415, 417, 421, 423, 424, 425, 429, 430, 431, 432, 433, 436, 448, 449, 451, 485, 498, 499, 501, 507, 508, 509, 511, 524, 526, 528, 529, 531, 533, 535, 536, 538, 539, 540, 541, 543, 546, 547, 548, 549, 552, 553, 563, 564, 570, 571, 576], "summary": {"covered_lines": 231, "num_statements": 305, "percent_covered": 75.73770491803279, "percent_covered_display": "76", "missing_lines": 74, "excluded_lines": 2, "percent_statements_covered": 75.73770491803279, "percent_statements_covered_display": "76"}, "missing_lines": [109, 192, 193, 271, 291, 325, 327, 330, 385, 386, 387, 398, 399, 418, 419, 426, 427, 434, 435, 438, 440, 441, 442, 443, 444, 445, 456, 457, 458, 459, 460, 462, 463, 464, 465, 466, 467, 470, 471, 473, 474, 475, 477, 478, 479, 480, 482, 483, 512, 513, 514, 515, 517, 518, 519, 520, 522, 534, 565, 566, 572, 573, 577, 579, 580, 581, 582, 583, 584, 585, 586, 588, 592, 593], "excluded_lines": [557, 558], "functions": {"V2Engine.__init__": {"executed_lines": [100, 101, 104, 105, 108, 110, 111, 112, 113, 117, 118, 119, 122, 123, 128, 129, 132, 133, 134, 135, 138, 139, 140, 153, 156, 157, 160], "summary": {"covered_lines": 27, "num_statements": 28, "percent_covered": 96.42857142857143, "percent_covered_display": "96", "missing_lines": 1, "excluded_lines": 0, "percent_statements_covered": 96.42857142857143, "percent_statements_covered_display": "96"}, "missing_lines": [109], "excluded_lines": [], "start_line": 88}, "V2Engine._start_timer": {"executed_lines": [165, 177, 178], "summary": {"covered_lines": 3, "num_statements": 3, "percent_covered": 100.0, "percent_covered_display": "100", "missing_lines": 0, "excluded_lines": 0, "percent_statements_covered": 100.0, "percent_statements_covered_display": "100"}, "missing_lines": [], "excluded_lines": [], "start_line": 162}, "V2Engine._start_timer._timer_loop": {"executed_lines": [166, 169, 170, 171, 172, 173, 175], "summary": {"covered_lines": 7, "num_statements": 7, "percent_covered": 100.0, "percent_covered_display": "100", "missing_lines": 0, "excluded_lines": 0, "percent_statements_covered": 100.0, "percent_statements_covered_display": "100"}, "missing_lines": [], "excluded_lines": [], "start_line": 165}, "V2Engine._add_to_dlq": {"executed_lines": [189, 190, 191, 194], "summary": {"covered_lines": 4, "num_statements": 6, "percent_covered": 66.66666666666667, "percent_covered_display": "67", "missing_lines": 2, "excluded_lines": 0, "percent_statements_covered": 66.66666666666667, "percent_statements_covered_display": "67"}, "missing_lines": [192, 193], "excluded_lines": [], "start_line": 180}, "V2Engine.kvs_set": {"executed_lines": [202, 204, 205, 206, 208], "summary": {"covered_lines": 5, "num_statements": 5, "percent_covered": 100.0, "percent_covered_display": "100", "missing_lines": 0, "excluded_lines": 0, "percent_statements_covered": 100.0, "percent_statements_covered_display": "100"}, "missing_lines": [], "excluded_lines": [], "start_line": 198}, "V2Engine.kvs_delete": {"executed_lines": [212, 213, 214, 216], "summary": {"covered_lines": 4, "num_statements": 4, "percent_covered": 100.0, "percent_covered_display": "100", "missing_lines": 0, "excluded_lines": 0, "percent_statements_covered": 100.0, "percent_statements_covered_display": "100"}, "missing_lines": [], "excluded_lines": [], "start_line": 210}, "V2Engine.kvs_get_staging": {"executed_lines": [220, 221], "summary": {"covered_lines": 2, "num_statements": 2, "percent_covered": 100.0, "percent_covered_display": "100", "missing_lines": 0, "excluded_lines": 0, "percent_statements_covered": 100.0, "percent_statements_covered_display": "100"}, "missing_lines": [], "excluded_lines": [], "start_line": 218}, "V2Engine._check_auto_flush": {"executed_lines": [225, 226, 227, 228, 229, 230, 231], "summary": {"covered_lines": 7, "num_statements": 7, "percent_covered": 100.0, "percent_covered_display": "100", "missing_lines": 0, "excluded_lines": 0, "percent_statements_covered": 100.0, "percent_statements_covered_display": "100"}, "missing_lines": [], "excluded_lines": [], "start_line": 223}, "V2Engine.enqueue_strict_task": {"executed_lines": [248, 257, 264], "summary": {"covered_lines": 3, "num_statements": 3, "percent_covered": 100.0, "percent_covered_display": "100", "missing_lines": 0, "excluded_lines": 0, "percent_statements_covered": 100.0, "percent_statements_covered_display": "100"}, "missing_lines": [], "excluded_lines": [], "start_line": 235}, "V2Engine.flush": {"executed_lines": [270, 274, 275, 281, 282, 283, 285, 286, 287], "summary": {"covered_lines": 9, "num_statements": 11, "percent_covered": 81.81818181818181, "percent_covered_display": "82", "missing_lines": 2, "excluded_lines": 0, "percent_statements_covered": 81.81818181818181, "percent_statements_covered_display": "82"}, "missing_lines": [271, 291], "excluded_lines": [], "start_line": 268}, "V2Engine._run_flush": {"executed_lines": [297, 298], "summary": {"covered_lines": 2, "num_statements": 2, "percent_covered": 100.0, "percent_covered_display": "100", "missing_lines": 0, "excluded_lines": 0, "percent_statements_covered": 100.0, "percent_statements_covered_display": "100"}, "missing_lines": [], "excluded_lines": [], "start_line": 293}, "V2Engine._perform_flush": {"executed_lines": [306, 309, 310, 311, 312, 315, 316, 317, 319, 320, 321, 323, 324, 333, 335, 336, 337, 338, 339, 340, 341], "summary": {"covered_lines": 21, "num_statements": 24, "percent_covered": 87.5, "percent_covered_display": "88", "missing_lines": 3, "excluded_lines": 0, "percent_statements_covered": 87.5, "percent_statements_covered_display": "88"}, "missing_lines": [325, 327, 330], "excluded_lines": [], "start_line": 300}, "V2Engine._process_kvs_chunk": {"executed_lines": [345, 347, 348, 349, 350, 351, 352, 353, 355, 356, 357, 358, 359, 361, 362, 363, 364, 365, 366, 367, 368, 369, 373, 374, 378, 380, 381, 382, 384, 389, 390], "summary": {"covered_lines": 31, "num_statements": 34, "percent_covered": 91.17647058823529, "percent_covered_display": "91", "missing_lines": 3, "excluded_lines": 0, "percent_statements_covered": 91.17647058823529, "percent_statements_covered_display": "91"}, "missing_lines": [385, 386, 387], "excluded_lines": [], "start_line": 343}, "V2Engine._process_all_strict_tasks": {"executed_lines": [394, 395, 396, 397, 401, 402, 403, 404, 406, 407, 408, 409, 410, 411, 413, 414, 415, 417, 421, 423, 424, 425, 429, 430, 431, 432, 433, 436, 448, 449], "summary": {"covered_lines": 30, "num_statements": 45, "percent_covered": 66.66666666666667, "percent_covered_display": "67", "missing_lines": 15, "excluded_lines": 0, "percent_statements_covered": 66.66666666666667, "percent_statements_covered_display": "67"}, "missing_lines": [398, 399, 418, 419, 426, 427, 434, 435, 438, 440, 441, 442, 443, 444, 445], "excluded_lines": [], "start_line": 392}, "V2Engine._recover_chunk_via_dlq": {"executed_lines": [], "summary": {"covered_lines": 0, "num_statements": 22, "percent_covered": 0.0, "percent_covered_display": "0", "missing_lines": 22, "excluded_lines": 0, "percent_statements_covered": 0.0, "percent_statements_covered_display": "0"}, "missing_lines": [456, 457, 458, 459, 460, 462, 463, 464, 465, 466, 467, 470, 471, 473, 474, 475, 477, 478, 479, 480, 482, 483], "excluded_lines": [], "start_line": 451}, "V2Engine.get_dlq": {"executed_lines": [498, 499], "summary": {"covered_lines": 2, "num_statements": 2, "percent_covered": 100.0, "percent_covered_display": "100", "missing_lines": 0, "excluded_lines": 0, "percent_statements_covered": 100.0, "percent_statements_covered_display": "100"}, "missing_lines": [], "excluded_lines": [], "start_line": 485}, "V2Engine.retry_dlq": {"executed_lines": [507, 508, 509, 511, 524], "summary": {"covered_lines": 5, "num_statements": 14, "percent_covered": 35.714285714285715, "percent_covered_display": "36", "missing_lines": 9, "excluded_lines": 0, "percent_statements_covered": 35.714285714285715, "percent_statements_covered_display": "36"}, "missing_lines": [512, 513, 514, 515, 517, 518, 519, 520, 522], "excluded_lines": [], "start_line": 501}, "V2Engine.clear_dlq": {"executed_lines": [528, 529], "summary": {"covered_lines": 2, "num_statements": 2, "percent_covered": 100.0, "percent_covered_display": "100", "missing_lines": 0, "excluded_lines": 0, "percent_statements_covered": 100.0, "percent_statements_covered_display": "100"}, "missing_lines": [], "excluded_lines": [], "start_line": 526}, "V2Engine.get_metrics": {"executed_lines": [533, 535, 536, 538, 539, 540, 541], "summary": {"covered_lines": 7, "num_statements": 8, "percent_covered": 87.5, "percent_covered_display": "88", "missing_lines": 1, "excluded_lines": 0, "percent_statements_covered": 87.5, "percent_statements_covered_display": "88"}, "missing_lines": [534], "excluded_lines": [], "start_line": 531}, "V2Engine.shutdown": {"executed_lines": [546, 547, 548, 549, 552, 553, 563, 564, 570, 571, 576], "summary": {"covered_lines": 11, "num_statements": 27, "percent_covered": 40.74074074074074, "percent_covered_display": "41", "missing_lines": 16, "excluded_lines": 2, "percent_statements_covered": 40.74074074074074, "percent_statements_covered_display": "41"}, "missing_lines": [565, 566, 572, 573, 577, 579, 580, 581, 582, 583, 584, 585, 586, 588, 592, 593], "excluded_lines": [557, 558], "start_line": 543}, "": {"executed_lines": [17, 19, 20, 21, 22, 23, 24, 25, 26, 27, 28, 30, 32, 35, 36, 39, 40, 43, 44, 45, 46, 47, 49, 50, 53, 54, 77, 78, 79, 82, 88, 162, 180, 198, 210, 218, 223, 235, 268, 293, 300, 343, 392, 451, 485, 501, 526, 531, 543], "summary": {"covered_lines": 49, "num_statements": 49, "percent_covered": 100.0, "percent_covered_display": "100", "missing_lines": 0, "excluded_lines": 0, "percent_statements_covered": 100.0, "percent_statements_covered_display": "100"}, "missing_lines": [], "excluded_lines": [], "start_line": 1}}, "classes": {"StrictTask": {"executed_lines": [], "summary": {"covered_lines": 0, "num_statements": 0, "percent_covered": 100.0, "percent_covered_display": "100", "missing_lines": 0, "excluded_lines": 0, "percent_statements_covered": 100.0, "percent_statements_covered_display": "100"}, "missing_lines": [], "excluded_lines": [], "start_line": 40}, "DLQEntry": {"executed_lines": [], "summary": {"covered_lines": 0, "num_statements": 0, "percent_covered": 100.0, "percent_covered_display": "100", "missing_lines": 0, "excluded_lines": 0, "percent_statements_covered": 100.0, "percent_statements_covered_display": "100"}, "missing_lines": [], "excluded_lines": [], "start_line": 54}, "V2Engine": {"executed_lines": [100, 101, 104, 105, 108, 110, 111, 112, 113, 117, 118, 119, 122, 123, 128, 129, 132, 133, 134, 135, 138, 139, 140, 153, 156, 157, 160, 165, 166, 169, 170, 171, 172, 173, 175, 177, 178, 189, 190, 191, 194, 202, 204, 205, 206, 208, 212, 213, 214, 216, 220, 221, 225, 226, 227, 228, 229, 230, 231, 248, 257, 264, 270, 274, 275, 281, 282, 283, 285, 286, 287, 297, 298, 306, 309, 310, 311, 312, 315, 316, 317, 319, 320, 321, 323, 324, 333, 335, 336, 337, 338, 339, 340, 341, 345, 347, 348, 349, 350, 351, 352, 353, 355, 356, 357, 358, 359, 361, 362, 363, 364, 365, 366, 367, 368, 369, 373, 374, 378, 380, 381, 382, 384, 389, 390, 394, 395, 396, 397, 401, 402, 403, 404, 406, 407, 408, 409, 410, 411, 413, 414, 415, 417, 421, 423, 424, 425, 429, 430, 431, 432, 433, 436, 448, 449, 498, 499, 507, 508, 509, 511, 524, 528, 529, 533, 535, 536, 538, 539, 540, 541, 546, 547, 548, 549, 552, 553, 563, 564, 570, 571, 576], "summary": {"covered_lines": 182, "num_statements": 256, "percent_covered": 71.09375, "percent_covered_display": "71", "missing_lines": 74, "excluded_lines": 2, "percent_statements_covered": 71.09375, "percent_statements_covered_display": "71"}, "missing_lines": [109, 192, 193, 271, 291, 325, 327, 330, 385, 386, 387, 398, 399, 418, 419, 426, 427, 434, 435, 438, 440, 441, 442, 443, 444, 445, 456, 457, 458, 459, 460, 462, 463, 464, 465, 466, 467, 470, 471, 473, 474, 475, 477, 478, 479, 480, 482, 483, 512, 513, 514, 515, 517, 518, 519, 520, 522, 534, 565, 566, 572, 573, 577, 579, 580, 581, 582, 583, 584, 585, 586, 588, 592, 593], "excluded_lines": [557, 558], "start_line": 82}, "": {"executed_lines": [17, 19, 20, 21, 22, 23, 24, 25, 26, 27, 28, 30, 32, 35, 36, 39, 40, 43, 44, 45, 46, 47, 49, 50, 53, 54, 77, 78, 79, 82, 88, 162, 180, 198, 210, 218, 223, 235, 268, 293, 300, 343, 392, 451, 485, 501, 526, 531, 543], "summary": {"covered_lines": 49, "num_statements": 49, "percent_covered": 100.0, "percent_covered_display": "100", "missing_lines": 0, "excluded_lines": 0, "percent_statements_covered": 100.0, "percent_statements_covered_display": "100"}, "missing_lines": [], "excluded_lines": [], "start_line": 1}}}}, "totals": {"covered_lines": 2752, "num_statements": 3192, "percent_covered": 86.2155388471178, "percent_covered_display": "86", "missing_lines": 440, "excluded_lines": 9, "percent_statements_covered": 86.2155388471178, "percent_statements_covered_display": "86"}}